   1              	 .cpu cortex-m0
   2              	 .fpu softvfp
   3              	 .eabi_attribute 20,1
   4              	 .eabi_attribute 21,1
   5              	 .eabi_attribute 23,3
   6              	 .eabi_attribute 24,1
   7              	 .eabi_attribute 25,1
   8              	 .eabi_attribute 26,1
   9              	 .eabi_attribute 30,2
  10              	 .eabi_attribute 34,0
  11              	 .eabi_attribute 18,4
  12              	 .code 16
  13              	 .file "lib_ascii.c"
  14              	 .text
  15              	.Ltext0:
  16              	 .cfi_sections .debug_frame
  17              	 .section .text.ASCII_IsAlpha,"ax",%progbits
  18              	 .align 2
  19              	 .global ASCII_IsAlpha
  20              	 .code 16
  21              	 .thumb_func
  23              	ASCII_IsAlpha:
  24              	.LFB0:
  25              	 .file 1 "../Dave/Generated/UCPROBE/lib_ascii.c"
   1:../Dave/Generated/UCPROBE/lib_ascii.c **** /*
   2:../Dave/Generated/UCPROBE/lib_ascii.c **** ***************************************************************************************************
   3:../Dave/Generated/UCPROBE/lib_ascii.c **** *                                                uC/LIB
   4:../Dave/Generated/UCPROBE/lib_ascii.c **** *                                        CUSTOM LIBRARY MODULES
   5:../Dave/Generated/UCPROBE/lib_ascii.c **** *
   6:../Dave/Generated/UCPROBE/lib_ascii.c **** *                         (c) Copyright 2004-2014; Micrium, Inc.; Weston, FL
   7:../Dave/Generated/UCPROBE/lib_ascii.c **** *
   8:../Dave/Generated/UCPROBE/lib_ascii.c **** *                  All rights reserved.  Protected by international copyright laws.
   9:../Dave/Generated/UCPROBE/lib_ascii.c **** *
  10:../Dave/Generated/UCPROBE/lib_ascii.c **** *                  uC/LIB is provided in source form to registered licensees ONLY.  It is
  11:../Dave/Generated/UCPROBE/lib_ascii.c **** *                  illegal to distribute this source code to any third party unless you receive
  12:../Dave/Generated/UCPROBE/lib_ascii.c **** *                  written permission by an authorized Micrium representative.  Knowledge of
  13:../Dave/Generated/UCPROBE/lib_ascii.c **** *                  the source code may NOT be used to develop a similar product.
  14:../Dave/Generated/UCPROBE/lib_ascii.c **** *
  15:../Dave/Generated/UCPROBE/lib_ascii.c **** *                  Please help us continue to provide the Embedded community with the finest
  16:../Dave/Generated/UCPROBE/lib_ascii.c **** *                  software available.  Your honesty is greatly appreciated.
  17:../Dave/Generated/UCPROBE/lib_ascii.c **** *
  18:../Dave/Generated/UCPROBE/lib_ascii.c **** *                  You can find our product's user manual, API reference, release notes and
  19:../Dave/Generated/UCPROBE/lib_ascii.c **** *                  more information at: https://doc.micrium.com
  20:../Dave/Generated/UCPROBE/lib_ascii.c **** *
  21:../Dave/Generated/UCPROBE/lib_ascii.c **** *                  You can contact us at: http://www.micrium.com
  22:../Dave/Generated/UCPROBE/lib_ascii.c **** ***************************************************************************************************
  23:../Dave/Generated/UCPROBE/lib_ascii.c **** */
  24:../Dave/Generated/UCPROBE/lib_ascii.c **** 
  25:../Dave/Generated/UCPROBE/lib_ascii.c **** /*
  26:../Dave/Generated/UCPROBE/lib_ascii.c **** ***************************************************************************************************
  27:../Dave/Generated/UCPROBE/lib_ascii.c **** *
  28:../Dave/Generated/UCPROBE/lib_ascii.c **** *                                     ASCII CHARACTER OPERATIONS
  29:../Dave/Generated/UCPROBE/lib_ascii.c **** *
  30:../Dave/Generated/UCPROBE/lib_ascii.c **** * Filename      : lib_ascii.c
  31:../Dave/Generated/UCPROBE/lib_ascii.c **** * Version       : V1.38.01
  32:../Dave/Generated/UCPROBE/lib_ascii.c **** * Programmer(s) : BAN
  33:../Dave/Generated/UCPROBE/lib_ascii.c **** *                 ITJ
  34:../Dave/Generated/UCPROBE/lib_ascii.c **** ***************************************************************************************************
  35:../Dave/Generated/UCPROBE/lib_ascii.c **** * Note(s)       : (1) NO compiler-supplied standard library functions are used in library or produc
  36:../Dave/Generated/UCPROBE/lib_ascii.c **** *
  37:../Dave/Generated/UCPROBE/lib_ascii.c **** *                     (a) ALL standard library functions are implemented in the custom library modu
  38:../Dave/Generated/UCPROBE/lib_ascii.c **** *
  39:../Dave/Generated/UCPROBE/lib_ascii.c **** *                         (1) \<Custom Library Directory>\lib_*.*
  40:../Dave/Generated/UCPROBE/lib_ascii.c **** *
  41:../Dave/Generated/UCPROBE/lib_ascii.c **** *                         (2) \<Custom Library Directory>\Ports\<cpu>\<compiler>\lib*_a.*
  42:../Dave/Generated/UCPROBE/lib_ascii.c **** *
  43:../Dave/Generated/UCPROBE/lib_ascii.c **** *                               where
  44:../Dave/Generated/UCPROBE/lib_ascii.c **** *                                       <Custom Library Directory>      directory path for custom l
  45:../Dave/Generated/UCPROBE/lib_ascii.c **** *                                       <cpu>                           directory name for specific
  46:../Dave/Generated/UCPROBE/lib_ascii.c **** *                                       <compiler>                      directory name for specific
  47:../Dave/Generated/UCPROBE/lib_ascii.c **** *
  48:../Dave/Generated/UCPROBE/lib_ascii.c **** *                     (b) Product-specific library functions are implemented in individual products
  49:../Dave/Generated/UCPROBE/lib_ascii.c **** *
  50:../Dave/Generated/UCPROBE/lib_ascii.c **** *
  51:../Dave/Generated/UCPROBE/lib_ascii.c **** *                 (2) (a) ECMA-6 '7-Bit coded Character Set' (6th edition), which corresponds to th
  52:../Dave/Generated/UCPROBE/lib_ascii.c **** *                         3rd edition of ISO 646, specifies several versions of a 7-bit character s
  53:../Dave/Generated/UCPROBE/lib_ascii.c **** *
  54:../Dave/Generated/UCPROBE/lib_ascii.c **** *                         (1) THE GENERAL VERSION, which allows characters at 0x23 and 0x24 to be g
  55:../Dave/Generated/UCPROBE/lib_ascii.c **** *                             set alternate form and allows the characters 0x40, 0x5B, 0x5D, 0x60, 
  56:../Dave/Generated/UCPROBE/lib_ascii.c **** *                             0x7D to be assigned a "unique graphic character" or to be declared as
  57:../Dave/Generated/UCPROBE/lib_ascii.c **** *                             All other characters are explicitly specified.
  58:../Dave/Generated/UCPROBE/lib_ascii.c **** *
  59:../Dave/Generated/UCPROBE/lib_ascii.c **** *                         (2) THE INTERNATIONAL REFERENCE VERSION, which explicitly specifies all c
  60:../Dave/Generated/UCPROBE/lib_ascii.c **** *                             in the 7-bit character set.
  61:../Dave/Generated/UCPROBE/lib_ascii.c **** *
  62:../Dave/Generated/UCPROBE/lib_ascii.c **** *                         (3) NATIONAL & APPLICATION-ORIENTED VERSIONS, which may be derived from t
  63:../Dave/Generated/UCPROBE/lib_ascii.c **** *                             standard in specified ways.
  64:../Dave/Generated/UCPROBE/lib_ascii.c **** *
  65:../Dave/Generated/UCPROBE/lib_ascii.c **** *                     (b) The character set represented in this file reproduces the Internation Ref
  66:../Dave/Generated/UCPROBE/lib_ascii.c **** *                         Version.  This is identical to the 7-bit character set which occupies Uni
  67:../Dave/Generated/UCPROBE/lib_ascii.c **** *                         characters 0x0000 through 0x007F.  The character names are taken from v5.
  68:../Dave/Generated/UCPROBE/lib_ascii.c **** *                         Unicode specification, with certain abbreviations so that the resulting #
  69:../Dave/Generated/UCPROBE/lib_ascii.c **** *                         names will not violate ANSI C naming restriction :
  70:../Dave/Generated/UCPROBE/lib_ascii.c **** *
  71:../Dave/Generated/UCPROBE/lib_ascii.c **** *                         (1) For the Latin capital & lowercase letters, the name components 'LETTE
  72:../Dave/Generated/UCPROBE/lib_ascii.c **** *                             & 'LETTER_SMALL' are replaced by 'UPPER' & 'LOWER', respectively.
  73:../Dave/Generated/UCPROBE/lib_ascii.c **** ***************************************************************************************************
  74:../Dave/Generated/UCPROBE/lib_ascii.c **** */
  75:../Dave/Generated/UCPROBE/lib_ascii.c **** 
  76:../Dave/Generated/UCPROBE/lib_ascii.c **** 
  77:../Dave/Generated/UCPROBE/lib_ascii.c **** /*
  78:../Dave/Generated/UCPROBE/lib_ascii.c **** ***************************************************************************************************
  79:../Dave/Generated/UCPROBE/lib_ascii.c **** *                                            INCLUDE FILES
  80:../Dave/Generated/UCPROBE/lib_ascii.c **** ***************************************************************************************************
  81:../Dave/Generated/UCPROBE/lib_ascii.c **** */
  82:../Dave/Generated/UCPROBE/lib_ascii.c **** 
  83:../Dave/Generated/UCPROBE/lib_ascii.c **** #define    MICRIUM_SOURCE
  84:../Dave/Generated/UCPROBE/lib_ascii.c **** #define    LIB_ASCII_MODULE
  85:../Dave/Generated/UCPROBE/lib_ascii.c **** #include  "lib_ascii.h"
  86:../Dave/Generated/UCPROBE/lib_ascii.c **** 
  87:../Dave/Generated/UCPROBE/lib_ascii.c **** 
  88:../Dave/Generated/UCPROBE/lib_ascii.c **** /*
  89:../Dave/Generated/UCPROBE/lib_ascii.c **** ***************************************************************************************************
  90:../Dave/Generated/UCPROBE/lib_ascii.c **** *                                            LOCAL DEFINES
  91:../Dave/Generated/UCPROBE/lib_ascii.c **** ***************************************************************************************************
  92:../Dave/Generated/UCPROBE/lib_ascii.c **** */
  93:../Dave/Generated/UCPROBE/lib_ascii.c **** 
  94:../Dave/Generated/UCPROBE/lib_ascii.c **** 
  95:../Dave/Generated/UCPROBE/lib_ascii.c **** /*
  96:../Dave/Generated/UCPROBE/lib_ascii.c **** ***************************************************************************************************
  97:../Dave/Generated/UCPROBE/lib_ascii.c **** *                                           LOCAL CONSTANTS
  98:../Dave/Generated/UCPROBE/lib_ascii.c **** ***************************************************************************************************
  99:../Dave/Generated/UCPROBE/lib_ascii.c **** */
 100:../Dave/Generated/UCPROBE/lib_ascii.c **** 
 101:../Dave/Generated/UCPROBE/lib_ascii.c **** 
 102:../Dave/Generated/UCPROBE/lib_ascii.c **** /*
 103:../Dave/Generated/UCPROBE/lib_ascii.c **** ***************************************************************************************************
 104:../Dave/Generated/UCPROBE/lib_ascii.c **** *                                          LOCAL DATA TYPES
 105:../Dave/Generated/UCPROBE/lib_ascii.c **** ***************************************************************************************************
 106:../Dave/Generated/UCPROBE/lib_ascii.c **** */
 107:../Dave/Generated/UCPROBE/lib_ascii.c **** 
 108:../Dave/Generated/UCPROBE/lib_ascii.c **** 
 109:../Dave/Generated/UCPROBE/lib_ascii.c **** /*
 110:../Dave/Generated/UCPROBE/lib_ascii.c **** ***************************************************************************************************
 111:../Dave/Generated/UCPROBE/lib_ascii.c **** *                                            LOCAL TABLES
 112:../Dave/Generated/UCPROBE/lib_ascii.c **** ***************************************************************************************************
 113:../Dave/Generated/UCPROBE/lib_ascii.c **** */
 114:../Dave/Generated/UCPROBE/lib_ascii.c **** 
 115:../Dave/Generated/UCPROBE/lib_ascii.c **** 
 116:../Dave/Generated/UCPROBE/lib_ascii.c **** /*
 117:../Dave/Generated/UCPROBE/lib_ascii.c **** ***************************************************************************************************
 118:../Dave/Generated/UCPROBE/lib_ascii.c **** *                                       LOCAL GLOBAL VARIABLES
 119:../Dave/Generated/UCPROBE/lib_ascii.c **** ***************************************************************************************************
 120:../Dave/Generated/UCPROBE/lib_ascii.c **** */
 121:../Dave/Generated/UCPROBE/lib_ascii.c **** 
 122:../Dave/Generated/UCPROBE/lib_ascii.c **** 
 123:../Dave/Generated/UCPROBE/lib_ascii.c **** /*
 124:../Dave/Generated/UCPROBE/lib_ascii.c **** ***************************************************************************************************
 125:../Dave/Generated/UCPROBE/lib_ascii.c **** *                                      LOCAL FUNCTION PROTOTYPES
 126:../Dave/Generated/UCPROBE/lib_ascii.c **** ***************************************************************************************************
 127:../Dave/Generated/UCPROBE/lib_ascii.c **** */
 128:../Dave/Generated/UCPROBE/lib_ascii.c **** 
 129:../Dave/Generated/UCPROBE/lib_ascii.c **** 
 130:../Dave/Generated/UCPROBE/lib_ascii.c **** /*
 131:../Dave/Generated/UCPROBE/lib_ascii.c **** ***************************************************************************************************
 132:../Dave/Generated/UCPROBE/lib_ascii.c **** *                                     LOCAL CONFIGURATION ERRORS
 133:../Dave/Generated/UCPROBE/lib_ascii.c **** ***************************************************************************************************
 134:../Dave/Generated/UCPROBE/lib_ascii.c **** */
 135:../Dave/Generated/UCPROBE/lib_ascii.c **** 
 136:../Dave/Generated/UCPROBE/lib_ascii.c **** 
 137:../Dave/Generated/UCPROBE/lib_ascii.c **** /*
 138:../Dave/Generated/UCPROBE/lib_ascii.c **** ***************************************************************************************************
 139:../Dave/Generated/UCPROBE/lib_ascii.c **** *                                           ASCII_IsAlpha()
 140:../Dave/Generated/UCPROBE/lib_ascii.c **** *
 141:../Dave/Generated/UCPROBE/lib_ascii.c **** * Description : Determine whether a character is an alphabetic character.
 142:../Dave/Generated/UCPROBE/lib_ascii.c **** *
 143:../Dave/Generated/UCPROBE/lib_ascii.c **** * Argument(s) : c           Character to examine.
 144:../Dave/Generated/UCPROBE/lib_ascii.c **** *
 145:../Dave/Generated/UCPROBE/lib_ascii.c **** * Return(s)   : DEF_YES, if character is     an alphabetic character.
 146:../Dave/Generated/UCPROBE/lib_ascii.c **** *
 147:../Dave/Generated/UCPROBE/lib_ascii.c **** *               DEF_NO,     if character is NOT an alphabetic character.
 148:../Dave/Generated/UCPROBE/lib_ascii.c **** *
 149:../Dave/Generated/UCPROBE/lib_ascii.c **** * Caller(s)   : Application.
 150:../Dave/Generated/UCPROBE/lib_ascii.c **** *
 151:../Dave/Generated/UCPROBE/lib_ascii.c **** * Note(s)     : (1) ISO/IEC 9899:TC2, Section 7.4.1.2.(2) states that "isalpha() returns true only 
 152:../Dave/Generated/UCPROBE/lib_ascii.c **** *                   characters for which isupper() or islower() is true".
 153:../Dave/Generated/UCPROBE/lib_ascii.c **** ***************************************************************************************************
 154:../Dave/Generated/UCPROBE/lib_ascii.c **** */
 155:../Dave/Generated/UCPROBE/lib_ascii.c **** 
 156:../Dave/Generated/UCPROBE/lib_ascii.c **** CPU_BOOLEAN  ASCII_IsAlpha (CPU_CHAR  c)
 157:../Dave/Generated/UCPROBE/lib_ascii.c **** {
  26              	 .loc 1 157 0
  27              	 .cfi_startproc
  28              	.LVL0:
 158:../Dave/Generated/UCPROBE/lib_ascii.c ****     CPU_BOOLEAN  alpha;
 159:../Dave/Generated/UCPROBE/lib_ascii.c **** 
 160:../Dave/Generated/UCPROBE/lib_ascii.c **** 
 161:../Dave/Generated/UCPROBE/lib_ascii.c ****     alpha = ASCII_IS_ALPHA(c);
  29              	 .loc 1 161 0
  30 0000 2023     	 mov r3,#32
  31 0002 9843     	 bic r0,r3
  32              	.LVL1:
  33 0004 031C     	 mov r3,r0
  34 0006 1922     	 mov r2,#25
  35 0008 0020     	 mov r0,#0
  36 000a 413B     	 sub r3,r3,#65
  37 000c DBB2     	 uxtb r3,r3
  38 000e 9A42     	 cmp r2,r3
  39 0010 4041     	 adc r0,r0,r0
 162:../Dave/Generated/UCPROBE/lib_ascii.c **** 
 163:../Dave/Generated/UCPROBE/lib_ascii.c ****     return (alpha);
 164:../Dave/Generated/UCPROBE/lib_ascii.c **** }
  40              	 .loc 1 164 0
  41              	 
 163:../Dave/Generated/UCPROBE/lib_ascii.c **** }
  42              	 .loc 1 163 0
  43 0012 C0B2     	 uxtb r0,r0
  44              	 .loc 1 164 0
  45 0014 7047     	 bx lr
  46              	 .cfi_endproc
  47              	.LFE0:
  49 0016 C046     	 .section .text.ASCII_IsAlphaNum,"ax",%progbits
  50              	 .align 2
  51              	 .global ASCII_IsAlphaNum
  52              	 .code 16
  53              	 .thumb_func
  55              	ASCII_IsAlphaNum:
  56              	.LFB1:
 165:../Dave/Generated/UCPROBE/lib_ascii.c **** 
 166:../Dave/Generated/UCPROBE/lib_ascii.c **** 
 167:../Dave/Generated/UCPROBE/lib_ascii.c **** /*
 168:../Dave/Generated/UCPROBE/lib_ascii.c **** ***************************************************************************************************
 169:../Dave/Generated/UCPROBE/lib_ascii.c **** *                                         ASCII_IsAlphaNum()
 170:../Dave/Generated/UCPROBE/lib_ascii.c **** *
 171:../Dave/Generated/UCPROBE/lib_ascii.c **** * Description : Determine whether a character is an alphanumeric character.
 172:../Dave/Generated/UCPROBE/lib_ascii.c **** *
 173:../Dave/Generated/UCPROBE/lib_ascii.c **** * Argument(s) : c           Character to examine.
 174:../Dave/Generated/UCPROBE/lib_ascii.c **** *
 175:../Dave/Generated/UCPROBE/lib_ascii.c **** * Return(s)   : DEF_YES, if character is     an alphanumeric character.
 176:../Dave/Generated/UCPROBE/lib_ascii.c **** *
 177:../Dave/Generated/UCPROBE/lib_ascii.c **** *               DEF_NO,     if character is NOT an alphanumeric character.
 178:../Dave/Generated/UCPROBE/lib_ascii.c **** *
 179:../Dave/Generated/UCPROBE/lib_ascii.c **** * Caller(s)   : Application.
 180:../Dave/Generated/UCPROBE/lib_ascii.c **** *
 181:../Dave/Generated/UCPROBE/lib_ascii.c **** * Note(s)     : (1) ISO/IEC 9899:TC2, Section 7.4.1.1.(2) states that "isalnum() ... tests for any 
 182:../Dave/Generated/UCPROBE/lib_ascii.c **** *                   for which isalpha() or isdigit() is true".
 183:../Dave/Generated/UCPROBE/lib_ascii.c **** ***************************************************************************************************
 184:../Dave/Generated/UCPROBE/lib_ascii.c **** */
 185:../Dave/Generated/UCPROBE/lib_ascii.c **** 
 186:../Dave/Generated/UCPROBE/lib_ascii.c **** CPU_BOOLEAN  ASCII_IsAlphaNum (CPU_CHAR  c)
 187:../Dave/Generated/UCPROBE/lib_ascii.c **** {
  57              	 .loc 1 187 0
  58              	 .cfi_startproc
  59              	.LVL2:
 188:../Dave/Generated/UCPROBE/lib_ascii.c ****     CPU_BOOLEAN  alpha_num;
 189:../Dave/Generated/UCPROBE/lib_ascii.c **** 
 190:../Dave/Generated/UCPROBE/lib_ascii.c **** 
 191:../Dave/Generated/UCPROBE/lib_ascii.c ****     alpha_num = ASCII_IS_ALPHA_NUM(c);
  60              	 .loc 1 191 0
  61 0000 2023     	 mov r3,#32
  62 0002 021C     	 mov r2,r0
  63 0004 9A43     	 bic r2,r3
  64 0006 413A     	 sub r2,r2,#65
  65 0008 1F3B     	 sub r3,r3,#31
  66 000a 192A     	 cmp r2,#25
  67 000c 06D9     	 bls .L3
  68              	 .loc 1 191 0 is_stmt 0 discriminator 4
  69 000e 0023     	 mov r3,#0
  70 0010 0922     	 mov r2,#9
  71 0012 3038     	 sub r0,r0,#48
  72              	.LVL3:
  73 0014 C0B2     	 uxtb r0,r0
  74 0016 8242     	 cmp r2,r0
  75 0018 5B41     	 adc r3,r3,r3
  76 001a DBB2     	 uxtb r3,r3
  77              	.L3:
  78              	.LVL4:
 192:../Dave/Generated/UCPROBE/lib_ascii.c **** 
 193:../Dave/Generated/UCPROBE/lib_ascii.c ****     return (alpha_num);
 194:../Dave/Generated/UCPROBE/lib_ascii.c **** }
  79              	 .loc 1 194 0 is_stmt 1 discriminator 8
  80 001c 181C     	 mov r0,r3
  81              	 
  82 001e 7047     	 bx lr
  83              	 .cfi_endproc
  84              	.LFE1:
  86              	 .section .text.ASCII_IsLower,"ax",%progbits
  87              	 .align 2
  88              	 .global ASCII_IsLower
  89              	 .code 16
  90              	 .thumb_func
  92              	ASCII_IsLower:
  93              	.LFB2:
 195:../Dave/Generated/UCPROBE/lib_ascii.c **** 
 196:../Dave/Generated/UCPROBE/lib_ascii.c **** 
 197:../Dave/Generated/UCPROBE/lib_ascii.c **** /*
 198:../Dave/Generated/UCPROBE/lib_ascii.c **** ***************************************************************************************************
 199:../Dave/Generated/UCPROBE/lib_ascii.c **** *                                           ASCII_IsLower()
 200:../Dave/Generated/UCPROBE/lib_ascii.c **** *
 201:../Dave/Generated/UCPROBE/lib_ascii.c **** * Description : Determine whether a character is a lowercase alphabetic character.
 202:../Dave/Generated/UCPROBE/lib_ascii.c **** *
 203:../Dave/Generated/UCPROBE/lib_ascii.c **** * Argument(s) : c           Character to examine.
 204:../Dave/Generated/UCPROBE/lib_ascii.c **** *
 205:../Dave/Generated/UCPROBE/lib_ascii.c **** * Return(s)   : DEF_YES, if character is     a lowercase alphabetic character.
 206:../Dave/Generated/UCPROBE/lib_ascii.c **** *
 207:../Dave/Generated/UCPROBE/lib_ascii.c **** *               DEF_NO,     if character is NOT a lowercase alphabetic character.
 208:../Dave/Generated/UCPROBE/lib_ascii.c **** *
 209:../Dave/Generated/UCPROBE/lib_ascii.c **** * Caller(s)   : Application.
 210:../Dave/Generated/UCPROBE/lib_ascii.c **** *
 211:../Dave/Generated/UCPROBE/lib_ascii.c **** * Note(s)     : (1) ISO/IEC 9899:TC2, Section 7.4.1.7.(2)  states that "islower() returns true only
 212:../Dave/Generated/UCPROBE/lib_ascii.c **** *                   the lowercase letters".
 213:../Dave/Generated/UCPROBE/lib_ascii.c **** ***************************************************************************************************
 214:../Dave/Generated/UCPROBE/lib_ascii.c **** */
 215:../Dave/Generated/UCPROBE/lib_ascii.c **** 
 216:../Dave/Generated/UCPROBE/lib_ascii.c **** CPU_BOOLEAN  ASCII_IsLower (CPU_CHAR  c)
 217:../Dave/Generated/UCPROBE/lib_ascii.c **** {
  94              	 .loc 1 217 0
  95              	 .cfi_startproc
  96              	.LVL5:
 218:../Dave/Generated/UCPROBE/lib_ascii.c ****     CPU_BOOLEAN  lower;
 219:../Dave/Generated/UCPROBE/lib_ascii.c **** 
 220:../Dave/Generated/UCPROBE/lib_ascii.c **** 
 221:../Dave/Generated/UCPROBE/lib_ascii.c ****     lower = ASCII_IS_LOWER(c);
  97              	 .loc 1 221 0
  98 0000 031C     	 mov r3,r0
  99 0002 1922     	 mov r2,#25
 100 0004 0020     	 mov r0,#0
 101              	.LVL6:
 102 0006 613B     	 sub r3,r3,#97
 103 0008 DBB2     	 uxtb r3,r3
 104 000a 9A42     	 cmp r2,r3
 105 000c 4041     	 adc r0,r0,r0
 222:../Dave/Generated/UCPROBE/lib_ascii.c **** 
 223:../Dave/Generated/UCPROBE/lib_ascii.c ****     return (lower);
 224:../Dave/Generated/UCPROBE/lib_ascii.c **** }
 106              	 .loc 1 224 0
 107              	 
 223:../Dave/Generated/UCPROBE/lib_ascii.c **** }
 108              	 .loc 1 223 0
 109 000e C0B2     	 uxtb r0,r0
 110              	 .loc 1 224 0
 111 0010 7047     	 bx lr
 112              	 .cfi_endproc
 113              	.LFE2:
 115 0012 C046     	 .section .text.ASCII_IsUpper,"ax",%progbits
 116              	 .align 2
 117              	 .global ASCII_IsUpper
 118              	 .code 16
 119              	 .thumb_func
 121              	ASCII_IsUpper:
 122              	.LFB3:
 225:../Dave/Generated/UCPROBE/lib_ascii.c **** 
 226:../Dave/Generated/UCPROBE/lib_ascii.c **** 
 227:../Dave/Generated/UCPROBE/lib_ascii.c **** /*
 228:../Dave/Generated/UCPROBE/lib_ascii.c **** ***************************************************************************************************
 229:../Dave/Generated/UCPROBE/lib_ascii.c **** *                                           ASCII_IsUpper()
 230:../Dave/Generated/UCPROBE/lib_ascii.c **** *
 231:../Dave/Generated/UCPROBE/lib_ascii.c **** * Description : Determine whether a character is an uppercase alphabetic character.
 232:../Dave/Generated/UCPROBE/lib_ascii.c **** *
 233:../Dave/Generated/UCPROBE/lib_ascii.c **** * Argument(s) : c           Character to examine.
 234:../Dave/Generated/UCPROBE/lib_ascii.c **** *
 235:../Dave/Generated/UCPROBE/lib_ascii.c **** * Return(s)   : DEF_YES, if character is     an uppercase alphabetic character.
 236:../Dave/Generated/UCPROBE/lib_ascii.c **** *
 237:../Dave/Generated/UCPROBE/lib_ascii.c **** *               DEF_NO,     if character is NOT an uppercase alphabetic character.
 238:../Dave/Generated/UCPROBE/lib_ascii.c **** *
 239:../Dave/Generated/UCPROBE/lib_ascii.c **** * Caller(s)   : Application.
 240:../Dave/Generated/UCPROBE/lib_ascii.c **** *
 241:../Dave/Generated/UCPROBE/lib_ascii.c **** * Note(s)     : (1) ISO/IEC 9899:TC2, Section 7.4.1.11.(2) states that "isupper() returns true only
 242:../Dave/Generated/UCPROBE/lib_ascii.c **** *                   the uppercase letters".
 243:../Dave/Generated/UCPROBE/lib_ascii.c **** ***************************************************************************************************
 244:../Dave/Generated/UCPROBE/lib_ascii.c **** */
 245:../Dave/Generated/UCPROBE/lib_ascii.c **** 
 246:../Dave/Generated/UCPROBE/lib_ascii.c **** CPU_BOOLEAN  ASCII_IsUpper (CPU_CHAR  c)
 247:../Dave/Generated/UCPROBE/lib_ascii.c **** {
 123              	 .loc 1 247 0
 124              	 .cfi_startproc
 125              	.LVL7:
 248:../Dave/Generated/UCPROBE/lib_ascii.c ****     CPU_BOOLEAN  upper;
 249:../Dave/Generated/UCPROBE/lib_ascii.c **** 
 250:../Dave/Generated/UCPROBE/lib_ascii.c **** 
 251:../Dave/Generated/UCPROBE/lib_ascii.c ****     upper = ASCII_IS_UPPER(c);
 126              	 .loc 1 251 0
 127 0000 031C     	 mov r3,r0
 128 0002 1922     	 mov r2,#25
 129 0004 0020     	 mov r0,#0
 130              	.LVL8:
 131 0006 413B     	 sub r3,r3,#65
 132 0008 DBB2     	 uxtb r3,r3
 133 000a 9A42     	 cmp r2,r3
 134 000c 4041     	 adc r0,r0,r0
 252:../Dave/Generated/UCPROBE/lib_ascii.c **** 
 253:../Dave/Generated/UCPROBE/lib_ascii.c ****     return (upper);
 254:../Dave/Generated/UCPROBE/lib_ascii.c **** }
 135              	 .loc 1 254 0
 136              	 
 253:../Dave/Generated/UCPROBE/lib_ascii.c **** }
 137              	 .loc 1 253 0
 138 000e C0B2     	 uxtb r0,r0
 139              	 .loc 1 254 0
 140 0010 7047     	 bx lr
 141              	 .cfi_endproc
 142              	.LFE3:
 144 0012 C046     	 .section .text.ASCII_IsDig,"ax",%progbits
 145              	 .align 2
 146              	 .global ASCII_IsDig
 147              	 .code 16
 148              	 .thumb_func
 150              	ASCII_IsDig:
 151              	.LFB4:
 255:../Dave/Generated/UCPROBE/lib_ascii.c **** 
 256:../Dave/Generated/UCPROBE/lib_ascii.c **** 
 257:../Dave/Generated/UCPROBE/lib_ascii.c **** /*
 258:../Dave/Generated/UCPROBE/lib_ascii.c **** ***************************************************************************************************
 259:../Dave/Generated/UCPROBE/lib_ascii.c **** *                                            ASCII_IsDig()
 260:../Dave/Generated/UCPROBE/lib_ascii.c **** *
 261:../Dave/Generated/UCPROBE/lib_ascii.c **** * Description : Determine whether a character is a decimal-digit character.
 262:../Dave/Generated/UCPROBE/lib_ascii.c **** *
 263:../Dave/Generated/UCPROBE/lib_ascii.c **** * Argument(s) : c           Character to examine.
 264:../Dave/Generated/UCPROBE/lib_ascii.c **** *
 265:../Dave/Generated/UCPROBE/lib_ascii.c **** * Return(s)   : DEF_YES, if character is     a decimal-digit character.
 266:../Dave/Generated/UCPROBE/lib_ascii.c **** *
 267:../Dave/Generated/UCPROBE/lib_ascii.c **** *               DEF_NO,     if character is NOT a decimal-digit character.
 268:../Dave/Generated/UCPROBE/lib_ascii.c **** *
 269:../Dave/Generated/UCPROBE/lib_ascii.c **** * Caller(s)   : Application.
 270:../Dave/Generated/UCPROBE/lib_ascii.c **** *
 271:../Dave/Generated/UCPROBE/lib_ascii.c **** * Note(s)     : (1) ISO/IEC 9899:TC2, Section 7.4.1.5.(2)  states that "isdigit()  ... tests for an
 272:../Dave/Generated/UCPROBE/lib_ascii.c **** *                   decimal-digit character".
 273:../Dave/Generated/UCPROBE/lib_ascii.c **** ***************************************************************************************************
 274:../Dave/Generated/UCPROBE/lib_ascii.c **** */
 275:../Dave/Generated/UCPROBE/lib_ascii.c **** 
 276:../Dave/Generated/UCPROBE/lib_ascii.c **** CPU_BOOLEAN  ASCII_IsDig (CPU_CHAR  c)
 277:../Dave/Generated/UCPROBE/lib_ascii.c **** {
 152              	 .loc 1 277 0
 153              	 .cfi_startproc
 154              	.LVL9:
 278:../Dave/Generated/UCPROBE/lib_ascii.c ****     CPU_BOOLEAN  dig;
 279:../Dave/Generated/UCPROBE/lib_ascii.c **** 
 280:../Dave/Generated/UCPROBE/lib_ascii.c **** 
 281:../Dave/Generated/UCPROBE/lib_ascii.c ****     dig = ASCII_IS_DIG(c);
 155              	 .loc 1 281 0
 156 0000 031C     	 mov r3,r0
 157 0002 0922     	 mov r2,#9
 158 0004 0020     	 mov r0,#0
 159              	.LVL10:
 160 0006 303B     	 sub r3,r3,#48
 161 0008 DBB2     	 uxtb r3,r3
 162 000a 9A42     	 cmp r2,r3
 163 000c 4041     	 adc r0,r0,r0
 282:../Dave/Generated/UCPROBE/lib_ascii.c **** 
 283:../Dave/Generated/UCPROBE/lib_ascii.c ****     return (dig);
 284:../Dave/Generated/UCPROBE/lib_ascii.c **** }
 164              	 .loc 1 284 0
 165              	 
 283:../Dave/Generated/UCPROBE/lib_ascii.c **** }
 166              	 .loc 1 283 0
 167 000e C0B2     	 uxtb r0,r0
 168              	 .loc 1 284 0
 169 0010 7047     	 bx lr
 170              	 .cfi_endproc
 171              	.LFE4:
 173 0012 C046     	 .section .text.ASCII_IsDigOct,"ax",%progbits
 174              	 .align 2
 175              	 .global ASCII_IsDigOct
 176              	 .code 16
 177              	 .thumb_func
 179              	ASCII_IsDigOct:
 180              	.LFB5:
 285:../Dave/Generated/UCPROBE/lib_ascii.c **** 
 286:../Dave/Generated/UCPROBE/lib_ascii.c **** 
 287:../Dave/Generated/UCPROBE/lib_ascii.c **** /*
 288:../Dave/Generated/UCPROBE/lib_ascii.c **** ***************************************************************************************************
 289:../Dave/Generated/UCPROBE/lib_ascii.c **** *                                          ASCII_IsDigOct()
 290:../Dave/Generated/UCPROBE/lib_ascii.c **** *
 291:../Dave/Generated/UCPROBE/lib_ascii.c **** * Description : Determine whether a character is an octal-digit character.
 292:../Dave/Generated/UCPROBE/lib_ascii.c **** *
 293:../Dave/Generated/UCPROBE/lib_ascii.c **** * Argument(s) : c           Character to examine.
 294:../Dave/Generated/UCPROBE/lib_ascii.c **** *
 295:../Dave/Generated/UCPROBE/lib_ascii.c **** * Return(s)   : DEF_YES, if character is     an octal-digit character.
 296:../Dave/Generated/UCPROBE/lib_ascii.c **** *
 297:../Dave/Generated/UCPROBE/lib_ascii.c **** *               DEF_NO,     if character is NOT an octal-digit character.
 298:../Dave/Generated/UCPROBE/lib_ascii.c **** *
 299:../Dave/Generated/UCPROBE/lib_ascii.c **** * Caller(s)   : Application.
 300:../Dave/Generated/UCPROBE/lib_ascii.c **** *
 301:../Dave/Generated/UCPROBE/lib_ascii.c **** * Note(s)     : none.
 302:../Dave/Generated/UCPROBE/lib_ascii.c **** ***************************************************************************************************
 303:../Dave/Generated/UCPROBE/lib_ascii.c **** */
 304:../Dave/Generated/UCPROBE/lib_ascii.c **** 
 305:../Dave/Generated/UCPROBE/lib_ascii.c **** CPU_BOOLEAN  ASCII_IsDigOct (CPU_CHAR  c)
 306:../Dave/Generated/UCPROBE/lib_ascii.c **** {
 181              	 .loc 1 306 0
 182              	 .cfi_startproc
 183              	.LVL11:
 307:../Dave/Generated/UCPROBE/lib_ascii.c ****     CPU_BOOLEAN  dig_oct;
 308:../Dave/Generated/UCPROBE/lib_ascii.c **** 
 309:../Dave/Generated/UCPROBE/lib_ascii.c **** 
 310:../Dave/Generated/UCPROBE/lib_ascii.c ****     dig_oct = ASCII_IS_DIG_OCT(c);
 184              	 .loc 1 310 0
 185 0000 031C     	 mov r3,r0
 186 0002 0722     	 mov r2,#7
 187 0004 0020     	 mov r0,#0
 188              	.LVL12:
 189 0006 303B     	 sub r3,r3,#48
 190 0008 DBB2     	 uxtb r3,r3
 191 000a 9A42     	 cmp r2,r3
 192 000c 4041     	 adc r0,r0,r0
 311:../Dave/Generated/UCPROBE/lib_ascii.c **** 
 312:../Dave/Generated/UCPROBE/lib_ascii.c ****     return (dig_oct);
 313:../Dave/Generated/UCPROBE/lib_ascii.c **** }
 193              	 .loc 1 313 0
 194              	 
 312:../Dave/Generated/UCPROBE/lib_ascii.c **** }
 195              	 .loc 1 312 0
 196 000e C0B2     	 uxtb r0,r0
 197              	 .loc 1 313 0
 198 0010 7047     	 bx lr
 199              	 .cfi_endproc
 200              	.LFE5:
 202 0012 C046     	 .section .text.ASCII_IsDigHex,"ax",%progbits
 203              	 .align 2
 204              	 .global ASCII_IsDigHex
 205              	 .code 16
 206              	 .thumb_func
 208              	ASCII_IsDigHex:
 209              	.LFB6:
 314:../Dave/Generated/UCPROBE/lib_ascii.c **** 
 315:../Dave/Generated/UCPROBE/lib_ascii.c **** 
 316:../Dave/Generated/UCPROBE/lib_ascii.c **** /*
 317:../Dave/Generated/UCPROBE/lib_ascii.c **** ***************************************************************************************************
 318:../Dave/Generated/UCPROBE/lib_ascii.c **** *                                          ASCII_IsDigHex()
 319:../Dave/Generated/UCPROBE/lib_ascii.c **** *
 320:../Dave/Generated/UCPROBE/lib_ascii.c **** * Description : Determine whether a character is a hexadecimal-digit character.
 321:../Dave/Generated/UCPROBE/lib_ascii.c **** *
 322:../Dave/Generated/UCPROBE/lib_ascii.c **** * Argument(s) : c           Character to examine.
 323:../Dave/Generated/UCPROBE/lib_ascii.c **** *
 324:../Dave/Generated/UCPROBE/lib_ascii.c **** * Return(s)   : DEF_YES, if character is     a hexadecimal-digit character.
 325:../Dave/Generated/UCPROBE/lib_ascii.c **** *
 326:../Dave/Generated/UCPROBE/lib_ascii.c **** *               DEF_NO,     if character is NOT a hexadecimal-digit character.
 327:../Dave/Generated/UCPROBE/lib_ascii.c **** *
 328:../Dave/Generated/UCPROBE/lib_ascii.c **** * Caller(s)   : Application.
 329:../Dave/Generated/UCPROBE/lib_ascii.c **** *
 330:../Dave/Generated/UCPROBE/lib_ascii.c **** * Note(s)     : (1) ISO/IEC 9899:TC2, Section 7.4.1.12.(2) states that "isxdigit() ... tests for an
 331:../Dave/Generated/UCPROBE/lib_ascii.c **** *                   hexadecimal-digit character".
 332:../Dave/Generated/UCPROBE/lib_ascii.c **** ***************************************************************************************************
 333:../Dave/Generated/UCPROBE/lib_ascii.c **** */
 334:../Dave/Generated/UCPROBE/lib_ascii.c **** 
 335:../Dave/Generated/UCPROBE/lib_ascii.c **** CPU_BOOLEAN  ASCII_IsDigHex (CPU_CHAR  c)
 336:../Dave/Generated/UCPROBE/lib_ascii.c **** {
 210              	 .loc 1 336 0
 211              	 .cfi_startproc
 212              	.LVL13:
 337:../Dave/Generated/UCPROBE/lib_ascii.c ****     CPU_BOOLEAN  dig_hex;
 338:../Dave/Generated/UCPROBE/lib_ascii.c **** 
 339:../Dave/Generated/UCPROBE/lib_ascii.c **** 
 340:../Dave/Generated/UCPROBE/lib_ascii.c ****     dig_hex = ASCII_IS_DIG_HEX(c);
 213              	 .loc 1 340 0
 214 0000 021C     	 mov r2,r0
 215 0002 303A     	 sub r2,r2,#48
 216 0004 0123     	 mov r3,#1
 217 0006 092A     	 cmp r2,#9
 218 0008 09D9     	 bls .L11
 219              	 .loc 1 340 0 is_stmt 0 discriminator 2
 220 000a 1F33     	 add r3,r3,#31
 221 000c 9843     	 bic r0,r3
 222              	.LVL14:
 223 000e 031C     	 mov r3,r0
 224 0010 0522     	 mov r2,#5
 225 0012 0020     	 mov r0,#0
 226 0014 413B     	 sub r3,r3,#65
 227 0016 DBB2     	 uxtb r3,r3
 228 0018 9A42     	 cmp r2,r3
 229 001a 4041     	 adc r0,r0,r0
 230 001c C3B2     	 uxtb r3,r0
 231              	.L11:
 232              	.LVL15:
 341:../Dave/Generated/UCPROBE/lib_ascii.c **** 
 342:../Dave/Generated/UCPROBE/lib_ascii.c ****     return (dig_hex);
 343:../Dave/Generated/UCPROBE/lib_ascii.c **** }
 233              	 .loc 1 343 0 is_stmt 1 discriminator 8
 234 001e 181C     	 mov r0,r3
 235              	 
 236 0020 7047     	 bx lr
 237              	 .cfi_endproc
 238              	.LFE6:
 240 0022 C046     	 .section .text.ASCII_IsBlank,"ax",%progbits
 241              	 .align 2
 242              	 .global ASCII_IsBlank
 243              	 .code 16
 244              	 .thumb_func
 246              	ASCII_IsBlank:
 247              	.LFB7:
 344:../Dave/Generated/UCPROBE/lib_ascii.c **** 
 345:../Dave/Generated/UCPROBE/lib_ascii.c **** 
 346:../Dave/Generated/UCPROBE/lib_ascii.c **** /*
 347:../Dave/Generated/UCPROBE/lib_ascii.c **** ***************************************************************************************************
 348:../Dave/Generated/UCPROBE/lib_ascii.c **** *                                           ASCII_IsBlank()
 349:../Dave/Generated/UCPROBE/lib_ascii.c **** *
 350:../Dave/Generated/UCPROBE/lib_ascii.c **** * Description : Determine whether a character is a standard blank character.
 351:../Dave/Generated/UCPROBE/lib_ascii.c **** *
 352:../Dave/Generated/UCPROBE/lib_ascii.c **** * Argument(s) : c           Character to examine.
 353:../Dave/Generated/UCPROBE/lib_ascii.c **** *
 354:../Dave/Generated/UCPROBE/lib_ascii.c **** * Return(s)   : DEF_YES, if character is     a standard blank character.
 355:../Dave/Generated/UCPROBE/lib_ascii.c **** *
 356:../Dave/Generated/UCPROBE/lib_ascii.c **** *               DEF_NO,     if character is NOT a standard blank character.
 357:../Dave/Generated/UCPROBE/lib_ascii.c **** *
 358:../Dave/Generated/UCPROBE/lib_ascii.c **** * Caller(s)   : Application.
 359:../Dave/Generated/UCPROBE/lib_ascii.c **** *
 360:../Dave/Generated/UCPROBE/lib_ascii.c **** * Note(s)     : (1) (a) ISO/IEC 9899:TC2, Section 7.4.1.3.(2) states that "isblank() returns true o
 361:../Dave/Generated/UCPROBE/lib_ascii.c **** *                       the standard blank characters".
 362:../Dave/Generated/UCPROBE/lib_ascii.c **** *
 363:../Dave/Generated/UCPROBE/lib_ascii.c **** *                   (b) ISO/IEC 9899:TC2, Section 7.4.1.3.(2) defines "the standard blank character
 364:../Dave/Generated/UCPROBE/lib_ascii.c **** *                       the "space (' '), and horizontal tab ('\t')".
 365:../Dave/Generated/UCPROBE/lib_ascii.c **** ***************************************************************************************************
 366:../Dave/Generated/UCPROBE/lib_ascii.c **** */
 367:../Dave/Generated/UCPROBE/lib_ascii.c **** 
 368:../Dave/Generated/UCPROBE/lib_ascii.c **** CPU_BOOLEAN  ASCII_IsBlank (CPU_CHAR  c)
 369:../Dave/Generated/UCPROBE/lib_ascii.c **** {
 248              	 .loc 1 369 0
 249              	 .cfi_startproc
 250              	.LVL16:
 370:../Dave/Generated/UCPROBE/lib_ascii.c ****     CPU_BOOLEAN  blank;
 371:../Dave/Generated/UCPROBE/lib_ascii.c **** 
 372:../Dave/Generated/UCPROBE/lib_ascii.c **** 
 373:../Dave/Generated/UCPROBE/lib_ascii.c ****     blank = ASCII_IS_BLANK(c);
 251              	 .loc 1 373 0
 252 0000 2028     	 cmp r0,#32
 253 0002 04D0     	 beq .L15
 254              	 .loc 1 373 0 is_stmt 0 discriminator 2
 255 0004 0938     	 sub r0,r0,#9
 256              	.LVL17:
 257 0006 4342     	 neg r3,r0
 258 0008 5841     	 adc r0,r0,r3
 259 000a C0B2     	 uxtb r0,r0
 260              	.L14:
 261              	.LVL18:
 374:../Dave/Generated/UCPROBE/lib_ascii.c **** 
 375:../Dave/Generated/UCPROBE/lib_ascii.c ****     return (blank);
 376:../Dave/Generated/UCPROBE/lib_ascii.c **** }
 262              	 .loc 1 376 0 is_stmt 1 discriminator 6
 263              	 
 264 000c 7047     	 bx lr
 265              	.LVL19:
 266              	.L15:
 373:../Dave/Generated/UCPROBE/lib_ascii.c **** 
 267              	 .loc 1 373 0
 268 000e 0120     	 mov r0,#1
 269              	.LVL20:
 270 0010 FCE7     	 b .L14
 271              	 .cfi_endproc
 272              	.LFE7:
 274 0012 C046     	 .section .text.ASCII_IsSpace,"ax",%progbits
 275              	 .align 2
 276              	 .global ASCII_IsSpace
 277              	 .code 16
 278              	 .thumb_func
 280              	ASCII_IsSpace:
 281              	.LFB8:
 377:../Dave/Generated/UCPROBE/lib_ascii.c **** 
 378:../Dave/Generated/UCPROBE/lib_ascii.c **** 
 379:../Dave/Generated/UCPROBE/lib_ascii.c **** /*
 380:../Dave/Generated/UCPROBE/lib_ascii.c **** ***************************************************************************************************
 381:../Dave/Generated/UCPROBE/lib_ascii.c **** *                                           ASCII_IsSpace()
 382:../Dave/Generated/UCPROBE/lib_ascii.c **** *
 383:../Dave/Generated/UCPROBE/lib_ascii.c **** * Description : Determine whether a character is a white-space character.
 384:../Dave/Generated/UCPROBE/lib_ascii.c **** *
 385:../Dave/Generated/UCPROBE/lib_ascii.c **** * Argument(s) : c           Character to examine.
 386:../Dave/Generated/UCPROBE/lib_ascii.c **** *
 387:../Dave/Generated/UCPROBE/lib_ascii.c **** * Return(s)   : DEF_YES, if character is     a white-space character.
 388:../Dave/Generated/UCPROBE/lib_ascii.c **** *
 389:../Dave/Generated/UCPROBE/lib_ascii.c **** *               DEF_NO,     if character is NOT a white-space character.
 390:../Dave/Generated/UCPROBE/lib_ascii.c **** *
 391:../Dave/Generated/UCPROBE/lib_ascii.c **** * Caller(s)   : Application.
 392:../Dave/Generated/UCPROBE/lib_ascii.c **** *
 393:../Dave/Generated/UCPROBE/lib_ascii.c **** * Note(s)     : (1) (a) ISO/IEC 9899:TC2, Section 7.4.1.10.(2) states that "isspace() returns true 
 394:../Dave/Generated/UCPROBE/lib_ascii.c **** *                       for the standard white-space characters".
 395:../Dave/Generated/UCPROBE/lib_ascii.c **** *
 396:../Dave/Generated/UCPROBE/lib_ascii.c **** *                   (b) ISO/IEC 9899:TC2, Section 7.4.1.10.(2) defines "the standard white-space ch
 397:../Dave/Generated/UCPROBE/lib_ascii.c **** *                       as the "space (' '), form feed ('\f'), new-line ('\n'), carriage return ('\
 398:../Dave/Generated/UCPROBE/lib_ascii.c **** *                       horizontal tab ('\t'), and vertical tab ('\v')".
 399:../Dave/Generated/UCPROBE/lib_ascii.c **** ***************************************************************************************************
 400:../Dave/Generated/UCPROBE/lib_ascii.c **** */
 401:../Dave/Generated/UCPROBE/lib_ascii.c **** 
 402:../Dave/Generated/UCPROBE/lib_ascii.c **** CPU_BOOLEAN  ASCII_IsSpace (CPU_CHAR  c)
 403:../Dave/Generated/UCPROBE/lib_ascii.c **** {
 282              	 .loc 1 403 0
 283              	 .cfi_startproc
 284              	.LVL21:
 404:../Dave/Generated/UCPROBE/lib_ascii.c ****     CPU_BOOLEAN  space;
 405:../Dave/Generated/UCPROBE/lib_ascii.c **** 
 406:../Dave/Generated/UCPROBE/lib_ascii.c **** 
 407:../Dave/Generated/UCPROBE/lib_ascii.c ****     space = ASCII_IS_SPACE(c);
 285              	 .loc 1 407 0
 286 0000 2028     	 cmp r0,#32
 287 0002 07D0     	 beq .L18
 288              	 .loc 1 407 0 is_stmt 0 discriminator 8
 289 0004 0938     	 sub r0,r0,#9
 290              	.LVL22:
 291 0006 C3B2     	 uxtb r3,r0
 292 0008 0422     	 mov r2,#4
 293 000a 0020     	 mov r0,#0
 294 000c 9A42     	 cmp r2,r3
 295 000e 4041     	 adc r0,r0,r0
 296 0010 C0B2     	 uxtb r0,r0
 297              	.L17:
 298              	.LVL23:
 408:../Dave/Generated/UCPROBE/lib_ascii.c **** 
 409:../Dave/Generated/UCPROBE/lib_ascii.c ****     return (space);
 410:../Dave/Generated/UCPROBE/lib_ascii.c **** }
 299              	 .loc 1 410 0 is_stmt 1 discriminator 14
 300              	 
 301 0012 7047     	 bx lr
 302              	.LVL24:
 303              	.L18:
 407:../Dave/Generated/UCPROBE/lib_ascii.c **** 
 304              	 .loc 1 407 0
 305 0014 0120     	 mov r0,#1
 306              	.LVL25:
 307 0016 FCE7     	 b .L17
 308              	 .cfi_endproc
 309              	.LFE8:
 311              	 .section .text.ASCII_IsPrint,"ax",%progbits
 312              	 .align 2
 313              	 .global ASCII_IsPrint
 314              	 .code 16
 315              	 .thumb_func
 317              	ASCII_IsPrint:
 318              	.LFB9:
 411:../Dave/Generated/UCPROBE/lib_ascii.c **** 
 412:../Dave/Generated/UCPROBE/lib_ascii.c **** 
 413:../Dave/Generated/UCPROBE/lib_ascii.c **** /*
 414:../Dave/Generated/UCPROBE/lib_ascii.c **** ***************************************************************************************************
 415:../Dave/Generated/UCPROBE/lib_ascii.c **** *                                           ASCII_IsPrint()
 416:../Dave/Generated/UCPROBE/lib_ascii.c **** *
 417:../Dave/Generated/UCPROBE/lib_ascii.c **** * Description : Determine whether a character is a printing character.
 418:../Dave/Generated/UCPROBE/lib_ascii.c **** *
 419:../Dave/Generated/UCPROBE/lib_ascii.c **** * Argument(s) : c           Character to examine.
 420:../Dave/Generated/UCPROBE/lib_ascii.c **** *
 421:../Dave/Generated/UCPROBE/lib_ascii.c **** * Return(s)   : DEF_YES, if character is     a printing character.
 422:../Dave/Generated/UCPROBE/lib_ascii.c **** *
 423:../Dave/Generated/UCPROBE/lib_ascii.c **** *               DEF_NO,     if character is NOT a printing character.
 424:../Dave/Generated/UCPROBE/lib_ascii.c **** *
 425:../Dave/Generated/UCPROBE/lib_ascii.c **** * Caller(s)   : Application.
 426:../Dave/Generated/UCPROBE/lib_ascii.c **** *
 427:../Dave/Generated/UCPROBE/lib_ascii.c **** * Note(s)     : (1) (a) ISO/IEC 9899:TC2, Section 7.4.1.8.(2) states that "isprint() ... tests for 
 428:../Dave/Generated/UCPROBE/lib_ascii.c **** *                       printing character including space (' ')".
 429:../Dave/Generated/UCPROBE/lib_ascii.c **** *
 430:../Dave/Generated/UCPROBE/lib_ascii.c **** *                   (b) ISO/IEC 9899:TC2, Section 7.4.(3), Note 169, states that in "the seven-bit 
 431:../Dave/Generated/UCPROBE/lib_ascii.c **** *                       ASCII character set, the printing characters are those whose values lie fro
 432:../Dave/Generated/UCPROBE/lib_ascii.c **** *                       0x20 (space) through 0x7E (tilde)".
 433:../Dave/Generated/UCPROBE/lib_ascii.c **** ***************************************************************************************************
 434:../Dave/Generated/UCPROBE/lib_ascii.c **** */
 435:../Dave/Generated/UCPROBE/lib_ascii.c **** 
 436:../Dave/Generated/UCPROBE/lib_ascii.c **** CPU_BOOLEAN  ASCII_IsPrint (CPU_CHAR  c)
 437:../Dave/Generated/UCPROBE/lib_ascii.c **** {
 319              	 .loc 1 437 0
 320              	 .cfi_startproc
 321              	.LVL26:
 438:../Dave/Generated/UCPROBE/lib_ascii.c ****     CPU_BOOLEAN  print;
 439:../Dave/Generated/UCPROBE/lib_ascii.c **** 
 440:../Dave/Generated/UCPROBE/lib_ascii.c **** 
 441:../Dave/Generated/UCPROBE/lib_ascii.c ****     print = ASCII_IS_PRINT(c);
 322              	 .loc 1 441 0
 323 0000 031C     	 mov r3,r0
 324 0002 5E22     	 mov r2,#94
 325 0004 0020     	 mov r0,#0
 326              	.LVL27:
 327 0006 203B     	 sub r3,r3,#32
 328 0008 DBB2     	 uxtb r3,r3
 329 000a 9A42     	 cmp r2,r3
 330 000c 4041     	 adc r0,r0,r0
 442:../Dave/Generated/UCPROBE/lib_ascii.c **** 
 443:../Dave/Generated/UCPROBE/lib_ascii.c ****     return (print);
 444:../Dave/Generated/UCPROBE/lib_ascii.c **** }
 331              	 .loc 1 444 0
 332              	 
 443:../Dave/Generated/UCPROBE/lib_ascii.c **** }
 333              	 .loc 1 443 0
 334 000e C0B2     	 uxtb r0,r0
 335              	 .loc 1 444 0
 336 0010 7047     	 bx lr
 337              	 .cfi_endproc
 338              	.LFE9:
 340 0012 C046     	 .section .text.ASCII_IsGraph,"ax",%progbits
 341              	 .align 2
 342              	 .global ASCII_IsGraph
 343              	 .code 16
 344              	 .thumb_func
 346              	ASCII_IsGraph:
 347              	.LFB10:
 445:../Dave/Generated/UCPROBE/lib_ascii.c **** 
 446:../Dave/Generated/UCPROBE/lib_ascii.c **** 
 447:../Dave/Generated/UCPROBE/lib_ascii.c **** /*
 448:../Dave/Generated/UCPROBE/lib_ascii.c **** ***************************************************************************************************
 449:../Dave/Generated/UCPROBE/lib_ascii.c **** *                                           ASCII_IsGraph()
 450:../Dave/Generated/UCPROBE/lib_ascii.c **** *
 451:../Dave/Generated/UCPROBE/lib_ascii.c **** * Description : Determine whether a character is any printing character except a space character.
 452:../Dave/Generated/UCPROBE/lib_ascii.c **** *
 453:../Dave/Generated/UCPROBE/lib_ascii.c **** * Argument(s) : c           Character to examine.
 454:../Dave/Generated/UCPROBE/lib_ascii.c **** *
 455:../Dave/Generated/UCPROBE/lib_ascii.c **** * Return(s)   : DEF_YES, if character is     a graphic character.
 456:../Dave/Generated/UCPROBE/lib_ascii.c **** *
 457:../Dave/Generated/UCPROBE/lib_ascii.c **** *               DEF_NO,     if character is NOT a graphic character.
 458:../Dave/Generated/UCPROBE/lib_ascii.c **** *
 459:../Dave/Generated/UCPROBE/lib_ascii.c **** * Caller(s)   : Application.
 460:../Dave/Generated/UCPROBE/lib_ascii.c **** *
 461:../Dave/Generated/UCPROBE/lib_ascii.c **** * Note(s)     : (1) (a) ISO/IEC 9899:TC2, Section 7.4.1.6.(2) states that "isgraph() ... tests for 
 462:../Dave/Generated/UCPROBE/lib_ascii.c **** *                       printing character except space (' ')".
 463:../Dave/Generated/UCPROBE/lib_ascii.c **** *
 464:../Dave/Generated/UCPROBE/lib_ascii.c **** *                   (b) ISO/IEC 9899:TC2, Section 7.4.(3), Note 169, states that in "the seven-bit 
 465:../Dave/Generated/UCPROBE/lib_ascii.c **** *                       ASCII character set, the printing characters are those whose values lie fro
 466:../Dave/Generated/UCPROBE/lib_ascii.c **** *                       0x20 (space) through 0x7E (tilde)".
 467:../Dave/Generated/UCPROBE/lib_ascii.c **** ***************************************************************************************************
 468:../Dave/Generated/UCPROBE/lib_ascii.c **** */
 469:../Dave/Generated/UCPROBE/lib_ascii.c **** 
 470:../Dave/Generated/UCPROBE/lib_ascii.c **** CPU_BOOLEAN  ASCII_IsGraph (CPU_CHAR  c)
 471:../Dave/Generated/UCPROBE/lib_ascii.c **** {
 348              	 .loc 1 471 0
 349              	 .cfi_startproc
 350              	.LVL28:
 472:../Dave/Generated/UCPROBE/lib_ascii.c ****     CPU_BOOLEAN  graph;
 473:../Dave/Generated/UCPROBE/lib_ascii.c **** 
 474:../Dave/Generated/UCPROBE/lib_ascii.c **** 
 475:../Dave/Generated/UCPROBE/lib_ascii.c ****     graph = ASCII_IS_GRAPH(c);
 351              	 .loc 1 475 0
 352 0000 031C     	 mov r3,r0
 353 0002 5D22     	 mov r2,#93
 354 0004 0020     	 mov r0,#0
 355              	.LVL29:
 356 0006 213B     	 sub r3,r3,#33
 357 0008 DBB2     	 uxtb r3,r3
 358 000a 9A42     	 cmp r2,r3
 359 000c 4041     	 adc r0,r0,r0
 476:../Dave/Generated/UCPROBE/lib_ascii.c **** 
 477:../Dave/Generated/UCPROBE/lib_ascii.c ****     return (graph);
 478:../Dave/Generated/UCPROBE/lib_ascii.c **** }
 360              	 .loc 1 478 0
 361              	 
 477:../Dave/Generated/UCPROBE/lib_ascii.c **** }
 362              	 .loc 1 477 0
 363 000e C0B2     	 uxtb r0,r0
 364              	 .loc 1 478 0
 365 0010 7047     	 bx lr
 366              	 .cfi_endproc
 367              	.LFE10:
 369 0012 C046     	 .section .text.ASCII_IsPunct,"ax",%progbits
 370              	 .align 2
 371              	 .global ASCII_IsPunct
 372              	 .code 16
 373              	 .thumb_func
 375              	ASCII_IsPunct:
 376              	.LFB11:
 479:../Dave/Generated/UCPROBE/lib_ascii.c **** 
 480:../Dave/Generated/UCPROBE/lib_ascii.c **** 
 481:../Dave/Generated/UCPROBE/lib_ascii.c **** /*
 482:../Dave/Generated/UCPROBE/lib_ascii.c **** ***************************************************************************************************
 483:../Dave/Generated/UCPROBE/lib_ascii.c **** *                                           ASCII_IsPunct()
 484:../Dave/Generated/UCPROBE/lib_ascii.c **** *
 485:../Dave/Generated/UCPROBE/lib_ascii.c **** * Description : Determine whether a character is a punctuation character.
 486:../Dave/Generated/UCPROBE/lib_ascii.c **** *
 487:../Dave/Generated/UCPROBE/lib_ascii.c **** * Argument(s) : c           Character to examine.
 488:../Dave/Generated/UCPROBE/lib_ascii.c **** *
 489:../Dave/Generated/UCPROBE/lib_ascii.c **** * Return(s)   : DEF_YES, if character is     a punctuation character.
 490:../Dave/Generated/UCPROBE/lib_ascii.c **** *
 491:../Dave/Generated/UCPROBE/lib_ascii.c **** *               DEF_NO,     if character is NOT a punctuation character.
 492:../Dave/Generated/UCPROBE/lib_ascii.c **** *
 493:../Dave/Generated/UCPROBE/lib_ascii.c **** * Caller(s)   : Application.
 494:../Dave/Generated/UCPROBE/lib_ascii.c **** *
 495:../Dave/Generated/UCPROBE/lib_ascii.c **** * Note(s)     : (1) ISO/IEC 9899:TC2, Section 7.4.1.9.(2) states that "ispunct() returns true for e
 496:../Dave/Generated/UCPROBE/lib_ascii.c **** *                   printing character for which neither isspace() nor isalnum() is true".
 497:../Dave/Generated/UCPROBE/lib_ascii.c **** ***************************************************************************************************
 498:../Dave/Generated/UCPROBE/lib_ascii.c **** */
 499:../Dave/Generated/UCPROBE/lib_ascii.c **** 
 500:../Dave/Generated/UCPROBE/lib_ascii.c **** CPU_BOOLEAN  ASCII_IsPunct (CPU_CHAR  c)
 501:../Dave/Generated/UCPROBE/lib_ascii.c **** {
 377              	 .loc 1 501 0
 378              	 .cfi_startproc
 379              	.LVL30:
 502:../Dave/Generated/UCPROBE/lib_ascii.c ****     CPU_BOOLEAN  punct;
 503:../Dave/Generated/UCPROBE/lib_ascii.c **** 
 504:../Dave/Generated/UCPROBE/lib_ascii.c **** 
 505:../Dave/Generated/UCPROBE/lib_ascii.c ****     punct = ASCII_IS_PUNCT(c);
 380              	 .loc 1 505 0
 381 0000 021C     	 mov r2,r0
 382 0002 213A     	 sub r2,r2,#33
 501:../Dave/Generated/UCPROBE/lib_ascii.c ****     CPU_BOOLEAN  punct;
 383              	 .loc 1 501 0
 384 0004 031C     	 mov r3,r0
 385              	 .loc 1 505 0
 386 0006 5D2A     	 cmp r2,#93
 387 0008 0ED8     	 bhi .L23
 388              	 .loc 1 505 0 is_stmt 0 discriminator 13
 389 000a 2022     	 mov r2,#32
 390 000c 011C     	 mov r1,r0
 391 000e 9143     	 bic r1,r2
 392 0010 0A1C     	 mov r2,r1
 393 0012 413A     	 sub r2,r2,#65
 394 0014 0020     	 mov r0,#0
 395              	.LVL31:
 396 0016 192A     	 cmp r2,#25
 397 0018 05D9     	 bls .L22
 398              	 .loc 1 505 0 discriminator 17
 399 001a 303B     	 sub r3,r3,#48
 400 001c 0930     	 add r0,r0,#9
 401 001e DBB2     	 uxtb r3,r3
 402 0020 9842     	 cmp r0,r3
 403 0022 9B41     	 sbc r3,r3,r3
 404 0024 5842     	 neg r0,r3
 405              	.L22:
 406              	.LVL32:
 506:../Dave/Generated/UCPROBE/lib_ascii.c **** 
 507:../Dave/Generated/UCPROBE/lib_ascii.c ****     return (punct);
 508:../Dave/Generated/UCPROBE/lib_ascii.c **** }
 407              	 .loc 1 508 0 is_stmt 1 discriminator 22
 408              	 
 409 0026 7047     	 bx lr
 410              	.LVL33:
 411              	.L23:
 505:../Dave/Generated/UCPROBE/lib_ascii.c **** 
 412              	 .loc 1 505 0
 413 0028 0020     	 mov r0,#0
 414              	.LVL34:
 415 002a FCE7     	 b .L22
 416              	 .cfi_endproc
 417              	.LFE11:
 419              	 .section .text.ASCII_IsCtrl,"ax",%progbits
 420              	 .align 2
 421              	 .global ASCII_IsCtrl
 422              	 .code 16
 423              	 .thumb_func
 425              	ASCII_IsCtrl:
 426              	.LFB12:
 509:../Dave/Generated/UCPROBE/lib_ascii.c **** 
 510:../Dave/Generated/UCPROBE/lib_ascii.c **** 
 511:../Dave/Generated/UCPROBE/lib_ascii.c **** /*
 512:../Dave/Generated/UCPROBE/lib_ascii.c **** ***************************************************************************************************
 513:../Dave/Generated/UCPROBE/lib_ascii.c **** *                                           ASCII_IsCtrl()
 514:../Dave/Generated/UCPROBE/lib_ascii.c **** *
 515:../Dave/Generated/UCPROBE/lib_ascii.c **** * Description : Determine whether a character is a control character.
 516:../Dave/Generated/UCPROBE/lib_ascii.c **** *
 517:../Dave/Generated/UCPROBE/lib_ascii.c **** * Argument(s) : c           Character to examine.
 518:../Dave/Generated/UCPROBE/lib_ascii.c **** *
 519:../Dave/Generated/UCPROBE/lib_ascii.c **** * Return(s)   : DEF_YES, if character is     a control character.
 520:../Dave/Generated/UCPROBE/lib_ascii.c **** *
 521:../Dave/Generated/UCPROBE/lib_ascii.c **** *               DEF_NO,     if character is NOT a control character.
 522:../Dave/Generated/UCPROBE/lib_ascii.c **** *
 523:../Dave/Generated/UCPROBE/lib_ascii.c **** * Caller(s)   : Application.
 524:../Dave/Generated/UCPROBE/lib_ascii.c **** *
 525:../Dave/Generated/UCPROBE/lib_ascii.c **** * Note(s)     : (1) (a) ISO/IEC 9899:TC2, Section 7.4.1.4.(2) states that "iscntrl() ... tests for 
 526:../Dave/Generated/UCPROBE/lib_ascii.c **** *                       control character".
 527:../Dave/Generated/UCPROBE/lib_ascii.c **** *
 528:../Dave/Generated/UCPROBE/lib_ascii.c **** *                   (b) ISO/IEC 9899:TC2, Section 7.4.(3), Note 169, states that in "the seven-bit 
 529:../Dave/Generated/UCPROBE/lib_ascii.c **** *                       ASCII character set, ... the control characters are those whose values lie 
 530:../Dave/Generated/UCPROBE/lib_ascii.c **** *                       0 (NUL) through 0x1F (US), and the character 0x7F (DEL)".
 531:../Dave/Generated/UCPROBE/lib_ascii.c **** ***************************************************************************************************
 532:../Dave/Generated/UCPROBE/lib_ascii.c **** */
 533:../Dave/Generated/UCPROBE/lib_ascii.c **** 
 534:../Dave/Generated/UCPROBE/lib_ascii.c **** CPU_BOOLEAN  ASCII_IsCtrl (CPU_CHAR  c)
 535:../Dave/Generated/UCPROBE/lib_ascii.c **** {
 427              	 .loc 1 535 0
 428              	 .cfi_startproc
 429              	.LVL35:
 430              	 .loc 1 535 0
 431 0000 031C     	 mov r3,r0
 536:../Dave/Generated/UCPROBE/lib_ascii.c ****     CPU_BOOLEAN  ctrl;
 537:../Dave/Generated/UCPROBE/lib_ascii.c **** 
 538:../Dave/Generated/UCPROBE/lib_ascii.c **** 
 539:../Dave/Generated/UCPROBE/lib_ascii.c ****     ctrl = ASCII_IS_CTRL(c);
 432              	 .loc 1 539 0
 433 0002 0120     	 mov r0,#1
 434              	.LVL36:
 435 0004 1F2B     	 cmp r3,#31
 436 0006 04D9     	 bls .L26
 437              	 .loc 1 539 0 is_stmt 0 discriminator 2
 438 0008 7F3B     	 sub r3,r3,#127
 439 000a 181C     	 mov r0,r3
 440 000c 4342     	 neg r3,r0
 441 000e 5841     	 adc r0,r0,r3
 442 0010 C0B2     	 uxtb r0,r0
 443              	.L26:
 444              	.LVL37:
 540:../Dave/Generated/UCPROBE/lib_ascii.c **** 
 541:../Dave/Generated/UCPROBE/lib_ascii.c ****     return (ctrl);
 542:../Dave/Generated/UCPROBE/lib_ascii.c **** }
 445              	 .loc 1 542 0 is_stmt 1 discriminator 6
 446              	 
 447 0012 7047     	 bx lr
 448              	 .cfi_endproc
 449              	.LFE12:
 451              	 .section .text.ASCII_ToLower,"ax",%progbits
 452              	 .align 2
 453              	 .global ASCII_ToLower
 454              	 .code 16
 455              	 .thumb_func
 457              	ASCII_ToLower:
 458              	.LFB13:
 543:../Dave/Generated/UCPROBE/lib_ascii.c **** 
 544:../Dave/Generated/UCPROBE/lib_ascii.c **** 
 545:../Dave/Generated/UCPROBE/lib_ascii.c **** /*
 546:../Dave/Generated/UCPROBE/lib_ascii.c **** ***************************************************************************************************
 547:../Dave/Generated/UCPROBE/lib_ascii.c **** *                                           ASCII_ToLower()
 548:../Dave/Generated/UCPROBE/lib_ascii.c **** *
 549:../Dave/Generated/UCPROBE/lib_ascii.c **** * Description : Convert uppercase alphabetic character to its corresponding lowercase alphabetic ch
 550:../Dave/Generated/UCPROBE/lib_ascii.c **** *
 551:../Dave/Generated/UCPROBE/lib_ascii.c **** * Argument(s) : c           Character to convert.
 552:../Dave/Generated/UCPROBE/lib_ascii.c **** *
 553:../Dave/Generated/UCPROBE/lib_ascii.c **** * Return(s)   : Lowercase equivalent of 'c', if character 'c' is an uppercase character (see Note #
 554:../Dave/Generated/UCPROBE/lib_ascii.c **** *
 555:../Dave/Generated/UCPROBE/lib_ascii.c **** *               Character 'c',               otherwise                                  (see Note #
 556:../Dave/Generated/UCPROBE/lib_ascii.c **** *
 557:../Dave/Generated/UCPROBE/lib_ascii.c **** * Caller(s)   : Application.
 558:../Dave/Generated/UCPROBE/lib_ascii.c **** *
 559:../Dave/Generated/UCPROBE/lib_ascii.c **** * Note(s)     : (1) (a) ISO/IEC 9899:TC2, Section 7.4.2.1.(2) states that "tolower() ... converts a
 560:../Dave/Generated/UCPROBE/lib_ascii.c **** *                       uppercase letter to a corresponding lowercase letter".
 561:../Dave/Generated/UCPROBE/lib_ascii.c **** *
 562:../Dave/Generated/UCPROBE/lib_ascii.c **** *                   (b) ISO/IEC 9899:TC2, Section 7.4.2.1.(3) states that :
 563:../Dave/Generated/UCPROBE/lib_ascii.c **** *
 564:../Dave/Generated/UCPROBE/lib_ascii.c **** *                       (1) (A) "if the argument is a character for which isupper() is true and the
 565:../Dave/Generated/UCPROBE/lib_ascii.c **** *                                one or more corresponding characters ... for which islower() is tr
 566:../Dave/Generated/UCPROBE/lib_ascii.c **** *                           (B) "tolower() ... returns one of the corresponding characters;" ...
 567:../Dave/Generated/UCPROBE/lib_ascii.c **** *
 568:../Dave/Generated/UCPROBE/lib_ascii.c **** *                       (2) "otherwise, the argument is returned unchanged."
 569:../Dave/Generated/UCPROBE/lib_ascii.c **** ***************************************************************************************************
 570:../Dave/Generated/UCPROBE/lib_ascii.c **** */
 571:../Dave/Generated/UCPROBE/lib_ascii.c **** 
 572:../Dave/Generated/UCPROBE/lib_ascii.c **** CPU_CHAR  ASCII_ToLower (CPU_CHAR  c)
 573:../Dave/Generated/UCPROBE/lib_ascii.c **** {
 459              	 .loc 1 573 0
 460              	 .cfi_startproc
 461              	.LVL38:
 574:../Dave/Generated/UCPROBE/lib_ascii.c ****     CPU_CHAR  lower;
 575:../Dave/Generated/UCPROBE/lib_ascii.c **** 
 576:../Dave/Generated/UCPROBE/lib_ascii.c **** 
 577:../Dave/Generated/UCPROBE/lib_ascii.c ****     lower = ASCII_TO_LOWER(c);
 462              	 .loc 1 577 0
 463 0000 031C     	 mov r3,r0
 464 0002 413B     	 sub r3,r3,#65
 465 0004 192B     	 cmp r3,#25
 466 0006 01D8     	 bhi .L29
 467              	 .loc 1 577 0 is_stmt 0 discriminator 1
 468 0008 2030     	 add r0,r0,#32
 469              	.LVL39:
 470 000a C0B2     	 uxtb r0,r0
 471              	.L29:
 472              	.LVL40:
 578:../Dave/Generated/UCPROBE/lib_ascii.c **** 
 579:../Dave/Generated/UCPROBE/lib_ascii.c ****     return (lower);
 580:../Dave/Generated/UCPROBE/lib_ascii.c **** }
 473              	 .loc 1 580 0 is_stmt 1 discriminator 4
 474              	 
 475 000c 7047     	 bx lr
 476              	 .cfi_endproc
 477              	.LFE13:
 479 000e C046     	 .section .text.ASCII_ToUpper,"ax",%progbits
 480              	 .align 2
 481              	 .global ASCII_ToUpper
 482              	 .code 16
 483              	 .thumb_func
 485              	ASCII_ToUpper:
 486              	.LFB14:
 581:../Dave/Generated/UCPROBE/lib_ascii.c **** 
 582:../Dave/Generated/UCPROBE/lib_ascii.c **** 
 583:../Dave/Generated/UCPROBE/lib_ascii.c **** /*
 584:../Dave/Generated/UCPROBE/lib_ascii.c **** ***************************************************************************************************
 585:../Dave/Generated/UCPROBE/lib_ascii.c **** *                                           ASCII_ToUpper()
 586:../Dave/Generated/UCPROBE/lib_ascii.c **** *
 587:../Dave/Generated/UCPROBE/lib_ascii.c **** * Description : Convert lowercase alphabetic character to its corresponding uppercase alphabetic ch
 588:../Dave/Generated/UCPROBE/lib_ascii.c **** *
 589:../Dave/Generated/UCPROBE/lib_ascii.c **** * Argument(s) : c           Character to convert.
 590:../Dave/Generated/UCPROBE/lib_ascii.c **** *
 591:../Dave/Generated/UCPROBE/lib_ascii.c **** * Return(s)   : Uppercase equivalent of 'c', if character 'c' is a lowercase character (see Note #1
 592:../Dave/Generated/UCPROBE/lib_ascii.c **** *
 593:../Dave/Generated/UCPROBE/lib_ascii.c **** *               Character 'c',               otherwise                                 (see Note #1
 594:../Dave/Generated/UCPROBE/lib_ascii.c **** *
 595:../Dave/Generated/UCPROBE/lib_ascii.c **** * Caller(s)   : Application.
 596:../Dave/Generated/UCPROBE/lib_ascii.c **** *
 597:../Dave/Generated/UCPROBE/lib_ascii.c **** * Note(s)     : (1) (a) ISO/IEC 9899:TC2, Section 7.4.2.2.(2) states that "toupper() ... converts a
 598:../Dave/Generated/UCPROBE/lib_ascii.c **** *                       lowercase letter to a corresponding uppercase letter".
 599:../Dave/Generated/UCPROBE/lib_ascii.c **** *
 600:../Dave/Generated/UCPROBE/lib_ascii.c **** *                   (b) ISO/IEC 9899:TC2, Section 7.4.2.2.(3) states that :
 601:../Dave/Generated/UCPROBE/lib_ascii.c **** *
 602:../Dave/Generated/UCPROBE/lib_ascii.c **** *                       (1) (A) "if the argument is a character for which islower() is true and the
 603:../Dave/Generated/UCPROBE/lib_ascii.c **** *                                one or more corresponding characters ... for which isupper() is tr
 604:../Dave/Generated/UCPROBE/lib_ascii.c **** *                           (B) "toupper() ... returns one of the corresponding characters;" ...
 605:../Dave/Generated/UCPROBE/lib_ascii.c **** *
 606:../Dave/Generated/UCPROBE/lib_ascii.c **** *                       (2) "otherwise, the argument is returned unchanged."
 607:../Dave/Generated/UCPROBE/lib_ascii.c **** ***************************************************************************************************
 608:../Dave/Generated/UCPROBE/lib_ascii.c **** */
 609:../Dave/Generated/UCPROBE/lib_ascii.c **** 
 610:../Dave/Generated/UCPROBE/lib_ascii.c **** CPU_CHAR  ASCII_ToUpper (CPU_CHAR  c)
 611:../Dave/Generated/UCPROBE/lib_ascii.c **** {
 487              	 .loc 1 611 0
 488              	 .cfi_startproc
 489              	.LVL41:
 612:../Dave/Generated/UCPROBE/lib_ascii.c ****     CPU_CHAR  upper;
 613:../Dave/Generated/UCPROBE/lib_ascii.c **** 
 614:../Dave/Generated/UCPROBE/lib_ascii.c **** 
 615:../Dave/Generated/UCPROBE/lib_ascii.c ****     upper = ASCII_TO_UPPER(c);
 490              	 .loc 1 615 0
 491 0000 031C     	 mov r3,r0
 492 0002 613B     	 sub r3,r3,#97
 493 0004 192B     	 cmp r3,#25
 494 0006 01D8     	 bhi .L31
 495              	 .loc 1 615 0 is_stmt 0 discriminator 1
 496 0008 2038     	 sub r0,r0,#32
 497              	.LVL42:
 498 000a C0B2     	 uxtb r0,r0
 499              	.L31:
 500              	.LVL43:
 616:../Dave/Generated/UCPROBE/lib_ascii.c **** 
 617:../Dave/Generated/UCPROBE/lib_ascii.c ****     return (upper);
 618:../Dave/Generated/UCPROBE/lib_ascii.c **** }
 501              	 .loc 1 618 0 is_stmt 1 discriminator 4
 502              	 
 503 000c 7047     	 bx lr
 504              	 .cfi_endproc
 505              	.LFE14:
 507 000e C046     	 .section .text.ASCII_Cmp,"ax",%progbits
 508              	 .align 2
 509              	 .global ASCII_Cmp
 510              	 .code 16
 511              	 .thumb_func
 513              	ASCII_Cmp:
 514              	.LFB15:
 619:../Dave/Generated/UCPROBE/lib_ascii.c **** 
 620:../Dave/Generated/UCPROBE/lib_ascii.c **** 
 621:../Dave/Generated/UCPROBE/lib_ascii.c **** /*
 622:../Dave/Generated/UCPROBE/lib_ascii.c **** ***************************************************************************************************
 623:../Dave/Generated/UCPROBE/lib_ascii.c **** *                                             ASCII_Cmp()
 624:../Dave/Generated/UCPROBE/lib_ascii.c **** *
 625:../Dave/Generated/UCPROBE/lib_ascii.c **** * Description : Determine if two characters are identical (case-insensitive).
 626:../Dave/Generated/UCPROBE/lib_ascii.c **** *
 627:../Dave/Generated/UCPROBE/lib_ascii.c **** * Argument(s) : c1          First  character.
 628:../Dave/Generated/UCPROBE/lib_ascii.c **** *
 629:../Dave/Generated/UCPROBE/lib_ascii.c **** *               c2          Second character.
 630:../Dave/Generated/UCPROBE/lib_ascii.c **** *
 631:../Dave/Generated/UCPROBE/lib_ascii.c **** * Return(s)   : DEF_YES, if the characters are     identical.
 632:../Dave/Generated/UCPROBE/lib_ascii.c **** *
 633:../Dave/Generated/UCPROBE/lib_ascii.c **** *               DEF_NO,  if the characters are NOT identical.
 634:../Dave/Generated/UCPROBE/lib_ascii.c **** *
 635:../Dave/Generated/UCPROBE/lib_ascii.c **** * Caller(s)   : Application.
 636:../Dave/Generated/UCPROBE/lib_ascii.c **** *
 637:../Dave/Generated/UCPROBE/lib_ascii.c **** * Note(s)     : none.
 638:../Dave/Generated/UCPROBE/lib_ascii.c **** ***************************************************************************************************
 639:../Dave/Generated/UCPROBE/lib_ascii.c **** */
 640:../Dave/Generated/UCPROBE/lib_ascii.c **** 
 641:../Dave/Generated/UCPROBE/lib_ascii.c **** CPU_BOOLEAN  ASCII_Cmp (CPU_CHAR  c1,
 642:../Dave/Generated/UCPROBE/lib_ascii.c ****                         CPU_CHAR  c2)
 643:../Dave/Generated/UCPROBE/lib_ascii.c **** {
 515              	 .loc 1 643 0
 516              	 .cfi_startproc
 517              	.LVL44:
 518              	.LBB6:
 519              	.LBB7:
 615:../Dave/Generated/UCPROBE/lib_ascii.c **** 
 520              	 .loc 1 615 0
 521 0000 031C     	 mov r3,r0
 522 0002 613B     	 sub r3,r3,#97
 523 0004 192B     	 cmp r3,#25
 524 0006 01D8     	 bhi .L33
 525 0008 4133     	 add r3,r3,#65
 526 000a D8B2     	 uxtb r0,r3
 527              	.LVL45:
 528              	.L33:
 529              	.LBE7:
 530              	.LBE6:
 531              	.LBB8:
 532              	.LBB9:
 533 000c 0B1C     	 mov r3,r1
 534 000e 613B     	 sub r3,r3,#97
 535 0010 192B     	 cmp r3,#25
 536 0012 01D8     	 bhi .L34
 537 0014 2039     	 sub r1,r1,#32
 538              	.LVL46:
 539 0016 C9B2     	 uxtb r1,r1
 540              	.L34:
 541              	.LVL47:
 542              	.LBE9:
 543              	.LBE8:
 644:../Dave/Generated/UCPROBE/lib_ascii.c ****     CPU_CHAR     c1_upper;
 645:../Dave/Generated/UCPROBE/lib_ascii.c ****     CPU_CHAR     c2_upper;
 646:../Dave/Generated/UCPROBE/lib_ascii.c ****     CPU_BOOLEAN  cmp;
 647:../Dave/Generated/UCPROBE/lib_ascii.c **** 
 648:../Dave/Generated/UCPROBE/lib_ascii.c **** 
 649:../Dave/Generated/UCPROBE/lib_ascii.c ****     c1_upper =  ASCII_ToUpper(c1);
 650:../Dave/Generated/UCPROBE/lib_ascii.c ****     c2_upper =  ASCII_ToUpper(c2);
 651:../Dave/Generated/UCPROBE/lib_ascii.c ****     cmp      = (c1_upper == c2_upper) ? (DEF_YES) : (DEF_NO);
 544              	 .loc 1 651 0
 545 0018 401A     	 sub r0,r0,r1
 546              	.LVL48:
 547 001a 4142     	 neg r1,r0
 548 001c 4841     	 adc r0,r0,r1
 549              	.LVL49:
 652:../Dave/Generated/UCPROBE/lib_ascii.c **** 
 653:../Dave/Generated/UCPROBE/lib_ascii.c ****     return (cmp);
 654:../Dave/Generated/UCPROBE/lib_ascii.c **** }
 550              	 .loc 1 654 0
 551              	 
 653:../Dave/Generated/UCPROBE/lib_ascii.c **** }
 552              	 .loc 1 653 0
 553 001e C0B2     	 uxtb r0,r0
 554              	 .loc 1 654 0
 555 0020 7047     	 bx lr
 556              	 .cfi_endproc
 557              	.LFE15:
 559 0022 C046     	 .text
 560              	.Letext0:
 561              	 .file 2 "../Dave/Generated/UCPROBE/cpu.h"
DEFINED SYMBOLS
                            *ABS*:00000000 lib_ascii.c
    {standard input}:18     .text.ASCII_IsAlpha:00000000 $t
    {standard input}:23     .text.ASCII_IsAlpha:00000000 ASCII_IsAlpha
    {standard input}:50     .text.ASCII_IsAlphaNum:00000000 $t
    {standard input}:55     .text.ASCII_IsAlphaNum:00000000 ASCII_IsAlphaNum
    {standard input}:87     .text.ASCII_IsLower:00000000 $t
    {standard input}:92     .text.ASCII_IsLower:00000000 ASCII_IsLower
    {standard input}:116    .text.ASCII_IsUpper:00000000 $t
    {standard input}:121    .text.ASCII_IsUpper:00000000 ASCII_IsUpper
    {standard input}:145    .text.ASCII_IsDig:00000000 $t
    {standard input}:150    .text.ASCII_IsDig:00000000 ASCII_IsDig
    {standard input}:174    .text.ASCII_IsDigOct:00000000 $t
    {standard input}:179    .text.ASCII_IsDigOct:00000000 ASCII_IsDigOct
    {standard input}:203    .text.ASCII_IsDigHex:00000000 $t
    {standard input}:208    .text.ASCII_IsDigHex:00000000 ASCII_IsDigHex
    {standard input}:241    .text.ASCII_IsBlank:00000000 $t
    {standard input}:246    .text.ASCII_IsBlank:00000000 ASCII_IsBlank
    {standard input}:275    .text.ASCII_IsSpace:00000000 $t
    {standard input}:280    .text.ASCII_IsSpace:00000000 ASCII_IsSpace
    {standard input}:312    .text.ASCII_IsPrint:00000000 $t
    {standard input}:317    .text.ASCII_IsPrint:00000000 ASCII_IsPrint
    {standard input}:341    .text.ASCII_IsGraph:00000000 $t
    {standard input}:346    .text.ASCII_IsGraph:00000000 ASCII_IsGraph
    {standard input}:370    .text.ASCII_IsPunct:00000000 $t
    {standard input}:375    .text.ASCII_IsPunct:00000000 ASCII_IsPunct
    {standard input}:420    .text.ASCII_IsCtrl:00000000 $t
    {standard input}:425    .text.ASCII_IsCtrl:00000000 ASCII_IsCtrl
    {standard input}:452    .text.ASCII_ToLower:00000000 $t
    {standard input}:457    .text.ASCII_ToLower:00000000 ASCII_ToLower
    {standard input}:480    .text.ASCII_ToUpper:00000000 $t
    {standard input}:485    .text.ASCII_ToUpper:00000000 ASCII_ToUpper
    {standard input}:508    .text.ASCII_Cmp:00000000 $t
    {standard input}:513    .text.ASCII_Cmp:00000000 ASCII_Cmp
                     .debug_frame:00000010 $d

NO UNDEFINED SYMBOLS
