   1              	 .cpu cortex-m0
   2              	 .fpu softvfp
   3              	 .eabi_attribute 20,1
   4              	 .eabi_attribute 21,1
   5              	 .eabi_attribute 23,3
   6              	 .eabi_attribute 24,1
   7              	 .eabi_attribute 25,1
   8              	 .eabi_attribute 26,1
   9              	 .eabi_attribute 30,2
  10              	 .eabi_attribute 34,0
  11              	 .eabi_attribute 18,4
  12              	 .code 16
  13              	 .file "ucprobe.c"
  14              	 .text
  15              	.Ltext0:
  16              	 .cfi_sections .debug_frame
  17              	 .section .text.UCPROBE_GetAppVersion,"ax",%progbits
  18              	 .align 2
  19              	 .global UCPROBE_GetAppVersion
  20              	 .code 16
  21              	 .thumb_func
  23              	UCPROBE_GetAppVersion:
  24              	.LFB0:
  25              	 .file 1 "../Dave/Generated/UCPROBE/ucprobe.c"
   1:../Dave/Generated/UCPROBE/ucprobe.c **** /**
   2:../Dave/Generated/UCPROBE/ucprobe.c ****  * @file ucprobe.c
   3:../Dave/Generated/UCPROBE/ucprobe.c ****  * @date 2017-06-26
   4:../Dave/Generated/UCPROBE/ucprobe.c ****  *
   5:../Dave/Generated/UCPROBE/ucprobe.c ****  * NOTE:
   6:../Dave/Generated/UCPROBE/ucprobe.c ****  * This file is generated by DAVE-4. Any manual modification done to this file will be lost when th
   7:../Dave/Generated/UCPROBE/ucprobe.c ****  *
   8:../Dave/Generated/UCPROBE/ucprobe.c ****  * @cond
   9:../Dave/Generated/UCPROBE/ucprobe.c ****  **************************************************************************************************
  10:../Dave/Generated/UCPROBE/ucprobe.c ****  * UCPROBE v4.0.4 - Configures UCPROBE target code
  11:../Dave/Generated/UCPROBE/ucprobe.c ****  * Copyright (c) 2015-2017, Infineon Technologies AG
  12:../Dave/Generated/UCPROBE/ucprobe.c ****  * All rights reserved.
  13:../Dave/Generated/UCPROBE/ucprobe.c ****  *
  14:../Dave/Generated/UCPROBE/ucprobe.c ****  * Redistribution and use in source and binary forms, with or without modification,are permitted pr
  15:../Dave/Generated/UCPROBE/ucprobe.c ****  * following conditions are met:
  16:../Dave/Generated/UCPROBE/ucprobe.c ****  *
  17:../Dave/Generated/UCPROBE/ucprobe.c ****  *   Redistributions of source code must retain the above copyright notice, this list of conditions
  18:../Dave/Generated/UCPROBE/ucprobe.c ****  *   disclaimer.
  19:../Dave/Generated/UCPROBE/ucprobe.c ****  *
  20:../Dave/Generated/UCPROBE/ucprobe.c ****  *   Redistributions in binary form must reproduce the above copyright notice, this list of conditi
  21:../Dave/Generated/UCPROBE/ucprobe.c ****  *   following disclaimer in the documentation and/or other materials provided with the distributio
  22:../Dave/Generated/UCPROBE/ucprobe.c ****  *
  23:../Dave/Generated/UCPROBE/ucprobe.c ****  *   Neither the name of the copyright holders nor the names of its contributors may be used to end
  24:../Dave/Generated/UCPROBE/ucprobe.c ****  *   products derived from this software without specific prior written permission.
  25:../Dave/Generated/UCPROBE/ucprobe.c ****  *
  26:../Dave/Generated/UCPROBE/ucprobe.c ****  * THIS SOFTWARE IS PROVIDED BY THE COPYRIGHT HOLDERS AND CONTRIBUTORS "AS IS" AND ANY EXPRESS OR I
  27:../Dave/Generated/UCPROBE/ucprobe.c ****  * INCLUDING, BUT NOT LIMITED TO, THE IMPLIED WARRANTIES OF MERCHANTABILITY AND FITNESS FOR A PARTI
  28:../Dave/Generated/UCPROBE/ucprobe.c ****  * DISCLAIMED. IN NO EVENT SHALL THE COPYRIGHT HOLDER OR CONTRIBUTORS BE LIABLE  FOR ANY DIRECT, IN
  29:../Dave/Generated/UCPROBE/ucprobe.c ****  * SPECIAL, EXEMPLARY, OR CONSEQUENTIAL DAMAGES (INCLUDING, BUT NOT LIMITED TO, PROCUREMENT OF SUBS
  30:../Dave/Generated/UCPROBE/ucprobe.c ****  * SERVICES; LOSS OF USE, DATA, OR PROFITS; OR BUSINESS INTERRUPTION) HOWEVER CAUSED AND ON ANY THE
  31:../Dave/Generated/UCPROBE/ucprobe.c ****  * WHETHER IN CONTRACT, STRICT LIABILITY,OR TORT (INCLUDING NEGLIGENCE OR OTHERWISE) ARISING IN ANY
  32:../Dave/Generated/UCPROBE/ucprobe.c ****  * USE OF THIS SOFTWARE, EVEN IF ADVISED OF THE POSSIBILITY OF SUCH DAMAGE.
  33:../Dave/Generated/UCPROBE/ucprobe.c ****  *
  34:../Dave/Generated/UCPROBE/ucprobe.c ****  * To improve the quality of the software, users are encouraged to share modifications, enhancement
  35:../Dave/Generated/UCPROBE/ucprobe.c ****  * with Infineon Technologies AG (dave@infineon.com).
  36:../Dave/Generated/UCPROBE/ucprobe.c ****  **************************************************************************************************
  37:../Dave/Generated/UCPROBE/ucprobe.c ****  *
  38:../Dave/Generated/UCPROBE/ucprobe.c ****  * Change History
  39:../Dave/Generated/UCPROBE/ucprobe.c ****  * --------------
  40:../Dave/Generated/UCPROBE/ucprobe.c ****  *
  41:../Dave/Generated/UCPROBE/ucprobe.c ****  * 2016-07-30:
  42:../Dave/Generated/UCPROBE/ucprobe.c ****  *     - Initial version<br>
  43:../Dave/Generated/UCPROBE/ucprobe.c ****  *
  44:../Dave/Generated/UCPROBE/ucprobe.c ****  * @endcond
  45:../Dave/Generated/UCPROBE/ucprobe.c ****  *
  46:../Dave/Generated/UCPROBE/ucprobe.c ****  */
  47:../Dave/Generated/UCPROBE/ucprobe.c **** 
  48:../Dave/Generated/UCPROBE/ucprobe.c **** 
  49:../Dave/Generated/UCPROBE/ucprobe.c **** /**************************************************************************************************
  50:../Dave/Generated/UCPROBE/ucprobe.c ****  * HEADER FILES
  51:../Dave/Generated/UCPROBE/ucprobe.c ****  **************************************************************************************************
  52:../Dave/Generated/UCPROBE/ucprobe.c **** #include "ucprobe.h"
  53:../Dave/Generated/UCPROBE/ucprobe.c **** #include "probe_rs232.h"
  54:../Dave/Generated/UCPROBE/ucprobe.c **** #include "probe_scope.h"
  55:../Dave/Generated/UCPROBE/ucprobe.c **** #include "probe_scope_cfg.h"
  56:../Dave/Generated/UCPROBE/ucprobe.c **** 
  57:../Dave/Generated/UCPROBE/ucprobe.c **** /**************************************************************************************************
  58:../Dave/Generated/UCPROBE/ucprobe.c ****  * PRIVATE FUNCTION PROTOTYPES
  59:../Dave/Generated/UCPROBE/ucprobe.c ****  **************************************************************************************************
  60:../Dave/Generated/UCPROBE/ucprobe.c **** 
  61:../Dave/Generated/UCPROBE/ucprobe.c **** /**************************************************************************************************
  62:../Dave/Generated/UCPROBE/ucprobe.c ****  * API IMPLEMENTATION
  63:../Dave/Generated/UCPROBE/ucprobe.c ****  **************************************************************************************************
  64:../Dave/Generated/UCPROBE/ucprobe.c **** 
  65:../Dave/Generated/UCPROBE/ucprobe.c **** /* API to retrieve App version info */
  66:../Dave/Generated/UCPROBE/ucprobe.c **** DAVE_APP_VERSION_t UCPROBE_GetAppVersion(void)
  67:../Dave/Generated/UCPROBE/ucprobe.c **** {
  26              	 .loc 1 67 0
  27              	 .cfi_startproc
  28              	.LVL0:
  68:../Dave/Generated/UCPROBE/ucprobe.c ****   DAVE_APP_VERSION_t version;
  69:../Dave/Generated/UCPROBE/ucprobe.c **** 
  70:../Dave/Generated/UCPROBE/ucprobe.c ****   version.major = UCPROBE_MAJOR_VERSION;
  71:../Dave/Generated/UCPROBE/ucprobe.c ****   version.minor = UCPROBE_MINOR_VERSION;
  72:../Dave/Generated/UCPROBE/ucprobe.c ****   version.patch = UCPROBE_PATCH_VERSION;
  73:../Dave/Generated/UCPROBE/ucprobe.c **** 
  74:../Dave/Generated/UCPROBE/ucprobe.c ****   return (version);
  75:../Dave/Generated/UCPROBE/ucprobe.c **** }
  29              	 .loc 1 75 0
  30 0000 0148     	 ldr r0,.L2
  67:../Dave/Generated/UCPROBE/ucprobe.c ****   DAVE_APP_VERSION_t version;
  31              	 .loc 1 67 0
  32 0002 82B0     	 sub sp,sp,#8
  33              	.LCFI0:
  34              	 .cfi_def_cfa_offset 8
  35              	 .loc 1 75 0
  36 0004 02B0     	 add sp,sp,#8
  37              	 
  38 0006 7047     	 bx lr
  39              	.L3:
  40              	 .align 2
  41              	.L2:
  42 0008 04000600 	 .word 393220
  43              	 .cfi_endproc
  44              	.LFE0:
  46              	 .section .text.UCPROBE_Init,"ax",%progbits
  47              	 .align 2
  48              	 .global UCPROBE_Init
  49              	 .code 16
  50              	 .thumb_func
  52              	UCPROBE_Init:
  53              	.LFB1:
  76:../Dave/Generated/UCPROBE/ucprobe.c **** 
  77:../Dave/Generated/UCPROBE/ucprobe.c **** /* API to initialize UC/Probe support */
  78:../Dave/Generated/UCPROBE/ucprobe.c **** void UCPROBE_Init(void)
  79:../Dave/Generated/UCPROBE/ucprobe.c **** {
  54              	 .loc 1 79 0
  55              	 .cfi_startproc
  80:../Dave/Generated/UCPROBE/ucprobe.c **** #if UCPROBE_PROBESCOPE_EN
  81:../Dave/Generated/UCPROBE/ucprobe.c ****   ProbeScope_Init(PROBE_SCOPE_SAMPLING_CLK_HZ_DFLT);
  56              	 .loc 1 81 0
  57 0000 FA20     	 mov r0,#250
  79:../Dave/Generated/UCPROBE/ucprobe.c **** #if UCPROBE_PROBESCOPE_EN
  58              	 .loc 1 79 0
  59 0002 08B5     	 push {r3,lr}
  60              	.LCFI1:
  61              	 .cfi_def_cfa_offset 8
  62              	 .cfi_offset 3,-8
  63              	 .cfi_offset 14,-4
  64              	 .loc 1 81 0
  65 0004 8000     	 lsl r0,r0,#2
  66 0006 FFF7FEFF 	 bl ProbeScope_Init
  67              	.LVL1:
  82:../Dave/Generated/UCPROBE/ucprobe.c **** #endif
  83:../Dave/Generated/UCPROBE/ucprobe.c **** 
  84:../Dave/Generated/UCPROBE/ucprobe.c **** #if (PROBE_COM_CFG_RS232_EN == DEF_ENABLED)
  85:../Dave/Generated/UCPROBE/ucprobe.c ****   ProbeCom_Init(); /* Initialize the Generic module */
  86:../Dave/Generated/UCPROBE/ucprobe.c ****   ProbeRS232_Init(UCPROBE_UART_BAUD_RATE); /* Initialize the RS-232 interface */
  87:../Dave/Generated/UCPROBE/ucprobe.c ****   ProbeRS232_RxIntEn(); /* Initialize the RS-232 Rx interrupts */
  88:../Dave/Generated/UCPROBE/ucprobe.c **** #endif
  89:../Dave/Generated/UCPROBE/ucprobe.c **** }
  68              	 .loc 1 89 0
  69              	 
  70 000a 08BD     	 pop {r3,pc}
  71              	 .cfi_endproc
  72              	.LFE1:
  74              	 .text
  75              	.Letext0:
  76              	 .file 2 "c:\\users\\jutta.schuerba\\desktop\\dave-ide-4.4.2-64bit\\eclipse\\arm-gcc-49\\arm-none-eabi\\include\\machine\\_default_types.h"
  77              	 .file 3 "c:\\users\\jutta.schuerba\\desktop\\dave-ide-4.4.2-64bit\\eclipse\\arm-gcc-49\\arm-none-eabi\\include\\stdint.h"
  78              	 .file 4 "C:/Workspaces/DAVE-4.4.2-64Bit/WIRELESS_CHARGER_RECVEIVER_delivered/Dave/Generated/DAVE_common.h"
  79              	 .file 5 "../Dave/Generated/UCPROBE/probe_scope.h"
DEFINED SYMBOLS
                            *ABS*:00000000 ucprobe.c
    {standard input}:18     .text.UCPROBE_GetAppVersion:00000000 $t
    {standard input}:23     .text.UCPROBE_GetAppVersion:00000000 UCPROBE_GetAppVersion
    {standard input}:42     .text.UCPROBE_GetAppVersion:00000008 $d
    {standard input}:47     .text.UCPROBE_Init:00000000 $t
    {standard input}:52     .text.UCPROBE_Init:00000000 UCPROBE_Init
                     .debug_frame:00000010 $d

UNDEFINED SYMBOLS
ProbeScope_Init
