   1              	 .cpu cortex-m0
   2              	 .fpu softvfp
   3              	 .eabi_attribute 20,1
   4              	 .eabi_attribute 21,1
   5              	 .eabi_attribute 23,3
   6              	 .eabi_attribute 24,1
   7              	 .eabi_attribute 25,1
   8              	 .eabi_attribute 26,1
   9              	 .eabi_attribute 30,2
  10              	 .eabi_attribute 34,0
  11              	 .eabi_attribute 18,4
  12              	 .code 16
  13              	 .file "adc_measurement_adv_conf.c"
  14              	 .text
  15              	.Ltext0:
  16              	 .cfi_sections .debug_frame
  17              	 .section .text.VOLT_CURR_TEMP_event_config,"ax",%progbits
  18              	 .align 2
  19              	 .code 16
  20              	 .thumb_func
  22              	VOLT_CURR_TEMP_event_config:
  23              	.LFB141:
  24              	 .file 1 "../Dave/Generated/ADC_MEASUREMENT_ADV/adc_measurement_adv_conf.c"
   1:../Dave/Generated/ADC_MEASUREMENT_ADV/adc_measurement_adv_conf.c **** /**************************************************************************************************
   2:../Dave/Generated/ADC_MEASUREMENT_ADV/adc_measurement_adv_conf.c **** * DAVE APP Name : ADC_MEASUREMENT_ADV       APP Version: 4.0.14
   3:../Dave/Generated/ADC_MEASUREMENT_ADV/adc_measurement_adv_conf.c **** *
   4:../Dave/Generated/ADC_MEASUREMENT_ADV/adc_measurement_adv_conf.c **** * NOTE:
   5:../Dave/Generated/ADC_MEASUREMENT_ADV/adc_measurement_adv_conf.c **** * This file is generated by DAVE. Any manual modification done to this file will be lost when the c
   6:../Dave/Generated/ADC_MEASUREMENT_ADV/adc_measurement_adv_conf.c **** ***************************************************************************************************
   7:../Dave/Generated/ADC_MEASUREMENT_ADV/adc_measurement_adv_conf.c **** 
   8:../Dave/Generated/ADC_MEASUREMENT_ADV/adc_measurement_adv_conf.c **** /* @cond
   9:../Dave/Generated/ADC_MEASUREMENT_ADV/adc_measurement_adv_conf.c ****  **************************************************************************************************
  10:../Dave/Generated/ADC_MEASUREMENT_ADV/adc_measurement_adv_conf.c ****  *
  11:../Dave/Generated/ADC_MEASUREMENT_ADV/adc_measurement_adv_conf.c ****  * Copyright (c) 2015-2016, Infineon Technologies AG
  12:../Dave/Generated/ADC_MEASUREMENT_ADV/adc_measurement_adv_conf.c ****  * All rights reserved.
  13:../Dave/Generated/ADC_MEASUREMENT_ADV/adc_measurement_adv_conf.c ****  *
  14:../Dave/Generated/ADC_MEASUREMENT_ADV/adc_measurement_adv_conf.c ****  * Redistribution and use in source and binary forms, with or without modification,are permitted pr
  15:../Dave/Generated/ADC_MEASUREMENT_ADV/adc_measurement_adv_conf.c ****  * following conditions are met:
  16:../Dave/Generated/ADC_MEASUREMENT_ADV/adc_measurement_adv_conf.c ****  *
  17:../Dave/Generated/ADC_MEASUREMENT_ADV/adc_measurement_adv_conf.c ****  *   Redistributions of source code must retain the above copyright notice, this list of conditions
  18:../Dave/Generated/ADC_MEASUREMENT_ADV/adc_measurement_adv_conf.c ****  *   disclaimer.
  19:../Dave/Generated/ADC_MEASUREMENT_ADV/adc_measurement_adv_conf.c ****  *
  20:../Dave/Generated/ADC_MEASUREMENT_ADV/adc_measurement_adv_conf.c ****  *   Redistributions in binary form must reproduce the above copyright notice, this list of conditi
  21:../Dave/Generated/ADC_MEASUREMENT_ADV/adc_measurement_adv_conf.c ****  *   following disclaimer in the documentation and/or other materials provided with the distributio
  22:../Dave/Generated/ADC_MEASUREMENT_ADV/adc_measurement_adv_conf.c ****  *
  23:../Dave/Generated/ADC_MEASUREMENT_ADV/adc_measurement_adv_conf.c ****  *   Neither the name of the copyright holders nor the names of its contributors may be used to end
  24:../Dave/Generated/ADC_MEASUREMENT_ADV/adc_measurement_adv_conf.c ****  *   products derived from this software without specific prior written permission.
  25:../Dave/Generated/ADC_MEASUREMENT_ADV/adc_measurement_adv_conf.c ****  *
  26:../Dave/Generated/ADC_MEASUREMENT_ADV/adc_measurement_adv_conf.c ****  * THIS SOFTWARE IS PROVIDED BY THE COPYRIGHT HOLDERS AND CONTRIBUTORS "AS IS" AND ANY EXPRESS OR I
  27:../Dave/Generated/ADC_MEASUREMENT_ADV/adc_measurement_adv_conf.c ****  * INCLUDING, BUT NOT LIMITED TO, THE IMPLIED WARRANTIES OF MERCHANTABILITY AND FITNESS FOR A PARTI
  28:../Dave/Generated/ADC_MEASUREMENT_ADV/adc_measurement_adv_conf.c ****  * DISCLAIMED. IN NO EVENT SHALL THE COPYRIGHT HOLDER OR CONTRIBUTORS BE LIABLE  FOR ANY DIRECT, IN
  29:../Dave/Generated/ADC_MEASUREMENT_ADV/adc_measurement_adv_conf.c ****  * SPECIAL, EXEMPLARY, OR CONSEQUENTIAL DAMAGES (INCLUDING, BUT NOT LIMITED TO, PROCUREMENT OF SUBS
  30:../Dave/Generated/ADC_MEASUREMENT_ADV/adc_measurement_adv_conf.c ****  * SERVICES; LOSS OF USE, DATA, OR PROFITS; OR BUSINESS INTERRUPTION) HOWEVER CAUSED AND ON ANY THE
  31:../Dave/Generated/ADC_MEASUREMENT_ADV/adc_measurement_adv_conf.c ****  * WHETHER IN CONTRACT, STRICT LIABILITY,OR TORT (INCLUDING NEGLIGENCE OR OTHERWISE) ARISING IN ANY
  32:../Dave/Generated/ADC_MEASUREMENT_ADV/adc_measurement_adv_conf.c ****  * USE OF THIS SOFTWARE, EVEN IF ADVISED OF THE POSSIBILITY OF SUCH DAMAGE.
  33:../Dave/Generated/ADC_MEASUREMENT_ADV/adc_measurement_adv_conf.c ****  *
  34:../Dave/Generated/ADC_MEASUREMENT_ADV/adc_measurement_adv_conf.c ****  * To improve the quality of the software, users are encouraged to share modifications, enhancement
  35:../Dave/Generated/ADC_MEASUREMENT_ADV/adc_measurement_adv_conf.c ****  * with Infineon Technologies AG (dave@infineon.com).
  36:../Dave/Generated/ADC_MEASUREMENT_ADV/adc_measurement_adv_conf.c ****  **************************************************************************************************
  37:../Dave/Generated/ADC_MEASUREMENT_ADV/adc_measurement_adv_conf.c ****  *
  38:../Dave/Generated/ADC_MEASUREMENT_ADV/adc_measurement_adv_conf.c ****  * Change History
  39:../Dave/Generated/ADC_MEASUREMENT_ADV/adc_measurement_adv_conf.c ****  * --------------
  40:../Dave/Generated/ADC_MEASUREMENT_ADV/adc_measurement_adv_conf.c ****  *
  41:../Dave/Generated/ADC_MEASUREMENT_ADV/adc_measurement_adv_conf.c ****  * 2015-10-09:
  42:../Dave/Generated/ADC_MEASUREMENT_ADV/adc_measurement_adv_conf.c ****  *     - Initial version for DAVEv4.<BR>
  43:../Dave/Generated/ADC_MEASUREMENT_ADV/adc_measurement_adv_conf.c ****  *
  44:../Dave/Generated/ADC_MEASUREMENT_ADV/adc_measurement_adv_conf.c ****  * 2015-10-20:
  45:../Dave/Generated/ADC_MEASUREMENT_ADV/adc_measurement_adv_conf.c ****  *     - Documentation updated.<BR>
  46:../Dave/Generated/ADC_MEASUREMENT_ADV/adc_measurement_adv_conf.c ****  *
  47:../Dave/Generated/ADC_MEASUREMENT_ADV/adc_measurement_adv_conf.c ****  * 2015-12-15:
  48:../Dave/Generated/ADC_MEASUREMENT_ADV/adc_measurement_adv_conf.c ****  *     - Added support for XMC4300 devices.<BR>
  49:../Dave/Generated/ADC_MEASUREMENT_ADV/adc_measurement_adv_conf.c ****  *
  50:../Dave/Generated/ADC_MEASUREMENT_ADV/adc_measurement_adv_conf.c ****  * 2016-01-18:
  51:../Dave/Generated/ADC_MEASUREMENT_ADV/adc_measurement_adv_conf.c ****  *     - 1.Internal consumption of request source.<BR>
  52:../Dave/Generated/ADC_MEASUREMENT_ADV/adc_measurement_adv_conf.c ****  *     - 2.Support for synchronized conversion reduced from 8 master channels to 4 .<BR>
  53:../Dave/Generated/ADC_MEASUREMENT_ADV/adc_measurement_adv_conf.c ****  *     - 3.Converted the SetBoundary() API from public API to private API .<BR>
  54:../Dave/Generated/ADC_MEASUREMENT_ADV/adc_measurement_adv_conf.c ****  *     - 4.Updated all APIs for the Internal consumption of request source.<BR>
  55:../Dave/Generated/ADC_MEASUREMENT_ADV/adc_measurement_adv_conf.c ****  *
  56:../Dave/Generated/ADC_MEASUREMENT_ADV/adc_measurement_adv_conf.c ****  *
  57:../Dave/Generated/ADC_MEASUREMENT_ADV/adc_measurement_adv_conf.c ****  * 2016-02-05:
  58:../Dave/Generated/ADC_MEASUREMENT_ADV/adc_measurement_adv_conf.c ****  *     - Documentation updated.<BR>
  59:../Dave/Generated/ADC_MEASUREMENT_ADV/adc_measurement_adv_conf.c ****  *
  60:../Dave/Generated/ADC_MEASUREMENT_ADV/adc_measurement_adv_conf.c ****  * 2016-03-18:
  61:../Dave/Generated/ADC_MEASUREMENT_ADV/adc_measurement_adv_conf.c ****  *     - Added consumption of the GLOBAL ICLASS -1 for Sync. Conversions.<BR>
  62:../Dave/Generated/ADC_MEASUREMENT_ADV/adc_measurement_adv_conf.c ****  *     - Added consumption of the result register-0 for subtraction mode.<BR>
  63:../Dave/Generated/ADC_MEASUREMENT_ADV/adc_measurement_adv_conf.c ****  *     - Removed ADC_MEASUREMENT_ADV_SetUniformConversion().<BR>
  64:../Dave/Generated/ADC_MEASUREMENT_ADV/adc_measurement_adv_conf.c ****  *     - New API ADC_MEASUREMENT_ADV_SetIclass() added to configure the GLOBAL ICLASS for Slaves. <
  65:../Dave/Generated/ADC_MEASUREMENT_ADV/adc_measurement_adv_conf.c ****  *
  66:../Dave/Generated/ADC_MEASUREMENT_ADV/adc_measurement_adv_conf.c ****  * 2016-04-26:
  67:../Dave/Generated/ADC_MEASUREMENT_ADV/adc_measurement_adv_conf.c ****  *     - The synchronized conversion in a master slave configuration is currently not supported.<BR
  68:../Dave/Generated/ADC_MEASUREMENT_ADV/adc_measurement_adv_conf.c ****  *
  69:../Dave/Generated/ADC_MEASUREMENT_ADV/adc_measurement_adv_conf.c ****  * 2016-06-17:
  70:../Dave/Generated/ADC_MEASUREMENT_ADV/adc_measurement_adv_conf.c ****  *     - The synchronized conversion is supported.<BR>
  71:../Dave/Generated/ADC_MEASUREMENT_ADV/adc_measurement_adv_conf.c ****  *     - Modified the Sync initialization sequence to configure the EVAL bits in the slave groups.<
  72:../Dave/Generated/ADC_MEASUREMENT_ADV/adc_measurement_adv_conf.c ****  *
  73:../Dave/Generated/ADC_MEASUREMENT_ADV/adc_measurement_adv_conf.c ****  * 2016-08-18:
  74:../Dave/Generated/ADC_MEASUREMENT_ADV/adc_measurement_adv_conf.c ****  *     - Minimum sample time at low frequencies changed to incorporate Errata ADC_AI.H006 and ADC_A
  75:../Dave/Generated/ADC_MEASUREMENT_ADV/adc_measurement_adv_conf.c ****  *
  76:../Dave/Generated/ADC_MEASUREMENT_ADV/adc_measurement_adv_conf.c ****  * @endcond
  77:../Dave/Generated/ADC_MEASUREMENT_ADV/adc_measurement_adv_conf.c ****  *
  78:../Dave/Generated/ADC_MEASUREMENT_ADV/adc_measurement_adv_conf.c ****  */
  79:../Dave/Generated/ADC_MEASUREMENT_ADV/adc_measurement_adv_conf.c **** 
  80:../Dave/Generated/ADC_MEASUREMENT_ADV/adc_measurement_adv_conf.c **** /**************************************************************************************************
  81:../Dave/Generated/ADC_MEASUREMENT_ADV/adc_measurement_adv_conf.c ****  * HEADER FILES
  82:../Dave/Generated/ADC_MEASUREMENT_ADV/adc_measurement_adv_conf.c ****  **************************************************************************************************
  83:../Dave/Generated/ADC_MEASUREMENT_ADV/adc_measurement_adv_conf.c **** 
  84:../Dave/Generated/ADC_MEASUREMENT_ADV/adc_measurement_adv_conf.c **** #include "adc_measurement_adv.h"
  85:../Dave/Generated/ADC_MEASUREMENT_ADV/adc_measurement_adv_conf.c **** 
  86:../Dave/Generated/ADC_MEASUREMENT_ADV/adc_measurement_adv_conf.c **** /**************************************************************************************************
  87:../Dave/Generated/ADC_MEASUREMENT_ADV/adc_measurement_adv_conf.c ****  * EXTERN DECLARATIONS
  88:../Dave/Generated/ADC_MEASUREMENT_ADV/adc_measurement_adv_conf.c ****  **************************************************************************************************
  89:../Dave/Generated/ADC_MEASUREMENT_ADV/adc_measurement_adv_conf.c **** 
  90:../Dave/Generated/ADC_MEASUREMENT_ADV/adc_measurement_adv_conf.c **** 
  91:../Dave/Generated/ADC_MEASUREMENT_ADV/adc_measurement_adv_conf.c **** /**************************************************************************************************
  92:../Dave/Generated/ADC_MEASUREMENT_ADV/adc_measurement_adv_conf.c **** * DATA STRUCTURES
  93:../Dave/Generated/ADC_MEASUREMENT_ADV/adc_measurement_adv_conf.c **** ***************************************************************************************************
  94:../Dave/Generated/ADC_MEASUREMENT_ADV/adc_measurement_adv_conf.c **** 
  95:../Dave/Generated/ADC_MEASUREMENT_ADV/adc_measurement_adv_conf.c **** /* This function would be called in the ADC_MEASUREMENT_Init() to initialize the SR lines of the
  96:../Dave/Generated/ADC_MEASUREMENT_ADV/adc_measurement_adv_conf.c ****  * Result event/channel event.
  97:../Dave/Generated/ADC_MEASUREMENT_ADV/adc_measurement_adv_conf.c ****  */
  98:../Dave/Generated/ADC_MEASUREMENT_ADV/adc_measurement_adv_conf.c **** static void VOLT_CURR_TEMP_event_config(void)
  99:../Dave/Generated/ADC_MEASUREMENT_ADV/adc_measurement_adv_conf.c **** {
  25              	 .loc 1 99 0
  26              	 .cfi_startproc
  27 0000 08B5     	 push {r3,lr}
  28              	.LCFI0:
  29              	 .cfi_def_cfa_offset 8
  30              	 .cfi_offset 3,-8
  31              	 .cfi_offset 14,-4
 100:../Dave/Generated/ADC_MEASUREMENT_ADV/adc_measurement_adv_conf.c **** 
 101:../Dave/Generated/ADC_MEASUREMENT_ADV/adc_measurement_adv_conf.c **** 	/* Result Event Node Mux Configuration for Temperature (Group-1 channel-7 Result_Register-10)*/
 102:../Dave/Generated/ADC_MEASUREMENT_ADV/adc_measurement_adv_conf.c **** 	XMC_VADC_GROUP_SetResultInterruptNode(VADC_G1, 10U, XMC_VADC_SR_GROUP_SR1);
  32              	 .loc 1 102 0
  33 0002 0348     	 ldr r0,.L2
  34 0004 0A21     	 mov r1,#10
  35 0006 0122     	 mov r2,#1
  36 0008 FFF7FEFF 	 bl XMC_VADC_GROUP_SetResultInterruptNode
  37              	.LVL0:
 103:../Dave/Generated/ADC_MEASUREMENT_ADV/adc_measurement_adv_conf.c **** 
 104:../Dave/Generated/ADC_MEASUREMENT_ADV/adc_measurement_adv_conf.c **** }
  38              	 .loc 1 104 0
  39              	 
  40 000c 08BD     	 pop {r3,pc}
  41              	.L3:
  42 000e C046     	 .align 2
  43              	.L2:
  44 0010 00080348 	 .word 1208158208
  45              	 .cfi_endproc
  46              	.LFE141:
  48              	 .section .text.ACOMP_event_config,"ax",%progbits
  49              	 .align 2
  50              	 .code 16
  51              	 .thumb_func
  53              	ACOMP_event_config:
  54              	.LFB142:
 105:../Dave/Generated/ADC_MEASUREMENT_ADV/adc_measurement_adv_conf.c **** 
 106:../Dave/Generated/ADC_MEASUREMENT_ADV/adc_measurement_adv_conf.c **** 
 107:../Dave/Generated/ADC_MEASUREMENT_ADV/adc_measurement_adv_conf.c **** 
 108:../Dave/Generated/ADC_MEASUREMENT_ADV/adc_measurement_adv_conf.c **** /********************************* Voltage ADC Channel configuration structure ********************
 109:../Dave/Generated/ADC_MEASUREMENT_ADV/adc_measurement_adv_conf.c **** static const XMC_VADC_CHANNEL_CONFIG_t  VOLT_CURR_TEMP_Voltage_ch_config =
 110:../Dave/Generated/ADC_MEASUREMENT_ADV/adc_measurement_adv_conf.c **** {
 111:../Dave/Generated/ADC_MEASUREMENT_ADV/adc_measurement_adv_conf.c ****   .input_class                = (uint32_t) XMC_VADC_CHANNEL_CONV_GROUP_CLASS0,
 112:../Dave/Generated/ADC_MEASUREMENT_ADV/adc_measurement_adv_conf.c ****   .lower_boundary_select      = (uint32_t) XMC_VADC_CHANNEL_BOUNDARY_GROUP_BOUND0,
 113:../Dave/Generated/ADC_MEASUREMENT_ADV/adc_measurement_adv_conf.c ****   .upper_boundary_select      = (uint32_t) XMC_VADC_CHANNEL_BOUNDARY_GROUP_BOUND0,
 114:../Dave/Generated/ADC_MEASUREMENT_ADV/adc_measurement_adv_conf.c ****   .event_gen_criteria         = (uint32_t) XMC_VADC_CHANNEL_EVGEN_NEVER,
 115:../Dave/Generated/ADC_MEASUREMENT_ADV/adc_measurement_adv_conf.c ****   .sync_conversion            = (uint32_t) false,                            /* Sync feature disabl
 116:../Dave/Generated/ADC_MEASUREMENT_ADV/adc_measurement_adv_conf.c ****   .alternate_reference        = (uint32_t) XMC_VADC_CHANNEL_REF_INTREF,  /* Internal reference sele
 117:../Dave/Generated/ADC_MEASUREMENT_ADV/adc_measurement_adv_conf.c ****   .result_reg_number          = (uint32_t) 11,                           /* GxRES[11] selected */
 118:../Dave/Generated/ADC_MEASUREMENT_ADV/adc_measurement_adv_conf.c ****   .result_alignment           = (uint32_t) XMC_VADC_RESULT_ALIGN_RIGHT,  /* Result alignment - Righ
 119:../Dave/Generated/ADC_MEASUREMENT_ADV/adc_measurement_adv_conf.c ****   .broken_wire_detect_channel = (uint32_t) XMC_VADC_CHANNEL_BWDCH_VAGND, /* No Broken wire mode sel
 120:../Dave/Generated/ADC_MEASUREMENT_ADV/adc_measurement_adv_conf.c ****   .broken_wire_detect         = (uint32_t) false,                     /* No Broken wire detection*/
 121:../Dave/Generated/ADC_MEASUREMENT_ADV/adc_measurement_adv_conf.c ****   .bfl                        = (uint32_t) 0,                            /* No Boundary flag */
 122:../Dave/Generated/ADC_MEASUREMENT_ADV/adc_measurement_adv_conf.c ****   .channel_priority           = (uint32_t) true,                      /* Highest Priority: 1 select
 123:../Dave/Generated/ADC_MEASUREMENT_ADV/adc_measurement_adv_conf.c ****   .alias_channel              = (int8_t) XMC_VADC_CHANNEL_ALIAS_DISABLED,   /* ALIAS is Disabled*/
 124:../Dave/Generated/ADC_MEASUREMENT_ADV/adc_measurement_adv_conf.c **** };
 125:../Dave/Generated/ADC_MEASUREMENT_ADV/adc_measurement_adv_conf.c **** 
 126:../Dave/Generated/ADC_MEASUREMENT_ADV/adc_measurement_adv_conf.c **** 
 127:../Dave/Generated/ADC_MEASUREMENT_ADV/adc_measurement_adv_conf.c **** /*Voltage Result configuration structure*/
 128:../Dave/Generated/ADC_MEASUREMENT_ADV/adc_measurement_adv_conf.c **** static const XMC_VADC_RESULT_CONFIG_t VOLT_CURR_TEMP_Voltage_res_config =
 129:../Dave/Generated/ADC_MEASUREMENT_ADV/adc_measurement_adv_conf.c **** {
 130:../Dave/Generated/ADC_MEASUREMENT_ADV/adc_measurement_adv_conf.c ****   .data_reduction_control  = (uint32_t) 3,
 131:../Dave/Generated/ADC_MEASUREMENT_ADV/adc_measurement_adv_conf.c ****   .post_processing_mode    = (uint32_t) XMC_VADC_DMM_REDUCTION_MODE,
 132:../Dave/Generated/ADC_MEASUREMENT_ADV/adc_measurement_adv_conf.c ****   .wait_for_read_mode      = (uint32_t) false,
 133:../Dave/Generated/ADC_MEASUREMENT_ADV/adc_measurement_adv_conf.c ****   .part_of_fifo            = (uint32_t) false , /* No FIFO */
 134:../Dave/Generated/ADC_MEASUREMENT_ADV/adc_measurement_adv_conf.c ****   .event_gen_enable        = (uint32_t) false   /* Disable Result event */
 135:../Dave/Generated/ADC_MEASUREMENT_ADV/adc_measurement_adv_conf.c **** };
 136:../Dave/Generated/ADC_MEASUREMENT_ADV/adc_measurement_adv_conf.c **** 
 137:../Dave/Generated/ADC_MEASUREMENT_ADV/adc_measurement_adv_conf.c **** /* Voltage ADC channel Handle */
 138:../Dave/Generated/ADC_MEASUREMENT_ADV/adc_measurement_adv_conf.c **** const ADC_MEASUREMENT_ADV_CHANNEL_t VOLT_CURR_TEMP_Voltage_handle =
 139:../Dave/Generated/ADC_MEASUREMENT_ADV/adc_measurement_adv_conf.c **** {
 140:../Dave/Generated/ADC_MEASUREMENT_ADV/adc_measurement_adv_conf.c ****   .ch_num        = (uint8_t) 5,
 141:../Dave/Generated/ADC_MEASUREMENT_ADV/adc_measurement_adv_conf.c ****   .group_index   = (uint8_t) 1,
 142:../Dave/Generated/ADC_MEASUREMENT_ADV/adc_measurement_adv_conf.c ****   .ch_handle     = (XMC_VADC_CHANNEL_CONFIG_t*) &VOLT_CURR_TEMP_Voltage_ch_config,
 143:../Dave/Generated/ADC_MEASUREMENT_ADV/adc_measurement_adv_conf.c ****   .res_handle[0] = (XMC_VADC_RESULT_CONFIG_t*) &VOLT_CURR_TEMP_Voltage_res_config,   
 144:../Dave/Generated/ADC_MEASUREMENT_ADV/adc_measurement_adv_conf.c **** };
 145:../Dave/Generated/ADC_MEASUREMENT_ADV/adc_measurement_adv_conf.c **** 
 146:../Dave/Generated/ADC_MEASUREMENT_ADV/adc_measurement_adv_conf.c **** 
 147:../Dave/Generated/ADC_MEASUREMENT_ADV/adc_measurement_adv_conf.c **** 
 148:../Dave/Generated/ADC_MEASUREMENT_ADV/adc_measurement_adv_conf.c **** /********************************* Current ADC Channel configuration structure ********************
 149:../Dave/Generated/ADC_MEASUREMENT_ADV/adc_measurement_adv_conf.c **** static const XMC_VADC_CHANNEL_CONFIG_t  VOLT_CURR_TEMP_Current_ch_config =
 150:../Dave/Generated/ADC_MEASUREMENT_ADV/adc_measurement_adv_conf.c **** {
 151:../Dave/Generated/ADC_MEASUREMENT_ADV/adc_measurement_adv_conf.c ****   .input_class                = (uint32_t) XMC_VADC_CHANNEL_CONV_GROUP_CLASS0,
 152:../Dave/Generated/ADC_MEASUREMENT_ADV/adc_measurement_adv_conf.c ****   .lower_boundary_select      = (uint32_t) XMC_VADC_CHANNEL_BOUNDARY_GROUP_BOUND0,
 153:../Dave/Generated/ADC_MEASUREMENT_ADV/adc_measurement_adv_conf.c ****   .upper_boundary_select      = (uint32_t) XMC_VADC_CHANNEL_BOUNDARY_GROUP_BOUND0,
 154:../Dave/Generated/ADC_MEASUREMENT_ADV/adc_measurement_adv_conf.c ****   .event_gen_criteria         = (uint32_t) XMC_VADC_CHANNEL_EVGEN_NEVER,
 155:../Dave/Generated/ADC_MEASUREMENT_ADV/adc_measurement_adv_conf.c ****   .sync_conversion            = (uint32_t) false,                            /* Sync feature disabl
 156:../Dave/Generated/ADC_MEASUREMENT_ADV/adc_measurement_adv_conf.c ****   .alternate_reference        = (uint32_t) XMC_VADC_CHANNEL_REF_INTREF,  /* Internal reference sele
 157:../Dave/Generated/ADC_MEASUREMENT_ADV/adc_measurement_adv_conf.c ****   .result_reg_number          = (uint32_t) 4,                           /* GxRES[4] selected */
 158:../Dave/Generated/ADC_MEASUREMENT_ADV/adc_measurement_adv_conf.c ****   .result_alignment           = (uint32_t) XMC_VADC_RESULT_ALIGN_RIGHT,  /* Result alignment - Righ
 159:../Dave/Generated/ADC_MEASUREMENT_ADV/adc_measurement_adv_conf.c ****   .broken_wire_detect_channel = (uint32_t) XMC_VADC_CHANNEL_BWDCH_VAGND, /* No Broken wire mode sel
 160:../Dave/Generated/ADC_MEASUREMENT_ADV/adc_measurement_adv_conf.c ****   .broken_wire_detect         = (uint32_t) false,                     /* No Broken wire detection*/
 161:../Dave/Generated/ADC_MEASUREMENT_ADV/adc_measurement_adv_conf.c ****   .bfl                        = (uint32_t) 0,                            /* No Boundary flag */
 162:../Dave/Generated/ADC_MEASUREMENT_ADV/adc_measurement_adv_conf.c ****   .channel_priority           = (uint32_t) true,                      /* Highest Priority: 1 select
 163:../Dave/Generated/ADC_MEASUREMENT_ADV/adc_measurement_adv_conf.c ****   .alias_channel              = (int8_t) XMC_VADC_CHANNEL_ALIAS_DISABLED,   /* ALIAS is Disabled*/
 164:../Dave/Generated/ADC_MEASUREMENT_ADV/adc_measurement_adv_conf.c **** };
 165:../Dave/Generated/ADC_MEASUREMENT_ADV/adc_measurement_adv_conf.c **** 
 166:../Dave/Generated/ADC_MEASUREMENT_ADV/adc_measurement_adv_conf.c **** 
 167:../Dave/Generated/ADC_MEASUREMENT_ADV/adc_measurement_adv_conf.c **** /*Current Result configuration structure*/
 168:../Dave/Generated/ADC_MEASUREMENT_ADV/adc_measurement_adv_conf.c **** static const XMC_VADC_RESULT_CONFIG_t VOLT_CURR_TEMP_Current_res_config =
 169:../Dave/Generated/ADC_MEASUREMENT_ADV/adc_measurement_adv_conf.c **** {
 170:../Dave/Generated/ADC_MEASUREMENT_ADV/adc_measurement_adv_conf.c ****   .data_reduction_control  = (uint32_t) 3,
 171:../Dave/Generated/ADC_MEASUREMENT_ADV/adc_measurement_adv_conf.c ****   .post_processing_mode    = (uint32_t) XMC_VADC_DMM_REDUCTION_MODE,
 172:../Dave/Generated/ADC_MEASUREMENT_ADV/adc_measurement_adv_conf.c ****   .wait_for_read_mode      = (uint32_t) false,
 173:../Dave/Generated/ADC_MEASUREMENT_ADV/adc_measurement_adv_conf.c ****   .part_of_fifo            = (uint32_t) false , /* No FIFO */
 174:../Dave/Generated/ADC_MEASUREMENT_ADV/adc_measurement_adv_conf.c ****   .event_gen_enable        = (uint32_t) false   /* Disable Result event */
 175:../Dave/Generated/ADC_MEASUREMENT_ADV/adc_measurement_adv_conf.c **** };
 176:../Dave/Generated/ADC_MEASUREMENT_ADV/adc_measurement_adv_conf.c **** 
 177:../Dave/Generated/ADC_MEASUREMENT_ADV/adc_measurement_adv_conf.c **** /* Current ADC channel Handle */
 178:../Dave/Generated/ADC_MEASUREMENT_ADV/adc_measurement_adv_conf.c **** const ADC_MEASUREMENT_ADV_CHANNEL_t VOLT_CURR_TEMP_Current_handle =
 179:../Dave/Generated/ADC_MEASUREMENT_ADV/adc_measurement_adv_conf.c **** {
 180:../Dave/Generated/ADC_MEASUREMENT_ADV/adc_measurement_adv_conf.c ****   .ch_num        = (uint8_t) 6,
 181:../Dave/Generated/ADC_MEASUREMENT_ADV/adc_measurement_adv_conf.c ****   .group_index   = (uint8_t) 1,
 182:../Dave/Generated/ADC_MEASUREMENT_ADV/adc_measurement_adv_conf.c ****   .ch_handle     = (XMC_VADC_CHANNEL_CONFIG_t*) &VOLT_CURR_TEMP_Current_ch_config,
 183:../Dave/Generated/ADC_MEASUREMENT_ADV/adc_measurement_adv_conf.c ****   .res_handle[0] = (XMC_VADC_RESULT_CONFIG_t*) &VOLT_CURR_TEMP_Current_res_config,   
 184:../Dave/Generated/ADC_MEASUREMENT_ADV/adc_measurement_adv_conf.c **** };
 185:../Dave/Generated/ADC_MEASUREMENT_ADV/adc_measurement_adv_conf.c **** 
 186:../Dave/Generated/ADC_MEASUREMENT_ADV/adc_measurement_adv_conf.c **** 
 187:../Dave/Generated/ADC_MEASUREMENT_ADV/adc_measurement_adv_conf.c **** 
 188:../Dave/Generated/ADC_MEASUREMENT_ADV/adc_measurement_adv_conf.c **** /********************************* Temperature ADC Channel configuration structure ****************
 189:../Dave/Generated/ADC_MEASUREMENT_ADV/adc_measurement_adv_conf.c **** static const XMC_VADC_CHANNEL_CONFIG_t  VOLT_CURR_TEMP_Temperature_ch_config =
 190:../Dave/Generated/ADC_MEASUREMENT_ADV/adc_measurement_adv_conf.c **** {
 191:../Dave/Generated/ADC_MEASUREMENT_ADV/adc_measurement_adv_conf.c ****   .input_class                = (uint32_t) XMC_VADC_CHANNEL_CONV_GROUP_CLASS0,
 192:../Dave/Generated/ADC_MEASUREMENT_ADV/adc_measurement_adv_conf.c ****   .lower_boundary_select      = (uint32_t) XMC_VADC_CHANNEL_BOUNDARY_GROUP_BOUND0,
 193:../Dave/Generated/ADC_MEASUREMENT_ADV/adc_measurement_adv_conf.c ****   .upper_boundary_select      = (uint32_t) XMC_VADC_CHANNEL_BOUNDARY_GROUP_BOUND0,
 194:../Dave/Generated/ADC_MEASUREMENT_ADV/adc_measurement_adv_conf.c ****   .event_gen_criteria         = (uint32_t) XMC_VADC_CHANNEL_EVGEN_NEVER,
 195:../Dave/Generated/ADC_MEASUREMENT_ADV/adc_measurement_adv_conf.c ****   .sync_conversion            = (uint32_t) false,                            /* Sync feature disabl
 196:../Dave/Generated/ADC_MEASUREMENT_ADV/adc_measurement_adv_conf.c ****   .alternate_reference        = (uint32_t) XMC_VADC_CHANNEL_REF_INTREF,  /* Internal reference sele
 197:../Dave/Generated/ADC_MEASUREMENT_ADV/adc_measurement_adv_conf.c ****   .result_reg_number          = (uint32_t) 10,                           /* GxRES[10] selected */
 198:../Dave/Generated/ADC_MEASUREMENT_ADV/adc_measurement_adv_conf.c ****   .result_alignment           = (uint32_t) XMC_VADC_RESULT_ALIGN_RIGHT,  /* Result alignment - Righ
 199:../Dave/Generated/ADC_MEASUREMENT_ADV/adc_measurement_adv_conf.c ****   .broken_wire_detect_channel = (uint32_t) XMC_VADC_CHANNEL_BWDCH_VAGND, /* No Broken wire mode sel
 200:../Dave/Generated/ADC_MEASUREMENT_ADV/adc_measurement_adv_conf.c ****   .broken_wire_detect         = (uint32_t) false,                     /* No Broken wire detection*/
 201:../Dave/Generated/ADC_MEASUREMENT_ADV/adc_measurement_adv_conf.c ****   .bfl                        = (uint32_t) 0,                            /* No Boundary flag */
 202:../Dave/Generated/ADC_MEASUREMENT_ADV/adc_measurement_adv_conf.c ****   .channel_priority           = (uint32_t) true,                      /* Highest Priority: 1 select
 203:../Dave/Generated/ADC_MEASUREMENT_ADV/adc_measurement_adv_conf.c ****   .alias_channel              = (int8_t) XMC_VADC_CHANNEL_ALIAS_DISABLED,   /* ALIAS is Disabled*/
 204:../Dave/Generated/ADC_MEASUREMENT_ADV/adc_measurement_adv_conf.c **** };
 205:../Dave/Generated/ADC_MEASUREMENT_ADV/adc_measurement_adv_conf.c **** 
 206:../Dave/Generated/ADC_MEASUREMENT_ADV/adc_measurement_adv_conf.c **** 
 207:../Dave/Generated/ADC_MEASUREMENT_ADV/adc_measurement_adv_conf.c **** /*Temperature Result configuration structure*/
 208:../Dave/Generated/ADC_MEASUREMENT_ADV/adc_measurement_adv_conf.c **** static const XMC_VADC_RESULT_CONFIG_t VOLT_CURR_TEMP_Temperature_res_config =
 209:../Dave/Generated/ADC_MEASUREMENT_ADV/adc_measurement_adv_conf.c **** {
 210:../Dave/Generated/ADC_MEASUREMENT_ADV/adc_measurement_adv_conf.c ****   .data_reduction_control  = (uint32_t) 3,
 211:../Dave/Generated/ADC_MEASUREMENT_ADV/adc_measurement_adv_conf.c ****   .post_processing_mode    = (uint32_t) XMC_VADC_DMM_REDUCTION_MODE,
 212:../Dave/Generated/ADC_MEASUREMENT_ADV/adc_measurement_adv_conf.c ****   .wait_for_read_mode      = (uint32_t) false,
 213:../Dave/Generated/ADC_MEASUREMENT_ADV/adc_measurement_adv_conf.c ****   .part_of_fifo            = (uint32_t) false , /* No FIFO */
 214:../Dave/Generated/ADC_MEASUREMENT_ADV/adc_measurement_adv_conf.c ****   .event_gen_enable        = (uint32_t) true   /* Result event Enabled*/
 215:../Dave/Generated/ADC_MEASUREMENT_ADV/adc_measurement_adv_conf.c **** };
 216:../Dave/Generated/ADC_MEASUREMENT_ADV/adc_measurement_adv_conf.c **** 
 217:../Dave/Generated/ADC_MEASUREMENT_ADV/adc_measurement_adv_conf.c **** /* Temperature ADC channel Handle */
 218:../Dave/Generated/ADC_MEASUREMENT_ADV/adc_measurement_adv_conf.c **** const ADC_MEASUREMENT_ADV_CHANNEL_t VOLT_CURR_TEMP_Temperature_handle =
 219:../Dave/Generated/ADC_MEASUREMENT_ADV/adc_measurement_adv_conf.c **** {
 220:../Dave/Generated/ADC_MEASUREMENT_ADV/adc_measurement_adv_conf.c ****   .ch_num        = (uint8_t) 7,
 221:../Dave/Generated/ADC_MEASUREMENT_ADV/adc_measurement_adv_conf.c ****   .group_index   = (uint8_t) 1,
 222:../Dave/Generated/ADC_MEASUREMENT_ADV/adc_measurement_adv_conf.c ****   .ch_handle     = (XMC_VADC_CHANNEL_CONFIG_t*) &VOLT_CURR_TEMP_Temperature_ch_config,
 223:../Dave/Generated/ADC_MEASUREMENT_ADV/adc_measurement_adv_conf.c ****   .res_handle[0] = (XMC_VADC_RESULT_CONFIG_t*) &VOLT_CURR_TEMP_Temperature_res_config,   
 224:../Dave/Generated/ADC_MEASUREMENT_ADV/adc_measurement_adv_conf.c **** };
 225:../Dave/Generated/ADC_MEASUREMENT_ADV/adc_measurement_adv_conf.c **** 
 226:../Dave/Generated/ADC_MEASUREMENT_ADV/adc_measurement_adv_conf.c **** 
 227:../Dave/Generated/ADC_MEASUREMENT_ADV/adc_measurement_adv_conf.c **** static const XMC_VADC_QUEUE_CONFIG_t VOLT_CURR_TEMP_queue_config = {
 228:../Dave/Generated/ADC_MEASUREMENT_ADV/adc_measurement_adv_conf.c ****   .conv_start_mode   = (uint32_t) XMC_VADC_STARTMODE_WFS,	/* Conversion start mode WFS/CIR/CNR*/
 229:../Dave/Generated/ADC_MEASUREMENT_ADV/adc_measurement_adv_conf.c ****   .req_src_priority  = (uint32_t) XMC_VADC_GROUP_RS_PRIORITY_0, /*The queue request source priority
 230:../Dave/Generated/ADC_MEASUREMENT_ADV/adc_measurement_adv_conf.c ****   .trigger_signal    = (uint32_t) XMC_VADC_REQ_TR_B,        /*If trigger needed the signal input*/
 231:../Dave/Generated/ADC_MEASUREMENT_ADV/adc_measurement_adv_conf.c ****   .trigger_edge      = (uint32_t) XMC_VADC_TRIGGER_EDGE_RISING,   /*Trigger edge needed if trigger 
 232:../Dave/Generated/ADC_MEASUREMENT_ADV/adc_measurement_adv_conf.c ****   .gate_signal       = (uint32_t) XMC_VADC_REQ_GT_A,            /*If gating needed the signal input
 233:../Dave/Generated/ADC_MEASUREMENT_ADV/adc_measurement_adv_conf.c ****   .timer_mode        = (uint32_t) 0,                            /* Disabled equidistant sampling*/
 234:../Dave/Generated/ADC_MEASUREMENT_ADV/adc_measurement_adv_conf.c ****   .external_trigger	 = (uint32_t) true,         /*External trigger Enabled/Disabled*/
 235:../Dave/Generated/ADC_MEASUREMENT_ADV/adc_measurement_adv_conf.c **** };
 236:../Dave/Generated/ADC_MEASUREMENT_ADV/adc_measurement_adv_conf.c **** 
 237:../Dave/Generated/ADC_MEASUREMENT_ADV/adc_measurement_adv_conf.c **** static const ADC_MEASUREMENT_ADV_QUEUE_t VOLT_CURR_TEMP_queue_handle =
 238:../Dave/Generated/ADC_MEASUREMENT_ADV/adc_measurement_adv_conf.c **** {
 239:../Dave/Generated/ADC_MEASUREMENT_ADV/adc_measurement_adv_conf.c ****   .rs_intr_handle  = {
 240:../Dave/Generated/ADC_MEASUREMENT_ADV/adc_measurement_adv_conf.c **** 					   .node_id          = (uint32_t) 0,
 241:../Dave/Generated/ADC_MEASUREMENT_ADV/adc_measurement_adv_conf.c **** 					   .priority         = (uint32_t) 0,
 242:../Dave/Generated/ADC_MEASUREMENT_ADV/adc_measurement_adv_conf.c **** 					   .interrupt_enable = (bool) false,
 243:../Dave/Generated/ADC_MEASUREMENT_ADV/adc_measurement_adv_conf.c **** 					 },
 244:../Dave/Generated/ADC_MEASUREMENT_ADV/adc_measurement_adv_conf.c ****   .iclass_config_handle = {
 245:../Dave/Generated/ADC_MEASUREMENT_ADV/adc_measurement_adv_conf.c **** 							.sample_time_std_conv        = (uint32_t) 2,
 246:../Dave/Generated/ADC_MEASUREMENT_ADV/adc_measurement_adv_conf.c **** 							.conversion_mode_standard    = (uint32_t) XMC_VADC_CONVMODE_12BIT,
 247:../Dave/Generated/ADC_MEASUREMENT_ADV/adc_measurement_adv_conf.c **** 							.sampling_phase_emux_channel = (uint32_t) 0,
 248:../Dave/Generated/ADC_MEASUREMENT_ADV/adc_measurement_adv_conf.c **** 							.conversion_mode_emux        = (uint32_t) XMC_VADC_CONVMODE_12BIT
 249:../Dave/Generated/ADC_MEASUREMENT_ADV/adc_measurement_adv_conf.c **** 						  },
 250:../Dave/Generated/ADC_MEASUREMENT_ADV/adc_measurement_adv_conf.c ****   .queue_config_handle = &VOLT_CURR_TEMP_queue_config,
 251:../Dave/Generated/ADC_MEASUREMENT_ADV/adc_measurement_adv_conf.c ****   .gating_mode  = XMC_VADC_GATEMODE_IGNORE,
 252:../Dave/Generated/ADC_MEASUREMENT_ADV/adc_measurement_adv_conf.c ****   .srv_req_node = XMC_VADC_SR_GROUP_SR0, /*Service Request line for Request source Event */
 253:../Dave/Generated/ADC_MEASUREMENT_ADV/adc_measurement_adv_conf.c ****   .iclass_num = 0
 254:../Dave/Generated/ADC_MEASUREMENT_ADV/adc_measurement_adv_conf.c **** };
 255:../Dave/Generated/ADC_MEASUREMENT_ADV/adc_measurement_adv_conf.c ****  
 256:../Dave/Generated/ADC_MEASUREMENT_ADV/adc_measurement_adv_conf.c **** static const XMC_VADC_QUEUE_ENTRY_t VOLT_CURR_TEMP_Voltage_queue_entry_0 =
 257:../Dave/Generated/ADC_MEASUREMENT_ADV/adc_measurement_adv_conf.c **** {
 258:../Dave/Generated/ADC_MEASUREMENT_ADV/adc_measurement_adv_conf.c ****   .channel_num        = (uint8_t) 5,
 259:../Dave/Generated/ADC_MEASUREMENT_ADV/adc_measurement_adv_conf.c ****   .refill_needed      = (bool) true,
 260:../Dave/Generated/ADC_MEASUREMENT_ADV/adc_measurement_adv_conf.c ****   .generate_interrupt = (bool) false,
 261:../Dave/Generated/ADC_MEASUREMENT_ADV/adc_measurement_adv_conf.c ****   .external_trigger   = (bool) true,
 262:../Dave/Generated/ADC_MEASUREMENT_ADV/adc_measurement_adv_conf.c **** };
 263:../Dave/Generated/ADC_MEASUREMENT_ADV/adc_measurement_adv_conf.c **** 
 264:../Dave/Generated/ADC_MEASUREMENT_ADV/adc_measurement_adv_conf.c **** static const XMC_VADC_QUEUE_ENTRY_t VOLT_CURR_TEMP_Current_queue_entry_1 =
 265:../Dave/Generated/ADC_MEASUREMENT_ADV/adc_measurement_adv_conf.c **** {
 266:../Dave/Generated/ADC_MEASUREMENT_ADV/adc_measurement_adv_conf.c ****   .channel_num        = (uint8_t) 6,
 267:../Dave/Generated/ADC_MEASUREMENT_ADV/adc_measurement_adv_conf.c ****   .refill_needed      = (bool) true,
 268:../Dave/Generated/ADC_MEASUREMENT_ADV/adc_measurement_adv_conf.c ****   .generate_interrupt = (bool) false,
 269:../Dave/Generated/ADC_MEASUREMENT_ADV/adc_measurement_adv_conf.c ****   .external_trigger   = (bool) false,
 270:../Dave/Generated/ADC_MEASUREMENT_ADV/adc_measurement_adv_conf.c **** };
 271:../Dave/Generated/ADC_MEASUREMENT_ADV/adc_measurement_adv_conf.c **** 
 272:../Dave/Generated/ADC_MEASUREMENT_ADV/adc_measurement_adv_conf.c **** static const XMC_VADC_QUEUE_ENTRY_t VOLT_CURR_TEMP_Temperature_queue_entry_2 =
 273:../Dave/Generated/ADC_MEASUREMENT_ADV/adc_measurement_adv_conf.c **** {
 274:../Dave/Generated/ADC_MEASUREMENT_ADV/adc_measurement_adv_conf.c ****   .channel_num        = (uint8_t) 7,
 275:../Dave/Generated/ADC_MEASUREMENT_ADV/adc_measurement_adv_conf.c ****   .refill_needed      = (bool) true,
 276:../Dave/Generated/ADC_MEASUREMENT_ADV/adc_measurement_adv_conf.c ****   .generate_interrupt = (bool) false,
 277:../Dave/Generated/ADC_MEASUREMENT_ADV/adc_measurement_adv_conf.c ****   .external_trigger   = (bool) false,
 278:../Dave/Generated/ADC_MEASUREMENT_ADV/adc_measurement_adv_conf.c **** };
 279:../Dave/Generated/ADC_MEASUREMENT_ADV/adc_measurement_adv_conf.c **** 
 280:../Dave/Generated/ADC_MEASUREMENT_ADV/adc_measurement_adv_conf.c **** 
 281:../Dave/Generated/ADC_MEASUREMENT_ADV/adc_measurement_adv_conf.c **** static const XMC_VADC_QUEUE_ENTRY_t *VOLT_CURR_TEMP_queue_entries[] =
 282:../Dave/Generated/ADC_MEASUREMENT_ADV/adc_measurement_adv_conf.c **** {
 283:../Dave/Generated/ADC_MEASUREMENT_ADV/adc_measurement_adv_conf.c ****   (XMC_VADC_QUEUE_ENTRY_t*) (void *) &VOLT_CURR_TEMP_Voltage_queue_entry_0,
 284:../Dave/Generated/ADC_MEASUREMENT_ADV/adc_measurement_adv_conf.c ****   (XMC_VADC_QUEUE_ENTRY_t*) (void *) &VOLT_CURR_TEMP_Current_queue_entry_1,
 285:../Dave/Generated/ADC_MEASUREMENT_ADV/adc_measurement_adv_conf.c ****   (XMC_VADC_QUEUE_ENTRY_t*) (void *) &VOLT_CURR_TEMP_Temperature_queue_entry_2,
 286:../Dave/Generated/ADC_MEASUREMENT_ADV/adc_measurement_adv_conf.c **** };
 287:../Dave/Generated/ADC_MEASUREMENT_ADV/adc_measurement_adv_conf.c **** 
 288:../Dave/Generated/ADC_MEASUREMENT_ADV/adc_measurement_adv_conf.c **** 
 289:../Dave/Generated/ADC_MEASUREMENT_ADV/adc_measurement_adv_conf.c **** 
 290:../Dave/Generated/ADC_MEASUREMENT_ADV/adc_measurement_adv_conf.c **** static const ADC_MEASUREMENT_ADV_CHANNEL_t *VOLT_CURR_TEMP_channel_array[] =
 291:../Dave/Generated/ADC_MEASUREMENT_ADV/adc_measurement_adv_conf.c **** {
 292:../Dave/Generated/ADC_MEASUREMENT_ADV/adc_measurement_adv_conf.c ****   (ADC_MEASUREMENT_ADV_CHANNEL_t *) (void*) &VOLT_CURR_TEMP_Voltage_handle,
 293:../Dave/Generated/ADC_MEASUREMENT_ADV/adc_measurement_adv_conf.c ****   (ADC_MEASUREMENT_ADV_CHANNEL_t *) (void*) &VOLT_CURR_TEMP_Current_handle,
 294:../Dave/Generated/ADC_MEASUREMENT_ADV/adc_measurement_adv_conf.c ****   (ADC_MEASUREMENT_ADV_CHANNEL_t *) (void*) &VOLT_CURR_TEMP_Temperature_handle,
 295:../Dave/Generated/ADC_MEASUREMENT_ADV/adc_measurement_adv_conf.c **** 
 296:../Dave/Generated/ADC_MEASUREMENT_ADV/adc_measurement_adv_conf.c **** };
 297:../Dave/Generated/ADC_MEASUREMENT_ADV/adc_measurement_adv_conf.c **** 
 298:../Dave/Generated/ADC_MEASUREMENT_ADV/adc_measurement_adv_conf.c **** static ADC_MEASUREMENT_ADV_STATUS_t VOLT_CURR_TEMP_initialization_status = ADC_MEASUREMENT_ADV_STAT
 299:../Dave/Generated/ADC_MEASUREMENT_ADV/adc_measurement_adv_conf.c **** 
 300:../Dave/Generated/ADC_MEASUREMENT_ADV/adc_measurement_adv_conf.c **** const ADC_MEASUREMENT_ADV_t VOLT_CURR_TEMP =
 301:../Dave/Generated/ADC_MEASUREMENT_ADV/adc_measurement_adv_conf.c **** {
 302:../Dave/Generated/ADC_MEASUREMENT_ADV/adc_measurement_adv_conf.c ****   .channel_array            = VOLT_CURR_TEMP_channel_array,
 303:../Dave/Generated/ADC_MEASUREMENT_ADV/adc_measurement_adv_conf.c ****   .local_queue_entries       = VOLT_CURR_TEMP_queue_entries,
 304:../Dave/Generated/ADC_MEASUREMENT_ADV/adc_measurement_adv_conf.c ****   .event_config               = (VOLT_CURR_TEMP_event_config),
 305:../Dave/Generated/ADC_MEASUREMENT_ADV/adc_measurement_adv_conf.c ****   .local_queue_handle       = (ADC_MEASUREMENT_ADV_QUEUE_t *) &VOLT_CURR_TEMP_queue_handle,
 306:../Dave/Generated/ADC_MEASUREMENT_ADV/adc_measurement_adv_conf.c ****   .init_state               = &VOLT_CURR_TEMP_initialization_status,
 307:../Dave/Generated/ADC_MEASUREMENT_ADV/adc_measurement_adv_conf.c ****   .req_src                  = ADC_MEASUREMENT_ADV_REQUEST_SOURCE_LOCAL_QUEUE,  
 308:../Dave/Generated/ADC_MEASUREMENT_ADV/adc_measurement_adv_conf.c ****   .group_index              = (uint8_t) 1, 
 309:../Dave/Generated/ADC_MEASUREMENT_ADV/adc_measurement_adv_conf.c ****   .total_number_of_entries  = (uint8_t) 3,
 310:../Dave/Generated/ADC_MEASUREMENT_ADV/adc_measurement_adv_conf.c ****   .total_number_of_channels = (uint8_t) 3,
 311:../Dave/Generated/ADC_MEASUREMENT_ADV/adc_measurement_adv_conf.c ****   .start_at_initialization  = (bool) true  
 312:../Dave/Generated/ADC_MEASUREMENT_ADV/adc_measurement_adv_conf.c **** };
 313:../Dave/Generated/ADC_MEASUREMENT_ADV/adc_measurement_adv_conf.c **** 
 314:../Dave/Generated/ADC_MEASUREMENT_ADV/adc_measurement_adv_conf.c **** /**************************************************************************************************
 315:../Dave/Generated/ADC_MEASUREMENT_ADV/adc_measurement_adv_conf.c **** 
 316:../Dave/Generated/ADC_MEASUREMENT_ADV/adc_measurement_adv_conf.c **** /* This function would be called in the ADC_MEASUREMENT_Init() to initialize the SR lines of the
 317:../Dave/Generated/ADC_MEASUREMENT_ADV/adc_measurement_adv_conf.c ****  * Result event/channel event.
 318:../Dave/Generated/ADC_MEASUREMENT_ADV/adc_measurement_adv_conf.c ****  */
 319:../Dave/Generated/ADC_MEASUREMENT_ADV/adc_measurement_adv_conf.c **** static void ACOMP_event_config(void)
 320:../Dave/Generated/ADC_MEASUREMENT_ADV/adc_measurement_adv_conf.c **** {
  55              	 .loc 1 320 0
  56              	 .cfi_startproc
  57 0000 08B5     	 push {r3,lr}
  58              	.LCFI1:
  59              	 .cfi_def_cfa_offset 8
  60              	 .cfi_offset 3,-8
  61              	 .cfi_offset 14,-4
 321:../Dave/Generated/ADC_MEASUREMENT_ADV/adc_measurement_adv_conf.c **** 
 322:../Dave/Generated/ADC_MEASUREMENT_ADV/adc_measurement_adv_conf.c **** 	/* Result Event Node Mux Configuration for VRef (Group-0 channel-0 Result_Register-9)*/
 323:../Dave/Generated/ADC_MEASUREMENT_ADV/adc_measurement_adv_conf.c **** 	XMC_VADC_GROUP_SetResultInterruptNode(VADC_G0, 9U, XMC_VADC_SR_GROUP_SR1);
  62              	 .loc 1 323 0
  63 0002 0348     	 ldr r0,.L5
  64 0004 0921     	 mov r1,#9
  65 0006 0122     	 mov r2,#1
  66 0008 FFF7FEFF 	 bl XMC_VADC_GROUP_SetResultInterruptNode
  67              	.LVL1:
 324:../Dave/Generated/ADC_MEASUREMENT_ADV/adc_measurement_adv_conf.c **** 
 325:../Dave/Generated/ADC_MEASUREMENT_ADV/adc_measurement_adv_conf.c **** }
  68              	 .loc 1 325 0
  69              	 
  70 000c 08BD     	 pop {r3,pc}
  71              	.L6:
  72 000e C046     	 .align 2
  73              	.L5:
  74 0010 00040348 	 .word 1208157184
  75              	 .cfi_endproc
  76              	.LFE142:
  78              	 .global ACOMP
  79              	 .global ACOMP_VRef_handle
  80              	 .global ACOMP_ACOMP_handle
  81              	 .global VOLT_CURR_TEMP
  82              	 .global VOLT_CURR_TEMP_Temperature_handle
  83              	 .global VOLT_CURR_TEMP_Current_handle
  84              	 .global VOLT_CURR_TEMP_Voltage_handle
  85              	 .section .data.VOLT_CURR_TEMP_initialization_status,"aw",%progbits
  88              	VOLT_CURR_TEMP_initialization_status:
  89 0000 02       	 .byte 2
  90              	 .section .rodata.VOLT_CURR_TEMP_Temperature_queue_entry_2,"a",%progbits
  91              	 .align 2
  94              	VOLT_CURR_TEMP_Temperature_queue_entry_2:
  95 0000 27       	 .byte 39
  96 0001 000000   	 .space 3
  97              	 .section .rodata.ACOMP_VRef_queue_entry_1,"a",%progbits
  98              	 .align 2
 101              	ACOMP_VRef_queue_entry_1:
 102 0000 20       	 .byte 32
 103 0001 000000   	 .space 3
 104              	 .section .rodata.VOLT_CURR_TEMP_Current_handle,"a",%progbits
 105              	 .align 2
 108              	VOLT_CURR_TEMP_Current_handle:
 109 0000 00000000 	 .word VOLT_CURR_TEMP_Current_ch_config
 110 0004 00000000 	 .word VOLT_CURR_TEMP_Current_res_config
 111 0008 01       	 .byte 1
 112 0009 06       	 .byte 6
 113 000a 0000     	 .space 2
 114              	 .section .rodata.VOLT_CURR_TEMP_Temperature_ch_config,"a",%progbits
 115              	 .align 2
 118              	VOLT_CURR_TEMP_Temperature_ch_config:
 119 0000 00       	 .byte 0
 120 0001 00       	 .byte 0
 121 0002 2A       	 .byte 42
 122 0003 00       	 .byte 0
 123 0004 00000000 	 .word 0
 124 0008 00000000 	 .space 4
 125 000c 01       	 .byte 1
 126 000d FF       	 .byte -1
 127 000e 0000     	 .space 2
 128              	 .section .rodata.VOLT_CURR_TEMP_Voltage_queue_entry_0,"a",%progbits
 129              	 .align 2
 132              	VOLT_CURR_TEMP_Voltage_queue_entry_0:
 133 0000 A5       	 .byte 165
 134 0001 000000   	 .space 3
 135              	 .section .rodata.ACOMP_VRef_res_config,"a",%progbits
 136              	 .align 2
 139              	ACOMP_VRef_res_config:
 140 0000 0000     	 .space 2
 141 0002 03       	 .byte 3
 142 0003 80       	 .byte 128
 143              	 .section .rodata.VOLT_CURR_TEMP_queue_config,"a",%progbits
 144              	 .align 2
 147              	VOLT_CURR_TEMP_queue_config:
 148 0000 00       	 .byte 0
 149 0001 000000   	 .space 3
 150 0004 00       	 .space 1
 151 0005 41       	 .byte 65
 152 0006 00       	 .byte 0
 153 0007 00       	 .byte 0
 154 0008 04       	 .byte 4
 155 0009 000000   	 .space 3
 156              	 .section .rodata.VOLT_CURR_TEMP_Temperature_res_config,"a",%progbits
 157              	 .align 2
 160              	VOLT_CURR_TEMP_Temperature_res_config:
 161 0000 0000     	 .space 2
 162 0002 03       	 .byte 3
 163 0003 80       	 .byte 128
 164              	 .section .rodata.VOLT_CURR_TEMP_Current_res_config,"a",%progbits
 165              	 .align 2
 168              	VOLT_CURR_TEMP_Current_res_config:
 169 0000 0000     	 .space 2
 170 0002 03       	 .byte 3
 171 0003 00       	 .byte 0
 172              	 .section .rodata.ACOMP_queue_config,"a",%progbits
 173              	 .align 2
 176              	ACOMP_queue_config:
 177 0000 00       	 .byte 0
 178 0001 000000   	 .space 3
 179 0004 00       	 .space 1
 180 0005 40       	 .byte 64
 181 0006 00       	 .byte 0
 182 0007 00       	 .byte 0
 183 0008 04       	 .byte 4
 184 0009 000000   	 .space 3
 185              	 .section .rodata.VOLT_CURR_TEMP_queue_handle,"a",%progbits
 186              	 .align 2
 189              	VOLT_CURR_TEMP_queue_handle:
 190 0000 00000000 	 .word 0
 191 0004 00000000 	 .word 0
 192 0008 00       	 .byte 0
 193 0009 000000   	 .space 3
 194 000c 02       	 .byte 2
 195 000d 00       	 .byte 0
 196 000e 00       	 .byte 0
 197 000f 00       	 .byte 0
 198 0010 00000000 	 .word VOLT_CURR_TEMP_queue_config
 199 0014 01       	 .byte 1
 200 0015 00       	 .byte 0
 201 0016 00       	 .byte 0
 202 0017 00       	 .space 1
 203              	 .section .rodata.VOLT_CURR_TEMP_Current_ch_config,"a",%progbits
 204              	 .align 2
 207              	VOLT_CURR_TEMP_Current_ch_config:
 208 0000 00       	 .byte 0
 209 0001 00       	 .byte 0
 210 0002 24       	 .byte 36
 211 0003 00       	 .byte 0
 212 0004 00000000 	 .word 0
 213 0008 00000000 	 .space 4
 214 000c 01       	 .byte 1
 215 000d FF       	 .byte -1
 216 000e 0000     	 .space 2
 217              	 .section .data.ACOMP_initialization_status,"aw",%progbits
 220              	ACOMP_initialization_status:
 221 0000 02       	 .byte 2
 222              	 .section .rodata.VOLT_CURR_TEMP_Current_queue_entry_1,"a",%progbits
 223              	 .align 2
 226              	VOLT_CURR_TEMP_Current_queue_entry_1:
 227 0000 26       	 .byte 38
 228 0001 000000   	 .space 3
 229              	 .section .rodata.ACOMP_queue_handle,"a",%progbits
 230              	 .align 2
 233              	ACOMP_queue_handle:
 234 0000 00000000 	 .word 0
 235 0004 00000000 	 .word 0
 236 0008 00       	 .byte 0
 237 0009 000000   	 .space 3
 238 000c 02       	 .byte 2
 239 000d 00       	 .byte 0
 240 000e 00       	 .byte 0
 241 000f 00       	 .byte 0
 242 0010 00000000 	 .word ACOMP_queue_config
 243 0014 01       	 .byte 1
 244 0015 00       	 .byte 0
 245 0016 00       	 .byte 0
 246 0017 00       	 .space 1
 247              	 .section .data.ACOMP_channel_array,"aw",%progbits
 248              	 .align 2
 251              	ACOMP_channel_array:
 252 0000 00000000 	 .word ACOMP_ACOMP_handle
 253 0004 00000000 	 .word ACOMP_VRef_handle
 254              	 .section .rodata.VOLT_CURR_TEMP_Voltage_handle,"a",%progbits
 255              	 .align 2
 258              	VOLT_CURR_TEMP_Voltage_handle:
 259 0000 00000000 	 .word VOLT_CURR_TEMP_Voltage_ch_config
 260 0004 00000000 	 .word VOLT_CURR_TEMP_Voltage_res_config
 261 0008 01       	 .byte 1
 262 0009 05       	 .byte 5
 263 000a 0000     	 .space 2
 264              	 .section .rodata.VOLT_CURR_TEMP_Voltage_ch_config,"a",%progbits
 265              	 .align 2
 268              	VOLT_CURR_TEMP_Voltage_ch_config:
 269 0000 00       	 .byte 0
 270 0001 00       	 .byte 0
 271 0002 2B       	 .byte 43
 272 0003 00       	 .byte 0
 273 0004 00000000 	 .word 0
 274 0008 00000000 	 .space 4
 275 000c 01       	 .byte 1
 276 000d FF       	 .byte -1
 277 000e 0000     	 .space 2
 278              	 .section .rodata.ACOMP_VRef_handle,"a",%progbits
 279              	 .align 2
 282              	ACOMP_VRef_handle:
 283 0000 00000000 	 .word ACOMP_VRef_ch_config
 284 0004 00000000 	 .word ACOMP_VRef_res_config
 285 0008 00       	 .byte 0
 286 0009 00       	 .byte 0
 287 000a 0000     	 .space 2
 288              	 .section .rodata.VOLT_CURR_TEMP_Temperature_handle,"a",%progbits
 289              	 .align 2
 292              	VOLT_CURR_TEMP_Temperature_handle:
 293 0000 00000000 	 .word VOLT_CURR_TEMP_Temperature_ch_config
 294 0004 00000000 	 .word VOLT_CURR_TEMP_Temperature_res_config
 295 0008 01       	 .byte 1
 296 0009 07       	 .byte 7
 297 000a 0000     	 .space 2
 298              	 .section .rodata.ACOMP_ACOMP_res_config,"a",%progbits
 299              	 .align 2
 302              	ACOMP_ACOMP_res_config:
 303 0000 0000     	 .space 2
 304 0002 03       	 .byte 3
 305 0003 00       	 .byte 0
 306              	 .section .rodata.VOLT_CURR_TEMP,"a",%progbits
 307              	 .align 2
 310              	VOLT_CURR_TEMP:
 311 0000 00000000 	 .word VOLT_CURR_TEMP_channel_array
 312 0004 00000000 	 .word VOLT_CURR_TEMP_queue_entries
 313 0008 00000000 	 .word VOLT_CURR_TEMP_event_config
 314 000c 00000000 	 .word VOLT_CURR_TEMP_queue_handle
 315 0010 00000000 	 .word VOLT_CURR_TEMP_initialization_status
 316 0014 03       	 .byte 3
 317 0015 01       	 .byte 1
 318 0016 03       	 .byte 3
 319 0017 03       	 .byte 3
 320 0018 01       	 .byte 1
 321 0019 000000   	 .space 3
 322              	 .section .data.ACOMP_queue_entries,"aw",%progbits
 323              	 .align 2
 326              	ACOMP_queue_entries:
 327 0000 00000000 	 .word ACOMP_ACOMP_queue_entry_0
 328 0004 00000000 	 .word ACOMP_VRef_queue_entry_1
 329              	 .section .data.VOLT_CURR_TEMP_channel_array,"aw",%progbits
 330              	 .align 2
 333              	VOLT_CURR_TEMP_channel_array:
 334 0000 00000000 	 .word VOLT_CURR_TEMP_Voltage_handle
 335 0004 00000000 	 .word VOLT_CURR_TEMP_Current_handle
 336 0008 00000000 	 .word VOLT_CURR_TEMP_Temperature_handle
 337              	 .section .rodata.ACOMP_ACOMP_ch_config,"a",%progbits
 338              	 .align 2
 341              	ACOMP_ACOMP_ch_config:
 342 0000 00       	 .byte 0
 343 0001 00       	 .byte 0
 344 0002 27       	 .byte 39
 345 0003 00       	 .byte 0
 346 0004 00000000 	 .word 0
 347 0008 00000000 	 .space 4
 348 000c 01       	 .byte 1
 349 000d 06       	 .byte 6
 350 000e 0000     	 .space 2
 351              	 .section .rodata.ACOMP_VRef_ch_config,"a",%progbits
 352              	 .align 2
 355              	ACOMP_VRef_ch_config:
 356 0000 00       	 .byte 0
 357 0001 00       	 .byte 0
 358 0002 29       	 .byte 41
 359 0003 00       	 .byte 0
 360 0004 00000000 	 .word 0
 361 0008 00000000 	 .space 4
 362 000c 01       	 .byte 1
 363 000d FF       	 .byte -1
 364 000e 0000     	 .space 2
 365              	 .section .rodata.ACOMP,"a",%progbits
 366              	 .align 2
 369              	ACOMP:
 370 0000 00000000 	 .word ACOMP_channel_array
 371 0004 00000000 	 .word ACOMP_queue_entries
 372 0008 00000000 	 .word ACOMP_event_config
 373 000c 00000000 	 .word ACOMP_queue_handle
 374 0010 00000000 	 .word ACOMP_initialization_status
 375 0014 03       	 .byte 3
 376 0015 00       	 .byte 0
 377 0016 02       	 .byte 2
 378 0017 02       	 .byte 2
 379 0018 01       	 .byte 1
 380 0019 000000   	 .space 3
 381              	 .section .rodata.VOLT_CURR_TEMP_Voltage_res_config,"a",%progbits
 382              	 .align 2
 385              	VOLT_CURR_TEMP_Voltage_res_config:
 386 0000 0000     	 .space 2
 387 0002 03       	 .byte 3
 388 0003 00       	 .byte 0
 389              	 .section .rodata.ACOMP_ACOMP_handle,"a",%progbits
 390              	 .align 2
 393              	ACOMP_ACOMP_handle:
 394 0000 00000000 	 .word ACOMP_ACOMP_ch_config
 395 0004 00000000 	 .word ACOMP_ACOMP_res_config
 396 0008 00       	 .byte 0
 397 0009 01       	 .byte 1
 398 000a 0000     	 .space 2
 399              	 .section .rodata.ACOMP_ACOMP_queue_entry_0,"a",%progbits
 400              	 .align 2
 403              	ACOMP_ACOMP_queue_entry_0:
 404 0000 A1       	 .byte 161
 405 0001 000000   	 .space 3
 406              	 .section .data.VOLT_CURR_TEMP_queue_entries,"aw",%progbits
 407              	 .align 2
 410              	VOLT_CURR_TEMP_queue_entries:
 411 0000 00000000 	 .word VOLT_CURR_TEMP_Voltage_queue_entry_0
 412 0004 00000000 	 .word VOLT_CURR_TEMP_Current_queue_entry_1
 413 0008 00000000 	 .word VOLT_CURR_TEMP_Temperature_queue_entry_2
 414              	 .text
 415              	.Letext0:
 416              	 .file 2 "c:\\users\\jutta.schuerba\\desktop\\dave-ide-4.4.2-64bit\\eclipse\\arm-gcc-49\\arm-none-eabi\\include\\machine\\_default_types.h"
 417              	 .file 3 "c:\\users\\jutta.schuerba\\desktop\\dave-ide-4.4.2-64bit\\eclipse\\arm-gcc-49\\arm-none-eabi\\include\\stdint.h"
 418              	 .file 4 "C:/Workspaces/DAVE-4.4.2-64Bit/WIRELESS_CHARGER_RECVEIVER_delivered/Libraries/CMSIS/Infineon/XMC1300_series/Include/XMC1300.h"
 419              	 .file 5 "C:/Workspaces/DAVE-4.4.2-64Bit/WIRELESS_CHARGER_RECVEIVER_delivered/Libraries/XMCLib/inc/xmc_vadc.h"
 420              	 .file 6 "../Dave/Generated/ADC_MEASUREMENT_ADV/adc_measurement_adv.h"
 421              	 .file 7 "C:/Workspaces/DAVE-4.4.2-64Bit/WIRELESS_CHARGER_RECVEIVER_delivered/Libraries/CMSIS/Infineon/XMC1300_series/Include/system_XMC1300.h"
DEFINED SYMBOLS
                            *ABS*:00000000 adc_measurement_adv_conf.c
    {standard input}:18     .text.VOLT_CURR_TEMP_event_config:00000000 $t
    {standard input}:22     .text.VOLT_CURR_TEMP_event_config:00000000 VOLT_CURR_TEMP_event_config
    {standard input}:44     .text.VOLT_CURR_TEMP_event_config:00000010 $d
    {standard input}:49     .text.ACOMP_event_config:00000000 $t
    {standard input}:53     .text.ACOMP_event_config:00000000 ACOMP_event_config
    {standard input}:74     .text.ACOMP_event_config:00000010 $d
    {standard input}:369    .rodata.ACOMP:00000000 ACOMP
    {standard input}:282    .rodata.ACOMP_VRef_handle:00000000 ACOMP_VRef_handle
    {standard input}:393    .rodata.ACOMP_ACOMP_handle:00000000 ACOMP_ACOMP_handle
    {standard input}:310    .rodata.VOLT_CURR_TEMP:00000000 VOLT_CURR_TEMP
    {standard input}:292    .rodata.VOLT_CURR_TEMP_Temperature_handle:00000000 VOLT_CURR_TEMP_Temperature_handle
    {standard input}:108    .rodata.VOLT_CURR_TEMP_Current_handle:00000000 VOLT_CURR_TEMP_Current_handle
    {standard input}:258    .rodata.VOLT_CURR_TEMP_Voltage_handle:00000000 VOLT_CURR_TEMP_Voltage_handle
    {standard input}:88     .data.VOLT_CURR_TEMP_initialization_status:00000000 VOLT_CURR_TEMP_initialization_status
    {standard input}:91     .rodata.VOLT_CURR_TEMP_Temperature_queue_entry_2:00000000 $d
    {standard input}:94     .rodata.VOLT_CURR_TEMP_Temperature_queue_entry_2:00000000 VOLT_CURR_TEMP_Temperature_queue_entry_2
    {standard input}:98     .rodata.ACOMP_VRef_queue_entry_1:00000000 $d
    {standard input}:101    .rodata.ACOMP_VRef_queue_entry_1:00000000 ACOMP_VRef_queue_entry_1
    {standard input}:105    .rodata.VOLT_CURR_TEMP_Current_handle:00000000 $d
    {standard input}:207    .rodata.VOLT_CURR_TEMP_Current_ch_config:00000000 VOLT_CURR_TEMP_Current_ch_config
    {standard input}:168    .rodata.VOLT_CURR_TEMP_Current_res_config:00000000 VOLT_CURR_TEMP_Current_res_config
    {standard input}:115    .rodata.VOLT_CURR_TEMP_Temperature_ch_config:00000000 $d
    {standard input}:118    .rodata.VOLT_CURR_TEMP_Temperature_ch_config:00000000 VOLT_CURR_TEMP_Temperature_ch_config
    {standard input}:129    .rodata.VOLT_CURR_TEMP_Voltage_queue_entry_0:00000000 $d
    {standard input}:132    .rodata.VOLT_CURR_TEMP_Voltage_queue_entry_0:00000000 VOLT_CURR_TEMP_Voltage_queue_entry_0
    {standard input}:136    .rodata.ACOMP_VRef_res_config:00000000 $d
    {standard input}:139    .rodata.ACOMP_VRef_res_config:00000000 ACOMP_VRef_res_config
    {standard input}:144    .rodata.VOLT_CURR_TEMP_queue_config:00000000 $d
    {standard input}:147    .rodata.VOLT_CURR_TEMP_queue_config:00000000 VOLT_CURR_TEMP_queue_config
    {standard input}:157    .rodata.VOLT_CURR_TEMP_Temperature_res_config:00000000 $d
    {standard input}:160    .rodata.VOLT_CURR_TEMP_Temperature_res_config:00000000 VOLT_CURR_TEMP_Temperature_res_config
    {standard input}:165    .rodata.VOLT_CURR_TEMP_Current_res_config:00000000 $d
    {standard input}:173    .rodata.ACOMP_queue_config:00000000 $d
    {standard input}:176    .rodata.ACOMP_queue_config:00000000 ACOMP_queue_config
    {standard input}:186    .rodata.VOLT_CURR_TEMP_queue_handle:00000000 $d
    {standard input}:189    .rodata.VOLT_CURR_TEMP_queue_handle:00000000 VOLT_CURR_TEMP_queue_handle
    {standard input}:204    .rodata.VOLT_CURR_TEMP_Current_ch_config:00000000 $d
    {standard input}:220    .data.ACOMP_initialization_status:00000000 ACOMP_initialization_status
    {standard input}:223    .rodata.VOLT_CURR_TEMP_Current_queue_entry_1:00000000 $d
    {standard input}:226    .rodata.VOLT_CURR_TEMP_Current_queue_entry_1:00000000 VOLT_CURR_TEMP_Current_queue_entry_1
    {standard input}:230    .rodata.ACOMP_queue_handle:00000000 $d
    {standard input}:233    .rodata.ACOMP_queue_handle:00000000 ACOMP_queue_handle
    {standard input}:248    .data.ACOMP_channel_array:00000000 $d
    {standard input}:251    .data.ACOMP_channel_array:00000000 ACOMP_channel_array
    {standard input}:255    .rodata.VOLT_CURR_TEMP_Voltage_handle:00000000 $d
    {standard input}:268    .rodata.VOLT_CURR_TEMP_Voltage_ch_config:00000000 VOLT_CURR_TEMP_Voltage_ch_config
    {standard input}:385    .rodata.VOLT_CURR_TEMP_Voltage_res_config:00000000 VOLT_CURR_TEMP_Voltage_res_config
    {standard input}:265    .rodata.VOLT_CURR_TEMP_Voltage_ch_config:00000000 $d
    {standard input}:279    .rodata.ACOMP_VRef_handle:00000000 $d
    {standard input}:355    .rodata.ACOMP_VRef_ch_config:00000000 ACOMP_VRef_ch_config
    {standard input}:289    .rodata.VOLT_CURR_TEMP_Temperature_handle:00000000 $d
    {standard input}:299    .rodata.ACOMP_ACOMP_res_config:00000000 $d
    {standard input}:302    .rodata.ACOMP_ACOMP_res_config:00000000 ACOMP_ACOMP_res_config
    {standard input}:307    .rodata.VOLT_CURR_TEMP:00000000 $d
    {standard input}:333    .data.VOLT_CURR_TEMP_channel_array:00000000 VOLT_CURR_TEMP_channel_array
    {standard input}:410    .data.VOLT_CURR_TEMP_queue_entries:00000000 VOLT_CURR_TEMP_queue_entries
    {standard input}:323    .data.ACOMP_queue_entries:00000000 $d
    {standard input}:326    .data.ACOMP_queue_entries:00000000 ACOMP_queue_entries
    {standard input}:403    .rodata.ACOMP_ACOMP_queue_entry_0:00000000 ACOMP_ACOMP_queue_entry_0
    {standard input}:330    .data.VOLT_CURR_TEMP_channel_array:00000000 $d
    {standard input}:338    .rodata.ACOMP_ACOMP_ch_config:00000000 $d
    {standard input}:341    .rodata.ACOMP_ACOMP_ch_config:00000000 ACOMP_ACOMP_ch_config
    {standard input}:352    .rodata.ACOMP_VRef_ch_config:00000000 $d
    {standard input}:366    .rodata.ACOMP:00000000 $d
    {standard input}:382    .rodata.VOLT_CURR_TEMP_Voltage_res_config:00000000 $d
    {standard input}:390    .rodata.ACOMP_ACOMP_handle:00000000 $d
    {standard input}:400    .rodata.ACOMP_ACOMP_queue_entry_0:00000000 $d
    {standard input}:407    .data.VOLT_CURR_TEMP_queue_entries:00000000 $d
                     .debug_frame:00000010 $d

UNDEFINED SYMBOLS
XMC_VADC_GROUP_SetResultInterruptNode
