   1              	 .cpu cortex-m0
   2              	 .fpu softvfp
   3              	 .eabi_attribute 20,1
   4              	 .eabi_attribute 21,1
   5              	 .eabi_attribute 23,3
   6              	 .eabi_attribute 24,1
   7              	 .eabi_attribute 25,1
   8              	 .eabi_attribute 26,1
   9              	 .eabi_attribute 30,2
  10              	 .eabi_attribute 34,0
  11              	 .eabi_attribute 18,4
  12              	 .code 16
  13              	 .file "xmc_common.c"
  14              	 .text
  15              	.Ltext0:
  16              	 .cfi_sections .debug_frame
  17              	 .section .text.XMC_LIST_Init,"ax",%progbits
  18              	 .align 2
  19              	 .global XMC_LIST_Init
  20              	 .code 16
  21              	 .thumb_func
  23              	XMC_LIST_Init:
  24              	.LFB39:
  25              	 .file 1 "../Libraries/XMCLib/src/xmc_common.c"
   1:../Libraries/XMCLib/src/xmc_common.c **** /**
   2:../Libraries/XMCLib/src/xmc_common.c ****  * @file xmc_common.c
   3:../Libraries/XMCLib/src/xmc_common.c ****  * @date 2017-02-25
   4:../Libraries/XMCLib/src/xmc_common.c ****  *
   5:../Libraries/XMCLib/src/xmc_common.c ****  * @cond
   6:../Libraries/XMCLib/src/xmc_common.c ****  **************************************************************************************************
   7:../Libraries/XMCLib/src/xmc_common.c ****  * XMClib v2.1.16 - XMC Peripheral Driver Library 
   8:../Libraries/XMCLib/src/xmc_common.c ****  *
   9:../Libraries/XMCLib/src/xmc_common.c ****  * Copyright (c) 2015-2017, Infineon Technologies AG
  10:../Libraries/XMCLib/src/xmc_common.c ****  * All rights reserved.                        
  11:../Libraries/XMCLib/src/xmc_common.c ****  *                                             
  12:../Libraries/XMCLib/src/xmc_common.c ****  * Redistribution and use in source and binary forms, with or without modification,are permitted pr
  13:../Libraries/XMCLib/src/xmc_common.c ****  * following conditions are met:   
  14:../Libraries/XMCLib/src/xmc_common.c ****  *                                                                              
  15:../Libraries/XMCLib/src/xmc_common.c ****  * Redistributions of source code must retain the above copyright notice, this list of conditions a
  16:../Libraries/XMCLib/src/xmc_common.c ****  * disclaimer.                        
  17:../Libraries/XMCLib/src/xmc_common.c ****  * 
  18:../Libraries/XMCLib/src/xmc_common.c ****  * Redistributions in binary form must reproduce the above copyright notice, this list of condition
  19:../Libraries/XMCLib/src/xmc_common.c ****  * disclaimer in the documentation and/or other materials provided with the distribution.          
  20:../Libraries/XMCLib/src/xmc_common.c ****  * 
  21:../Libraries/XMCLib/src/xmc_common.c ****  * Neither the name of the copyright holders nor the names of its contributors may be used to endor
  22:../Libraries/XMCLib/src/xmc_common.c ****  * products derived from this software without specific prior written permission.                  
  23:../Libraries/XMCLib/src/xmc_common.c ****  *                                                                              
  24:../Libraries/XMCLib/src/xmc_common.c ****  * THIS SOFTWARE IS PROVIDED BY THE COPYRIGHT HOLDERS AND CONTRIBUTORS "AS IS" AND ANY EXPRESS OR I
  25:../Libraries/XMCLib/src/xmc_common.c ****  * INCLUDING, BUT NOT LIMITED TO, THE IMPLIED WARRANTIES OF MERCHANTABILITY AND FITNESS FOR A PARTI
  26:../Libraries/XMCLib/src/xmc_common.c ****  * DISCLAIMED. IN NO EVENT SHALL THE COPYRIGHT HOLDER OR CONTRIBUTORS BE LIABLE  FOR ANY DIRECT, IN
  27:../Libraries/XMCLib/src/xmc_common.c ****  * SPECIAL, EXEMPLARY, OR CONSEQUENTIAL DAMAGES (INCLUDING, BUT NOT LIMITED TO, PROCUREMENT OF SUBS
  28:../Libraries/XMCLib/src/xmc_common.c ****  * SERVICES; LOSS OF USE, DATA, OR PROFITS; OR BUSINESS INTERRUPTION) HOWEVER CAUSED AND ON ANY THE
  29:../Libraries/XMCLib/src/xmc_common.c ****  * WHETHER IN CONTRACT, STRICT LIABILITY,OR TORT (INCLUDING NEGLIGENCE OR OTHERWISE) ARISING IN ANY
  30:../Libraries/XMCLib/src/xmc_common.c ****  * OF THIS SOFTWARE, EVEN IF ADVISED OF THE POSSIBILITY OF SUCH DAMAGE.                            
  31:../Libraries/XMCLib/src/xmc_common.c ****  *                                                                              
  32:../Libraries/XMCLib/src/xmc_common.c ****  * To improve the quality of the software, users are encouraged to share modifications, enhancement
  33:../Libraries/XMCLib/src/xmc_common.c ****  * Infineon Technologies AG dave@infineon.com).                                                    
  34:../Libraries/XMCLib/src/xmc_common.c ****  **************************************************************************************************
  35:../Libraries/XMCLib/src/xmc_common.c ****  *
  36:../Libraries/XMCLib/src/xmc_common.c ****  * Change History
  37:../Libraries/XMCLib/src/xmc_common.c ****  * --------------
  38:../Libraries/XMCLib/src/xmc_common.c ****  *
  39:../Libraries/XMCLib/src/xmc_common.c ****  * 2015-02-20:
  40:../Libraries/XMCLib/src/xmc_common.c ****  *     - Initial <br>
  41:../Libraries/XMCLib/src/xmc_common.c ****  *      
  42:../Libraries/XMCLib/src/xmc_common.c ****  * 2017-02-25:
  43:../Libraries/XMCLib/src/xmc_common.c ****  *     - Remove the need to define XMC_USER_ASSERT_FUNCTION
  44:../Libraries/XMCLib/src/xmc_common.c ****  *     - XMC_AssertHandler fixed compilation warnings
  45:../Libraries/XMCLib/src/xmc_common.c ****  *
  46:../Libraries/XMCLib/src/xmc_common.c ****  * @endcond 
  47:../Libraries/XMCLib/src/xmc_common.c ****  *
  48:../Libraries/XMCLib/src/xmc_common.c ****  */
  49:../Libraries/XMCLib/src/xmc_common.c **** 
  50:../Libraries/XMCLib/src/xmc_common.c **** #include "xmc_common.h"
  51:../Libraries/XMCLib/src/xmc_common.c **** 
  52:../Libraries/XMCLib/src/xmc_common.c **** /*******************************************************************************
  53:../Libraries/XMCLib/src/xmc_common.c ****  * DATA STRUCTURES
  54:../Libraries/XMCLib/src/xmc_common.c ****  *******************************************************************************/
  55:../Libraries/XMCLib/src/xmc_common.c **** struct list
  56:../Libraries/XMCLib/src/xmc_common.c **** {
  57:../Libraries/XMCLib/src/xmc_common.c ****   struct list *next;
  58:../Libraries/XMCLib/src/xmc_common.c **** };
  59:../Libraries/XMCLib/src/xmc_common.c **** 
  60:../Libraries/XMCLib/src/xmc_common.c **** /*******************************************************************************
  61:../Libraries/XMCLib/src/xmc_common.c ****  * API IMPLEMENTATION
  62:../Libraries/XMCLib/src/xmc_common.c ****  *******************************************************************************/
  63:../Libraries/XMCLib/src/xmc_common.c **** #if defined(XMC_ASSERT_ENABLE)
  64:../Libraries/XMCLib/src/xmc_common.c **** __WEAK void XMC_AssertHandler(const char *const msg, const char *const file, uint32_t line)
  65:../Libraries/XMCLib/src/xmc_common.c **** {
  66:../Libraries/XMCLib/src/xmc_common.c ****   XMC_UNUSED_ARG(msg);
  67:../Libraries/XMCLib/src/xmc_common.c ****   XMC_UNUSED_ARG(file);
  68:../Libraries/XMCLib/src/xmc_common.c ****   XMC_UNUSED_ARG(line);
  69:../Libraries/XMCLib/src/xmc_common.c **** 
  70:../Libraries/XMCLib/src/xmc_common.c ****   while(1)
  71:../Libraries/XMCLib/src/xmc_common.c ****   {
  72:../Libraries/XMCLib/src/xmc_common.c ****     /* Endless loop */
  73:../Libraries/XMCLib/src/xmc_common.c ****   }
  74:../Libraries/XMCLib/src/xmc_common.c **** }
  75:../Libraries/XMCLib/src/xmc_common.c **** #endif
  76:../Libraries/XMCLib/src/xmc_common.c **** 
  77:../Libraries/XMCLib/src/xmc_common.c **** void XMC_LIST_Init(XMC_LIST_t *list)
  78:../Libraries/XMCLib/src/xmc_common.c **** {
  26              	 .loc 1 78 0
  27              	 .cfi_startproc
  28              	.LVL0:
  79:../Libraries/XMCLib/src/xmc_common.c ****   *list = NULL;
  29              	 .loc 1 79 0
  30 0000 0023     	 mov r3,#0
  80:../Libraries/XMCLib/src/xmc_common.c **** }
  31              	 .loc 1 80 0
  32              	 
  79:../Libraries/XMCLib/src/xmc_common.c ****   *list = NULL;
  33              	 .loc 1 79 0
  34 0002 0360     	 str r3,[r0]
  35              	 .loc 1 80 0
  36 0004 7047     	 bx lr
  37              	 .cfi_endproc
  38              	.LFE39:
  40              	 .section .text.XMC_LIST_GetHead,"ax",%progbits
  41              	 .align 2
  42              	 .global XMC_LIST_GetHead
  43              	 .code 16
  44              	 .thumb_func
  46              	XMC_LIST_GetHead:
  47              	.LFB40:
  81:../Libraries/XMCLib/src/xmc_common.c **** 
  82:../Libraries/XMCLib/src/xmc_common.c **** void *XMC_LIST_GetHead(XMC_LIST_t *list)
  83:../Libraries/XMCLib/src/xmc_common.c **** {
  48              	 .loc 1 83 0
  49              	 .cfi_startproc
  50              	.LVL1:
  84:../Libraries/XMCLib/src/xmc_common.c ****   return *list;
  51              	 .loc 1 84 0
  52 0000 0068     	 ldr r0,[r0]
  53              	.LVL2:
  85:../Libraries/XMCLib/src/xmc_common.c **** }
  54              	 .loc 1 85 0
  55              	 
  56 0002 7047     	 bx lr
  57              	 .cfi_endproc
  58              	.LFE40:
  60              	 .section .text.XMC_LIST_GetTail,"ax",%progbits
  61              	 .align 2
  62              	 .global XMC_LIST_GetTail
  63              	 .code 16
  64              	 .thumb_func
  66              	XMC_LIST_GetTail:
  67              	.LFB41:
  86:../Libraries/XMCLib/src/xmc_common.c **** 
  87:../Libraries/XMCLib/src/xmc_common.c **** void *XMC_LIST_GetTail(XMC_LIST_t *list)
  88:../Libraries/XMCLib/src/xmc_common.c **** {
  68              	 .loc 1 88 0
  69              	 .cfi_startproc
  70              	.LVL3:
  89:../Libraries/XMCLib/src/xmc_common.c ****   struct list *tail;
  90:../Libraries/XMCLib/src/xmc_common.c ****   
  91:../Libraries/XMCLib/src/xmc_common.c ****   if (*list == NULL) 
  71              	 .loc 1 91 0
  72 0000 0068     	 ldr r0,[r0]
  73              	.LVL4:
  74 0002 0028     	 cmp r0,#0
  75 0004 01D1     	 bne .L5
  76 0006 03E0     	 b .L4
  77              	.LVL5:
  78              	.L6:
  79 0008 181C     	 mov r0,r3
  80              	.LVL6:
  81              	.L5:
  92:../Libraries/XMCLib/src/xmc_common.c ****   {
  93:../Libraries/XMCLib/src/xmc_common.c ****     tail = NULL;
  94:../Libraries/XMCLib/src/xmc_common.c ****   }
  95:../Libraries/XMCLib/src/xmc_common.c ****   else
  96:../Libraries/XMCLib/src/xmc_common.c ****   {
  97:../Libraries/XMCLib/src/xmc_common.c ****     for (tail = (struct list *)*list; tail->next != NULL; tail = tail->next)
  82              	 .loc 1 97 0 discriminator 1
  83 000a 0368     	 ldr r3,[r0]
  84 000c 002B     	 cmp r3,#0
  85 000e FBD1     	 bne .L6
  86              	.LVL7:
  87              	.L4:
  98:../Libraries/XMCLib/src/xmc_common.c ****     {
  99:../Libraries/XMCLib/src/xmc_common.c ****       /* Loop through the list */
 100:../Libraries/XMCLib/src/xmc_common.c ****     }  
 101:../Libraries/XMCLib/src/xmc_common.c ****   }
 102:../Libraries/XMCLib/src/xmc_common.c ****   
 103:../Libraries/XMCLib/src/xmc_common.c ****   return tail;    
 104:../Libraries/XMCLib/src/xmc_common.c **** }
  88              	 .loc 1 104 0
  89              	 
  90 0010 7047     	 bx lr
  91              	 .cfi_endproc
  92              	.LFE41:
  94 0012 C046     	 .section .text.XMC_LIST_Add,"ax",%progbits
  95              	 .align 2
  96              	 .global XMC_LIST_Add
  97              	 .code 16
  98              	 .thumb_func
 100              	XMC_LIST_Add:
 101              	.LFB42:
 105:../Libraries/XMCLib/src/xmc_common.c **** 
 106:../Libraries/XMCLib/src/xmc_common.c **** void XMC_LIST_Add(XMC_LIST_t *list, void *item)
 107:../Libraries/XMCLib/src/xmc_common.c **** {
 102              	 .loc 1 107 0
 103              	 .cfi_startproc
 104              	.LVL8:
 108:../Libraries/XMCLib/src/xmc_common.c ****   struct list *tail;
 109:../Libraries/XMCLib/src/xmc_common.c ****   
 110:../Libraries/XMCLib/src/xmc_common.c ****   ((struct list *)item)->next = NULL;
 105              	 .loc 1 110 0
 106 0000 0023     	 mov r3,#0
 107 0002 0B60     	 str r3,[r1]
 108              	.LVL9:
 109              	.LBB10:
 110              	.LBB11:
  91:../Libraries/XMCLib/src/xmc_common.c ****   {
 111              	 .loc 1 91 0
 112 0004 0268     	 ldr r2,[r0]
 113 0006 002A     	 cmp r2,#0
 114 0008 01D1     	 bne .L13
 115 000a 05E0     	 b .L20
 116              	.LVL10:
 117              	.L16:
  97:../Libraries/XMCLib/src/xmc_common.c ****     {
 118              	 .loc 1 97 0
 119 000c 1A1C     	 mov r2,r3
 120              	.LVL11:
 121              	.L13:
 122 000e 1368     	 ldr r3,[r2]
 123 0010 002B     	 cmp r3,#0
 124 0012 FBD1     	 bne .L16
 125              	.LBE11:
 126              	.LBE10:
 111:../Libraries/XMCLib/src/xmc_common.c ****   tail = (struct list *)XMC_LIST_GetTail(list);
 112:../Libraries/XMCLib/src/xmc_common.c ****   
 113:../Libraries/XMCLib/src/xmc_common.c ****   if (tail == NULL) 
 114:../Libraries/XMCLib/src/xmc_common.c ****   {
 115:../Libraries/XMCLib/src/xmc_common.c ****     *list = item;
 116:../Libraries/XMCLib/src/xmc_common.c ****   } 
 117:../Libraries/XMCLib/src/xmc_common.c ****   else 
 118:../Libraries/XMCLib/src/xmc_common.c ****   {
 119:../Libraries/XMCLib/src/xmc_common.c ****     tail->next = (struct list *)item;
 127              	 .loc 1 119 0
 128 0014 1160     	 str r1,[r2]
 129              	.LVL12:
 130              	.L11:
 120:../Libraries/XMCLib/src/xmc_common.c ****   }
 121:../Libraries/XMCLib/src/xmc_common.c **** }
 131              	 .loc 1 121 0
 132              	 
 133 0016 7047     	 bx lr
 134              	.L20:
 135              	.LVL13:
 115:../Libraries/XMCLib/src/xmc_common.c ****   } 
 136              	 .loc 1 115 0
 137 0018 0160     	 str r1,[r0]
 138 001a FCE7     	 b .L11
 139              	 .cfi_endproc
 140              	.LFE42:
 142              	 .section .text.XMC_LIST_Remove,"ax",%progbits
 143              	 .align 2
 144              	 .global XMC_LIST_Remove
 145              	 .code 16
 146              	 .thumb_func
 148              	XMC_LIST_Remove:
 149              	.LFB43:
 122:../Libraries/XMCLib/src/xmc_common.c **** 
 123:../Libraries/XMCLib/src/xmc_common.c **** void XMC_LIST_Remove(XMC_LIST_t *list, void *item)
 124:../Libraries/XMCLib/src/xmc_common.c **** {
 150              	 .loc 1 124 0
 151              	 .cfi_startproc
 152              	.LVL14:
 125:../Libraries/XMCLib/src/xmc_common.c ****   struct list *right, *left;
 126:../Libraries/XMCLib/src/xmc_common.c ****   
 127:../Libraries/XMCLib/src/xmc_common.c ****   if (*list != NULL) 
 153              	 .loc 1 127 0
 154 0000 0268     	 ldr r2,[r0]
 155 0002 002A     	 cmp r2,#0
 156 0004 08D0     	 beq .L21
 157              	.LVL15:
 128:../Libraries/XMCLib/src/xmc_common.c ****   {
 129:../Libraries/XMCLib/src/xmc_common.c ****     left = NULL;
 130:../Libraries/XMCLib/src/xmc_common.c ****     for(right = (struct list *)*list; right != NULL; right = right->next)
 131:../Libraries/XMCLib/src/xmc_common.c ****     {
 132:../Libraries/XMCLib/src/xmc_common.c ****       if(right == item) 
 158              	 .loc 1 132 0 discriminator 1
 159 0006 8A42     	 cmp r2,r1
 160 0008 03D1     	 bne .L25
 161 000a 0BE0     	 b .L33
 162              	.LVL16:
 163              	.L27:
 164              	 .loc 1 132 0 is_stmt 0
 165 000c 9942     	 cmp r1,r3
 166 000e 04D0     	 beq .L34
 167 0010 1A1C     	 mov r2,r3
 168              	.LVL17:
 169              	.L25:
 130:../Libraries/XMCLib/src/xmc_common.c ****     {
 170              	 .loc 1 130 0 is_stmt 1 discriminator 2
 171 0012 1368     	 ldr r3,[r2]
 172              	.LVL18:
 173 0014 002B     	 cmp r3,#0
 174 0016 F9D1     	 bne .L27
 175              	.LVL19:
 176              	.L21:
 133:../Libraries/XMCLib/src/xmc_common.c ****       {
 134:../Libraries/XMCLib/src/xmc_common.c ****         if(left == NULL) 
 135:../Libraries/XMCLib/src/xmc_common.c ****         {
 136:../Libraries/XMCLib/src/xmc_common.c ****           /* First on list */
 137:../Libraries/XMCLib/src/xmc_common.c ****           *list = right->next;
 138:../Libraries/XMCLib/src/xmc_common.c ****         } 
 139:../Libraries/XMCLib/src/xmc_common.c ****         else 
 140:../Libraries/XMCLib/src/xmc_common.c ****         {
 141:../Libraries/XMCLib/src/xmc_common.c ****           /* Not first on list */
 142:../Libraries/XMCLib/src/xmc_common.c ****           left->next = right->next;
 143:../Libraries/XMCLib/src/xmc_common.c ****         }
 144:../Libraries/XMCLib/src/xmc_common.c ****         right->next = NULL;
 145:../Libraries/XMCLib/src/xmc_common.c ****         break;
 146:../Libraries/XMCLib/src/xmc_common.c ****       }
 147:../Libraries/XMCLib/src/xmc_common.c ****       left = right;
 148:../Libraries/XMCLib/src/xmc_common.c ****     }
 149:../Libraries/XMCLib/src/xmc_common.c ****   }
 150:../Libraries/XMCLib/src/xmc_common.c **** }
 177              	 .loc 1 150 0
 178              	 
 179 0018 7047     	 bx lr
 180              	.LVL20:
 181              	.L34:
 142:../Libraries/XMCLib/src/xmc_common.c ****         }
 182              	 .loc 1 142 0
 183 001a 1968     	 ldr r1,[r3]
 184              	.LVL21:
 185 001c 1160     	 str r1,[r2]
 186              	.L26:
 144:../Libraries/XMCLib/src/xmc_common.c ****         break;
 187              	 .loc 1 144 0
 188 001e 0022     	 mov r2,#0
 189 0020 1A60     	 str r2,[r3]
 145:../Libraries/XMCLib/src/xmc_common.c ****       }
 190              	 .loc 1 145 0
 191 0022 F9E7     	 b .L21
 192              	.LVL22:
 193              	.L33:
 132:../Libraries/XMCLib/src/xmc_common.c ****       {
 194              	 .loc 1 132 0
 195 0024 131C     	 mov r3,r2
 137:../Libraries/XMCLib/src/xmc_common.c ****         } 
 196              	 .loc 1 137 0
 197 0026 1268     	 ldr r2,[r2]
 198              	.LVL23:
 199 0028 0260     	 str r2,[r0]
 200              	.LVL24:
 201 002a F8E7     	 b .L26
 202              	 .cfi_endproc
 203              	.LFE43:
 205              	 .section .text.XMC_LIST_Insert,"ax",%progbits
 206              	 .align 2
 207              	 .global XMC_LIST_Insert
 208              	 .code 16
 209              	 .thumb_func
 211              	XMC_LIST_Insert:
 212              	.LFB44:
 151:../Libraries/XMCLib/src/xmc_common.c **** 
 152:../Libraries/XMCLib/src/xmc_common.c **** void XMC_LIST_Insert(XMC_LIST_t *list, void *prev_item, void *new_item)
 153:../Libraries/XMCLib/src/xmc_common.c **** {
 213              	 .loc 1 153 0
 214              	 .cfi_startproc
 215              	.LVL25:
 154:../Libraries/XMCLib/src/xmc_common.c ****   if (prev_item == NULL) 
 216              	 .loc 1 154 0
 217 0000 0029     	 cmp r1,#0
 218 0002 03D0     	 beq .L38
 155:../Libraries/XMCLib/src/xmc_common.c ****   {
 156:../Libraries/XMCLib/src/xmc_common.c **** 	((struct list *)new_item)->next = (struct list *)*list;
 157:../Libraries/XMCLib/src/xmc_common.c **** 	*list = new_item;
 158:../Libraries/XMCLib/src/xmc_common.c ****   } 
 159:../Libraries/XMCLib/src/xmc_common.c ****   else 
 160:../Libraries/XMCLib/src/xmc_common.c ****   {
 161:../Libraries/XMCLib/src/xmc_common.c ****     ((struct list *)new_item)->next = ((struct list *)prev_item)->next;
 219              	 .loc 1 161 0
 220 0004 0B68     	 ldr r3,[r1]
 221 0006 1360     	 str r3,[r2]
 162:../Libraries/XMCLib/src/xmc_common.c ****     ((struct list *)prev_item)->next = (struct list *)new_item;
 222              	 .loc 1 162 0
 223 0008 0A60     	 str r2,[r1]
 224              	.L35:
 163:../Libraries/XMCLib/src/xmc_common.c ****   }
 164:../Libraries/XMCLib/src/xmc_common.c **** }
 225              	 .loc 1 164 0
 226              	 
 227 000a 7047     	 bx lr
 228              	.L38:
 156:../Libraries/XMCLib/src/xmc_common.c **** 	*list = new_item;
 229              	 .loc 1 156 0
 230 000c 0368     	 ldr r3,[r0]
 231 000e 1360     	 str r3,[r2]
 157:../Libraries/XMCLib/src/xmc_common.c ****   } 
 232              	 .loc 1 157 0
 233 0010 0260     	 str r2,[r0]
 234 0012 FAE7     	 b .L35
 235              	 .cfi_endproc
 236              	.LFE44:
 238              	 .section .text.XMC_PRIOARRAY_Init,"ax",%progbits
 239              	 .align 2
 240              	 .global XMC_PRIOARRAY_Init
 241              	 .code 16
 242              	 .thumb_func
 244              	XMC_PRIOARRAY_Init:
 245              	.LFB45:
 165:../Libraries/XMCLib/src/xmc_common.c **** 
 166:../Libraries/XMCLib/src/xmc_common.c **** void XMC_PRIOARRAY_Init(XMC_PRIOARRAY_t *prioarray)
 167:../Libraries/XMCLib/src/xmc_common.c **** {
 246              	 .loc 1 167 0
 247              	 .cfi_startproc
 248              	.LVL26:
 249 0000 30B5     	 push {r4,r5,lr}
 250              	.LCFI0:
 251              	 .cfi_def_cfa_offset 12
 252              	 .cfi_offset 4,-12
 253              	 .cfi_offset 5,-8
 254              	 .cfi_offset 14,-4
 168:../Libraries/XMCLib/src/xmc_common.c ****   XMC_ASSERT("XMC_PRIOARRAY_Init: NULL pointer", prioarray != NULL);
 169:../Libraries/XMCLib/src/xmc_common.c **** 
 170:../Libraries/XMCLib/src/xmc_common.c ****   /* Initialize head, next points to tail, previous to NULL and the priority is MININT */
 171:../Libraries/XMCLib/src/xmc_common.c ****   prioarray->items[prioarray->size].next = prioarray->size + 1;
 255              	 .loc 1 171 0
 256 0002 14C8     	 ldmia r0!,{r2,r4}
 257              	.LVL27:
 258 0004 5300     	 lsl r3,r2,#1
 259 0006 9B18     	 add r3,r3,r2
 260 0008 9B00     	 lsl r3,r3,#2
 261 000a E118     	 add r1,r4,r3
 262 000c 501C     	 add r0,r2,#1
 263              	.LVL28:
 264 000e 8860     	 str r0,[r1,#8]
 172:../Libraries/XMCLib/src/xmc_common.c ****   prioarray->items[prioarray->size].previous = -1;
 265              	 .loc 1 172 0
 266 0010 0120     	 mov r0,#1
 173:../Libraries/XMCLib/src/xmc_common.c ****   prioarray->items[prioarray->size].priority = INT32_MAX;
 267              	 .loc 1 173 0
 268 0012 064D     	 ldr r5,.L40
 174:../Libraries/XMCLib/src/xmc_common.c **** 
 175:../Libraries/XMCLib/src/xmc_common.c ****   /* Initialize tail, next points to NULL, previous is the head and the priority is MAXINT */
 176:../Libraries/XMCLib/src/xmc_common.c ****   prioarray->items[prioarray->size + 1].next = -1;
 269              	 .loc 1 176 0
 270 0014 0C33     	 add r3,r3,#12
 271 0016 E318     	 add r3,r4,r3
 172:../Libraries/XMCLib/src/xmc_common.c ****   prioarray->items[prioarray->size].priority = INT32_MAX;
 272              	 .loc 1 172 0
 273 0018 4042     	 neg r0,r0
 173:../Libraries/XMCLib/src/xmc_common.c ****   prioarray->items[prioarray->size].priority = INT32_MAX;
 274              	 .loc 1 173 0
 275 001a 0D60     	 str r5,[r1]
 172:../Libraries/XMCLib/src/xmc_common.c ****   prioarray->items[prioarray->size].priority = INT32_MAX;
 276              	 .loc 1 172 0
 277 001c 4860     	 str r0,[r1,#4]
 177:../Libraries/XMCLib/src/xmc_common.c ****   prioarray->items[prioarray->size + 1].previous = prioarray->size;
 278              	 .loc 1 177 0
 279 001e 5A60     	 str r2,[r3,#4]
 178:../Libraries/XMCLib/src/xmc_common.c ****   prioarray->items[prioarray->size + 1].priority = INT32_MIN;
 280              	 .loc 1 178 0
 281 0020 8022     	 mov r2,#128
 282 0022 1206     	 lsl r2,r2,#24
 176:../Libraries/XMCLib/src/xmc_common.c ****   prioarray->items[prioarray->size + 1].previous = prioarray->size;
 283              	 .loc 1 176 0
 284 0024 9860     	 str r0,[r3,#8]
 285              	 .loc 1 178 0
 286 0026 1A60     	 str r2,[r3]
 179:../Libraries/XMCLib/src/xmc_common.c **** 
 180:../Libraries/XMCLib/src/xmc_common.c **** }
 287              	 .loc 1 180 0
 288              	 
 289 0028 30BD     	 pop {r4,r5,pc}
 290              	.L41:
 291 002a C046     	 .align 2
 292              	.L40:
 293 002c FFFFFF7F 	 .word 2147483647
 294              	 .cfi_endproc
 295              	.LFE45:
 297              	 .section .text.XMC_PRIOARRAY_Add,"ax",%progbits
 298              	 .align 2
 299              	 .global XMC_PRIOARRAY_Add
 300              	 .code 16
 301              	 .thumb_func
 303              	XMC_PRIOARRAY_Add:
 304              	.LFB46:
 181:../Libraries/XMCLib/src/xmc_common.c **** 
 182:../Libraries/XMCLib/src/xmc_common.c **** void XMC_PRIOARRAY_Add(XMC_PRIOARRAY_t *prioarray, int32_t item, int32_t priority)
 183:../Libraries/XMCLib/src/xmc_common.c **** {
 305              	 .loc 1 183 0
 306              	 .cfi_startproc
 307              	.LVL29:
 308 0000 70B5     	 push {r4,r5,r6,lr}
 309              	.LCFI1:
 310              	 .cfi_def_cfa_offset 16
 311              	 .cfi_offset 4,-16
 312              	 .cfi_offset 5,-12
 313              	 .cfi_offset 6,-8
 314              	 .cfi_offset 14,-4
 315              	.LBB12:
 316              	.LBB13:
 317              	 .file 2 "C:/Workspaces/DAVE-4.4.2-64Bit/WIRELESS_CHARGER_RECVEIVER_delivered/Libraries/XMCLib/inc/xmc_common.h"
   1:C:/Workspaces/DAVE-4.4.2-64Bit/WIRELESS_CHARGER_RECVEIVER_delivered/Libraries/XMCLib/inc\xmc_common.h **** /**
   2:C:/Workspaces/DAVE-4.4.2-64Bit/WIRELESS_CHARGER_RECVEIVER_delivered/Libraries/XMCLib/inc\xmc_common.h ****  * @file xmc_common.h
   3:C:/Workspaces/DAVE-4.4.2-64Bit/WIRELESS_CHARGER_RECVEIVER_delivered/Libraries/XMCLib/inc\xmc_common.h ****  * @date 2017-08-03
   4:C:/Workspaces/DAVE-4.4.2-64Bit/WIRELESS_CHARGER_RECVEIVER_delivered/Libraries/XMCLib/inc\xmc_common.h ****  *
   5:C:/Workspaces/DAVE-4.4.2-64Bit/WIRELESS_CHARGER_RECVEIVER_delivered/Libraries/XMCLib/inc\xmc_common.h ****  * @cond
   6:C:/Workspaces/DAVE-4.4.2-64Bit/WIRELESS_CHARGER_RECVEIVER_delivered/Libraries/XMCLib/inc\xmc_common.h ****   *************************************************************************************************
   7:C:/Workspaces/DAVE-4.4.2-64Bit/WIRELESS_CHARGER_RECVEIVER_delivered/Libraries/XMCLib/inc\xmc_common.h ****  * XMClib v2.1.16 - XMC Peripheral Driver Library 
   8:C:/Workspaces/DAVE-4.4.2-64Bit/WIRELESS_CHARGER_RECVEIVER_delivered/Libraries/XMCLib/inc\xmc_common.h ****  *
   9:C:/Workspaces/DAVE-4.4.2-64Bit/WIRELESS_CHARGER_RECVEIVER_delivered/Libraries/XMCLib/inc\xmc_common.h ****  * Copyright (c) 2015-2017, Infineon Technologies AG
  10:C:/Workspaces/DAVE-4.4.2-64Bit/WIRELESS_CHARGER_RECVEIVER_delivered/Libraries/XMCLib/inc\xmc_common.h ****  * All rights reserved.                        
  11:C:/Workspaces/DAVE-4.4.2-64Bit/WIRELESS_CHARGER_RECVEIVER_delivered/Libraries/XMCLib/inc\xmc_common.h ****  *                                             
  12:C:/Workspaces/DAVE-4.4.2-64Bit/WIRELESS_CHARGER_RECVEIVER_delivered/Libraries/XMCLib/inc\xmc_common.h ****  * Redistribution and use in source and binary forms, with or without modification,are permitted pr
  13:C:/Workspaces/DAVE-4.4.2-64Bit/WIRELESS_CHARGER_RECVEIVER_delivered/Libraries/XMCLib/inc\xmc_common.h ****  * following conditions are met:   
  14:C:/Workspaces/DAVE-4.4.2-64Bit/WIRELESS_CHARGER_RECVEIVER_delivered/Libraries/XMCLib/inc\xmc_common.h ****  *                                                                              
  15:C:/Workspaces/DAVE-4.4.2-64Bit/WIRELESS_CHARGER_RECVEIVER_delivered/Libraries/XMCLib/inc\xmc_common.h ****  * Redistributions of source code must retain the above copyright notice, this list of conditions a
  16:C:/Workspaces/DAVE-4.4.2-64Bit/WIRELESS_CHARGER_RECVEIVER_delivered/Libraries/XMCLib/inc\xmc_common.h ****  * disclaimer.                        
  17:C:/Workspaces/DAVE-4.4.2-64Bit/WIRELESS_CHARGER_RECVEIVER_delivered/Libraries/XMCLib/inc\xmc_common.h ****  * 
  18:C:/Workspaces/DAVE-4.4.2-64Bit/WIRELESS_CHARGER_RECVEIVER_delivered/Libraries/XMCLib/inc\xmc_common.h ****  * Redistributions in binary form must reproduce the above copyright notice, this list of condition
  19:C:/Workspaces/DAVE-4.4.2-64Bit/WIRELESS_CHARGER_RECVEIVER_delivered/Libraries/XMCLib/inc\xmc_common.h ****  * disclaimer in the documentation and/or other materials provided with the distribution.          
  20:C:/Workspaces/DAVE-4.4.2-64Bit/WIRELESS_CHARGER_RECVEIVER_delivered/Libraries/XMCLib/inc\xmc_common.h ****  * 
  21:C:/Workspaces/DAVE-4.4.2-64Bit/WIRELESS_CHARGER_RECVEIVER_delivered/Libraries/XMCLib/inc\xmc_common.h ****  * Neither the name of the copyright holders nor the names of its contributors may be used to endor
  22:C:/Workspaces/DAVE-4.4.2-64Bit/WIRELESS_CHARGER_RECVEIVER_delivered/Libraries/XMCLib/inc\xmc_common.h ****  * products derived from this software without specific prior written permission.                  
  23:C:/Workspaces/DAVE-4.4.2-64Bit/WIRELESS_CHARGER_RECVEIVER_delivered/Libraries/XMCLib/inc\xmc_common.h ****  *                                                                              
  24:C:/Workspaces/DAVE-4.4.2-64Bit/WIRELESS_CHARGER_RECVEIVER_delivered/Libraries/XMCLib/inc\xmc_common.h ****  * THIS SOFTWARE IS PROVIDED BY THE COPYRIGHT HOLDERS AND CONTRIBUTORS "AS IS" AND ANY EXPRESS OR I
  25:C:/Workspaces/DAVE-4.4.2-64Bit/WIRELESS_CHARGER_RECVEIVER_delivered/Libraries/XMCLib/inc\xmc_common.h ****  * INCLUDING, BUT NOT LIMITED TO, THE IMPLIED WARRANTIES OF MERCHANTABILITY AND FITNESS FOR A PARTI
  26:C:/Workspaces/DAVE-4.4.2-64Bit/WIRELESS_CHARGER_RECVEIVER_delivered/Libraries/XMCLib/inc\xmc_common.h ****  * DISCLAIMED. IN NO EVENT SHALL THE COPYRIGHT HOLDER OR CONTRIBUTORS BE LIABLE  FOR ANY DIRECT, IN
  27:C:/Workspaces/DAVE-4.4.2-64Bit/WIRELESS_CHARGER_RECVEIVER_delivered/Libraries/XMCLib/inc\xmc_common.h ****  * SPECIAL, EXEMPLARY, OR CONSEQUENTIAL DAMAGES (INCLUDING, BUT NOT LIMITED TO, PROCUREMENT OF SUBS
  28:C:/Workspaces/DAVE-4.4.2-64Bit/WIRELESS_CHARGER_RECVEIVER_delivered/Libraries/XMCLib/inc\xmc_common.h ****  * SERVICES; LOSS OF USE, DATA, OR PROFITS; OR BUSINESS INTERRUPTION) HOWEVER CAUSED AND ON ANY THE
  29:C:/Workspaces/DAVE-4.4.2-64Bit/WIRELESS_CHARGER_RECVEIVER_delivered/Libraries/XMCLib/inc\xmc_common.h ****  * WHETHER IN CONTRACT, STRICT LIABILITY,OR TORT (INCLUDING NEGLIGENCE OR OTHERWISE) ARISING IN ANY
  30:C:/Workspaces/DAVE-4.4.2-64Bit/WIRELESS_CHARGER_RECVEIVER_delivered/Libraries/XMCLib/inc\xmc_common.h ****  * OF THIS SOFTWARE, EVEN IF ADVISED OF THE POSSIBILITY OF SUCH DAMAGE.                            
  31:C:/Workspaces/DAVE-4.4.2-64Bit/WIRELESS_CHARGER_RECVEIVER_delivered/Libraries/XMCLib/inc\xmc_common.h ****  *                                                                              
  32:C:/Workspaces/DAVE-4.4.2-64Bit/WIRELESS_CHARGER_RECVEIVER_delivered/Libraries/XMCLib/inc\xmc_common.h ****  * To improve the quality of the software, users are encouraged to share modifications, enhancement
  33:C:/Workspaces/DAVE-4.4.2-64Bit/WIRELESS_CHARGER_RECVEIVER_delivered/Libraries/XMCLib/inc\xmc_common.h ****  * Infineon Technologies AG dave@infineon.com).                                                    
  34:C:/Workspaces/DAVE-4.4.2-64Bit/WIRELESS_CHARGER_RECVEIVER_delivered/Libraries/XMCLib/inc\xmc_common.h ****  **************************************************************************************************
  35:C:/Workspaces/DAVE-4.4.2-64Bit/WIRELESS_CHARGER_RECVEIVER_delivered/Libraries/XMCLib/inc\xmc_common.h ****  *
  36:C:/Workspaces/DAVE-4.4.2-64Bit/WIRELESS_CHARGER_RECVEIVER_delivered/Libraries/XMCLib/inc\xmc_common.h ****  * Change History
  37:C:/Workspaces/DAVE-4.4.2-64Bit/WIRELESS_CHARGER_RECVEIVER_delivered/Libraries/XMCLib/inc\xmc_common.h ****  * --------------
  38:C:/Workspaces/DAVE-4.4.2-64Bit/WIRELESS_CHARGER_RECVEIVER_delivered/Libraries/XMCLib/inc\xmc_common.h ****  *
  39:C:/Workspaces/DAVE-4.4.2-64Bit/WIRELESS_CHARGER_RECVEIVER_delivered/Libraries/XMCLib/inc\xmc_common.h ****  * 2015-06-20:
  40:C:/Workspaces/DAVE-4.4.2-64Bit/WIRELESS_CHARGER_RECVEIVER_delivered/Libraries/XMCLib/inc\xmc_common.h ****  *     - Initial
  41:C:/Workspaces/DAVE-4.4.2-64Bit/WIRELESS_CHARGER_RECVEIVER_delivered/Libraries/XMCLib/inc\xmc_common.h ****  *     - Brief section updated
  42:C:/Workspaces/DAVE-4.4.2-64Bit/WIRELESS_CHARGER_RECVEIVER_delivered/Libraries/XMCLib/inc\xmc_common.h ****  *     - Added XMC_LIB_VERSION macro
  43:C:/Workspaces/DAVE-4.4.2-64Bit/WIRELESS_CHARGER_RECVEIVER_delivered/Libraries/XMCLib/inc\xmc_common.h ****  *
  44:C:/Workspaces/DAVE-4.4.2-64Bit/WIRELESS_CHARGER_RECVEIVER_delivered/Libraries/XMCLib/inc\xmc_common.h ****  * 2016-02-26:
  45:C:/Workspaces/DAVE-4.4.2-64Bit/WIRELESS_CHARGER_RECVEIVER_delivered/Libraries/XMCLib/inc\xmc_common.h ****  *     - Updated XMC_LIB_VERSION macro to v2.1.6
  46:C:/Workspaces/DAVE-4.4.2-64Bit/WIRELESS_CHARGER_RECVEIVER_delivered/Libraries/XMCLib/inc\xmc_common.h ****  *      
  47:C:/Workspaces/DAVE-4.4.2-64Bit/WIRELESS_CHARGER_RECVEIVER_delivered/Libraries/XMCLib/inc\xmc_common.h ****  * 2016-05-30:
  48:C:/Workspaces/DAVE-4.4.2-64Bit/WIRELESS_CHARGER_RECVEIVER_delivered/Libraries/XMCLib/inc\xmc_common.h ****  *     - Updated XMC_LIB_VERSION macro to v2.1.8
  49:C:/Workspaces/DAVE-4.4.2-64Bit/WIRELESS_CHARGER_RECVEIVER_delivered/Libraries/XMCLib/inc\xmc_common.h ****  *
  50:C:/Workspaces/DAVE-4.4.2-64Bit/WIRELESS_CHARGER_RECVEIVER_delivered/Libraries/XMCLib/inc\xmc_common.h ****  * 2016-11-18:
  51:C:/Workspaces/DAVE-4.4.2-64Bit/WIRELESS_CHARGER_RECVEIVER_delivered/Libraries/XMCLib/inc\xmc_common.h ****  *     - Updated XMC_LIB_VERSION macro to v2.1.10
  52:C:/Workspaces/DAVE-4.4.2-64Bit/WIRELESS_CHARGER_RECVEIVER_delivered/Libraries/XMCLib/inc\xmc_common.h ****  *     - Changed type of size in XMC_PRIOARRAY_t to fix compilation warnings
  53:C:/Workspaces/DAVE-4.4.2-64Bit/WIRELESS_CHARGER_RECVEIVER_delivered/Libraries/XMCLib/inc\xmc_common.h ****  *
  54:C:/Workspaces/DAVE-4.4.2-64Bit/WIRELESS_CHARGER_RECVEIVER_delivered/Libraries/XMCLib/inc\xmc_common.h ****  * 2017-04-04:
  55:C:/Workspaces/DAVE-4.4.2-64Bit/WIRELESS_CHARGER_RECVEIVER_delivered/Libraries/XMCLib/inc\xmc_common.h ****  *     - Updated XMC_LIB_VERSION macro to v2.1.12
  56:C:/Workspaces/DAVE-4.4.2-64Bit/WIRELESS_CHARGER_RECVEIVER_delivered/Libraries/XMCLib/inc\xmc_common.h ****  *
  57:C:/Workspaces/DAVE-4.4.2-64Bit/WIRELESS_CHARGER_RECVEIVER_delivered/Libraries/XMCLib/inc\xmc_common.h ****  * 2017-06-24:
  58:C:/Workspaces/DAVE-4.4.2-64Bit/WIRELESS_CHARGER_RECVEIVER_delivered/Libraries/XMCLib/inc\xmc_common.h ****  *     - Updated XMC_LIB_VERSION macro to v2.1.14
  59:C:/Workspaces/DAVE-4.4.2-64Bit/WIRELESS_CHARGER_RECVEIVER_delivered/Libraries/XMCLib/inc\xmc_common.h ****  *
  60:C:/Workspaces/DAVE-4.4.2-64Bit/WIRELESS_CHARGER_RECVEIVER_delivered/Libraries/XMCLib/inc\xmc_common.h ****  * 2017-08-03:
  61:C:/Workspaces/DAVE-4.4.2-64Bit/WIRELESS_CHARGER_RECVEIVER_delivered/Libraries/XMCLib/inc\xmc_common.h ****  *     - Updated XMC_LIB_VERSION macro to v2.1.16
  62:C:/Workspaces/DAVE-4.4.2-64Bit/WIRELESS_CHARGER_RECVEIVER_delivered/Libraries/XMCLib/inc\xmc_common.h ****  *     - Added __RAM_FUNC macro
  63:C:/Workspaces/DAVE-4.4.2-64Bit/WIRELESS_CHARGER_RECVEIVER_delivered/Libraries/XMCLib/inc\xmc_common.h ****  *
  64:C:/Workspaces/DAVE-4.4.2-64Bit/WIRELESS_CHARGER_RECVEIVER_delivered/Libraries/XMCLib/inc\xmc_common.h ****  * @endcond 
  65:C:/Workspaces/DAVE-4.4.2-64Bit/WIRELESS_CHARGER_RECVEIVER_delivered/Libraries/XMCLib/inc\xmc_common.h ****  *
  66:C:/Workspaces/DAVE-4.4.2-64Bit/WIRELESS_CHARGER_RECVEIVER_delivered/Libraries/XMCLib/inc\xmc_common.h ****  */
  67:C:/Workspaces/DAVE-4.4.2-64Bit/WIRELESS_CHARGER_RECVEIVER_delivered/Libraries/XMCLib/inc\xmc_common.h **** 
  68:C:/Workspaces/DAVE-4.4.2-64Bit/WIRELESS_CHARGER_RECVEIVER_delivered/Libraries/XMCLib/inc\xmc_common.h **** #ifndef XMC_COMMON_H
  69:C:/Workspaces/DAVE-4.4.2-64Bit/WIRELESS_CHARGER_RECVEIVER_delivered/Libraries/XMCLib/inc\xmc_common.h **** #define XMC_COMMON_H
  70:C:/Workspaces/DAVE-4.4.2-64Bit/WIRELESS_CHARGER_RECVEIVER_delivered/Libraries/XMCLib/inc\xmc_common.h **** 
  71:C:/Workspaces/DAVE-4.4.2-64Bit/WIRELESS_CHARGER_RECVEIVER_delivered/Libraries/XMCLib/inc\xmc_common.h **** #include <stddef.h>
  72:C:/Workspaces/DAVE-4.4.2-64Bit/WIRELESS_CHARGER_RECVEIVER_delivered/Libraries/XMCLib/inc\xmc_common.h **** #include <stdint.h>
  73:C:/Workspaces/DAVE-4.4.2-64Bit/WIRELESS_CHARGER_RECVEIVER_delivered/Libraries/XMCLib/inc\xmc_common.h **** #include <stdbool.h>
  74:C:/Workspaces/DAVE-4.4.2-64Bit/WIRELESS_CHARGER_RECVEIVER_delivered/Libraries/XMCLib/inc\xmc_common.h **** #include <string.h>
  75:C:/Workspaces/DAVE-4.4.2-64Bit/WIRELESS_CHARGER_RECVEIVER_delivered/Libraries/XMCLib/inc\xmc_common.h **** 
  76:C:/Workspaces/DAVE-4.4.2-64Bit/WIRELESS_CHARGER_RECVEIVER_delivered/Libraries/XMCLib/inc\xmc_common.h **** #include "xmc_device.h"
  77:C:/Workspaces/DAVE-4.4.2-64Bit/WIRELESS_CHARGER_RECVEIVER_delivered/Libraries/XMCLib/inc\xmc_common.h **** 
  78:C:/Workspaces/DAVE-4.4.2-64Bit/WIRELESS_CHARGER_RECVEIVER_delivered/Libraries/XMCLib/inc\xmc_common.h **** /**
  79:C:/Workspaces/DAVE-4.4.2-64Bit/WIRELESS_CHARGER_RECVEIVER_delivered/Libraries/XMCLib/inc\xmc_common.h ****  * @addtogroup XMClib XMC Peripheral Library
  80:C:/Workspaces/DAVE-4.4.2-64Bit/WIRELESS_CHARGER_RECVEIVER_delivered/Libraries/XMCLib/inc\xmc_common.h ****  * @{
  81:C:/Workspaces/DAVE-4.4.2-64Bit/WIRELESS_CHARGER_RECVEIVER_delivered/Libraries/XMCLib/inc\xmc_common.h ****  */
  82:C:/Workspaces/DAVE-4.4.2-64Bit/WIRELESS_CHARGER_RECVEIVER_delivered/Libraries/XMCLib/inc\xmc_common.h **** 
  83:C:/Workspaces/DAVE-4.4.2-64Bit/WIRELESS_CHARGER_RECVEIVER_delivered/Libraries/XMCLib/inc\xmc_common.h **** /**
  84:C:/Workspaces/DAVE-4.4.2-64Bit/WIRELESS_CHARGER_RECVEIVER_delivered/Libraries/XMCLib/inc\xmc_common.h ****  * @addtogroup COMMON
  85:C:/Workspaces/DAVE-4.4.2-64Bit/WIRELESS_CHARGER_RECVEIVER_delivered/Libraries/XMCLib/inc\xmc_common.h ****  * @brief Common APIs to all peripherals for XMC microcontroller family 
  86:C:/Workspaces/DAVE-4.4.2-64Bit/WIRELESS_CHARGER_RECVEIVER_delivered/Libraries/XMCLib/inc\xmc_common.h ****  * @{
  87:C:/Workspaces/DAVE-4.4.2-64Bit/WIRELESS_CHARGER_RECVEIVER_delivered/Libraries/XMCLib/inc\xmc_common.h ****  */
  88:C:/Workspaces/DAVE-4.4.2-64Bit/WIRELESS_CHARGER_RECVEIVER_delivered/Libraries/XMCLib/inc\xmc_common.h **** 
  89:C:/Workspaces/DAVE-4.4.2-64Bit/WIRELESS_CHARGER_RECVEIVER_delivered/Libraries/XMCLib/inc\xmc_common.h **** /**************************************************************************************************
  90:C:/Workspaces/DAVE-4.4.2-64Bit/WIRELESS_CHARGER_RECVEIVER_delivered/Libraries/XMCLib/inc\xmc_common.h ****  * MACROS
  91:C:/Workspaces/DAVE-4.4.2-64Bit/WIRELESS_CHARGER_RECVEIVER_delivered/Libraries/XMCLib/inc\xmc_common.h ****  **************************************************************************************************
  92:C:/Workspaces/DAVE-4.4.2-64Bit/WIRELESS_CHARGER_RECVEIVER_delivered/Libraries/XMCLib/inc\xmc_common.h **** #define XMC_LIB_MAJOR_VERSION	(2U)
  93:C:/Workspaces/DAVE-4.4.2-64Bit/WIRELESS_CHARGER_RECVEIVER_delivered/Libraries/XMCLib/inc\xmc_common.h **** #define XMC_LIB_MINOR_VERSION	(1U)
  94:C:/Workspaces/DAVE-4.4.2-64Bit/WIRELESS_CHARGER_RECVEIVER_delivered/Libraries/XMCLib/inc\xmc_common.h **** #define XMC_LIB_PATCH_VERSION	(16U)
  95:C:/Workspaces/DAVE-4.4.2-64Bit/WIRELESS_CHARGER_RECVEIVER_delivered/Libraries/XMCLib/inc\xmc_common.h ****  
  96:C:/Workspaces/DAVE-4.4.2-64Bit/WIRELESS_CHARGER_RECVEIVER_delivered/Libraries/XMCLib/inc\xmc_common.h **** #define XMC_LIB_VERSION         ((XMC_LIB_MAJOR_VERSION << 16U) + (XMC_LIB_MINOR_VERSION << 8U) + X
  97:C:/Workspaces/DAVE-4.4.2-64Bit/WIRELESS_CHARGER_RECVEIVER_delivered/Libraries/XMCLib/inc\xmc_common.h **** 
  98:C:/Workspaces/DAVE-4.4.2-64Bit/WIRELESS_CHARGER_RECVEIVER_delivered/Libraries/XMCLib/inc\xmc_common.h **** /* Define WEAK attribute */
  99:C:/Workspaces/DAVE-4.4.2-64Bit/WIRELESS_CHARGER_RECVEIVER_delivered/Libraries/XMCLib/inc\xmc_common.h **** #if !defined(__WEAK)
 100:C:/Workspaces/DAVE-4.4.2-64Bit/WIRELESS_CHARGER_RECVEIVER_delivered/Libraries/XMCLib/inc\xmc_common.h **** #if defined ( __CC_ARM )
 101:C:/Workspaces/DAVE-4.4.2-64Bit/WIRELESS_CHARGER_RECVEIVER_delivered/Libraries/XMCLib/inc\xmc_common.h **** #define __WEAK __attribute__ ((weak))
 102:C:/Workspaces/DAVE-4.4.2-64Bit/WIRELESS_CHARGER_RECVEIVER_delivered/Libraries/XMCLib/inc\xmc_common.h **** #elif defined ( __ICCARM__ )
 103:C:/Workspaces/DAVE-4.4.2-64Bit/WIRELESS_CHARGER_RECVEIVER_delivered/Libraries/XMCLib/inc\xmc_common.h **** #define __WEAK __weak
 104:C:/Workspaces/DAVE-4.4.2-64Bit/WIRELESS_CHARGER_RECVEIVER_delivered/Libraries/XMCLib/inc\xmc_common.h **** #elif defined ( __GNUC__ )
 105:C:/Workspaces/DAVE-4.4.2-64Bit/WIRELESS_CHARGER_RECVEIVER_delivered/Libraries/XMCLib/inc\xmc_common.h **** #define __WEAK __attribute__ ((weak))
 106:C:/Workspaces/DAVE-4.4.2-64Bit/WIRELESS_CHARGER_RECVEIVER_delivered/Libraries/XMCLib/inc\xmc_common.h **** #elif defined ( __TASKING__ )
 107:C:/Workspaces/DAVE-4.4.2-64Bit/WIRELESS_CHARGER_RECVEIVER_delivered/Libraries/XMCLib/inc\xmc_common.h **** #define __WEAK __attribute__ ((weak))
 108:C:/Workspaces/DAVE-4.4.2-64Bit/WIRELESS_CHARGER_RECVEIVER_delivered/Libraries/XMCLib/inc\xmc_common.h **** #endif
 109:C:/Workspaces/DAVE-4.4.2-64Bit/WIRELESS_CHARGER_RECVEIVER_delivered/Libraries/XMCLib/inc\xmc_common.h **** #endif
 110:C:/Workspaces/DAVE-4.4.2-64Bit/WIRELESS_CHARGER_RECVEIVER_delivered/Libraries/XMCLib/inc\xmc_common.h **** 
 111:C:/Workspaces/DAVE-4.4.2-64Bit/WIRELESS_CHARGER_RECVEIVER_delivered/Libraries/XMCLib/inc\xmc_common.h **** #if !defined(__RAM_FUNC)
 112:C:/Workspaces/DAVE-4.4.2-64Bit/WIRELESS_CHARGER_RECVEIVER_delivered/Libraries/XMCLib/inc\xmc_common.h **** #if defined ( __CC_ARM )
 113:C:/Workspaces/DAVE-4.4.2-64Bit/WIRELESS_CHARGER_RECVEIVER_delivered/Libraries/XMCLib/inc\xmc_common.h **** // http://www.keil.com/support/docs/3723.htm
 114:C:/Workspaces/DAVE-4.4.2-64Bit/WIRELESS_CHARGER_RECVEIVER_delivered/Libraries/XMCLib/inc\xmc_common.h **** #define __RAM_FUNC __attribute__((section("RAMCODESECTION")))
 115:C:/Workspaces/DAVE-4.4.2-64Bit/WIRELESS_CHARGER_RECVEIVER_delivered/Libraries/XMCLib/inc\xmc_common.h **** #elif defined ( __ICCARM__ )
 116:C:/Workspaces/DAVE-4.4.2-64Bit/WIRELESS_CHARGER_RECVEIVER_delivered/Libraries/XMCLib/inc\xmc_common.h **** // https://www.iar.com/support/tech-notes/linker/controlling-placement-of-the-section-where-__ramfu
 117:C:/Workspaces/DAVE-4.4.2-64Bit/WIRELESS_CHARGER_RECVEIVER_delivered/Libraries/XMCLib/inc\xmc_common.h **** #define __RAM_FUNC __ramfunc
 118:C:/Workspaces/DAVE-4.4.2-64Bit/WIRELESS_CHARGER_RECVEIVER_delivered/Libraries/XMCLib/inc\xmc_common.h **** #elif defined ( __GNUC__ )
 119:C:/Workspaces/DAVE-4.4.2-64Bit/WIRELESS_CHARGER_RECVEIVER_delivered/Libraries/XMCLib/inc\xmc_common.h **** #define __RAM_FUNC __attribute__((section(".ram_code"), long_call))
 120:C:/Workspaces/DAVE-4.4.2-64Bit/WIRELESS_CHARGER_RECVEIVER_delivered/Libraries/XMCLib/inc\xmc_common.h **** #elif defined ( __TASKING__ )
 121:C:/Workspaces/DAVE-4.4.2-64Bit/WIRELESS_CHARGER_RECVEIVER_delivered/Libraries/XMCLib/inc\xmc_common.h **** #define __RAM_FUNC __attribute__((section(".ram_code")))
 122:C:/Workspaces/DAVE-4.4.2-64Bit/WIRELESS_CHARGER_RECVEIVER_delivered/Libraries/XMCLib/inc\xmc_common.h **** #endif
 123:C:/Workspaces/DAVE-4.4.2-64Bit/WIRELESS_CHARGER_RECVEIVER_delivered/Libraries/XMCLib/inc\xmc_common.h **** #endif
 124:C:/Workspaces/DAVE-4.4.2-64Bit/WIRELESS_CHARGER_RECVEIVER_delivered/Libraries/XMCLib/inc\xmc_common.h **** 
 125:C:/Workspaces/DAVE-4.4.2-64Bit/WIRELESS_CHARGER_RECVEIVER_delivered/Libraries/XMCLib/inc\xmc_common.h **** #ifdef XMC_ASSERT_ENABLE
 126:C:/Workspaces/DAVE-4.4.2-64Bit/WIRELESS_CHARGER_RECVEIVER_delivered/Libraries/XMCLib/inc\xmc_common.h ****  #define XMC_ASSERT(msg, exp) { if(!(exp)) {XMC_AssertHandler(msg, __FILE__, __LINE__);} }
 127:C:/Workspaces/DAVE-4.4.2-64Bit/WIRELESS_CHARGER_RECVEIVER_delivered/Libraries/XMCLib/inc\xmc_common.h **** #else
 128:C:/Workspaces/DAVE-4.4.2-64Bit/WIRELESS_CHARGER_RECVEIVER_delivered/Libraries/XMCLib/inc\xmc_common.h ****  #define XMC_ASSERT(msg, exp) { ; }
 129:C:/Workspaces/DAVE-4.4.2-64Bit/WIRELESS_CHARGER_RECVEIVER_delivered/Libraries/XMCLib/inc\xmc_common.h **** #endif
 130:C:/Workspaces/DAVE-4.4.2-64Bit/WIRELESS_CHARGER_RECVEIVER_delivered/Libraries/XMCLib/inc\xmc_common.h **** 
 131:C:/Workspaces/DAVE-4.4.2-64Bit/WIRELESS_CHARGER_RECVEIVER_delivered/Libraries/XMCLib/inc\xmc_common.h **** #ifdef XMC_DEBUG_ENABLE
 132:C:/Workspaces/DAVE-4.4.2-64Bit/WIRELESS_CHARGER_RECVEIVER_delivered/Libraries/XMCLib/inc\xmc_common.h ****  #include <stdio.h>
 133:C:/Workspaces/DAVE-4.4.2-64Bit/WIRELESS_CHARGER_RECVEIVER_delivered/Libraries/XMCLib/inc\xmc_common.h ****  #define XMC_DEBUG(...) { printf(__VA_ARGS__); }
 134:C:/Workspaces/DAVE-4.4.2-64Bit/WIRELESS_CHARGER_RECVEIVER_delivered/Libraries/XMCLib/inc\xmc_common.h **** #else
 135:C:/Workspaces/DAVE-4.4.2-64Bit/WIRELESS_CHARGER_RECVEIVER_delivered/Libraries/XMCLib/inc\xmc_common.h ****  #define XMC_DEBUG(...) { ; }
 136:C:/Workspaces/DAVE-4.4.2-64Bit/WIRELESS_CHARGER_RECVEIVER_delivered/Libraries/XMCLib/inc\xmc_common.h **** #endif
 137:C:/Workspaces/DAVE-4.4.2-64Bit/WIRELESS_CHARGER_RECVEIVER_delivered/Libraries/XMCLib/inc\xmc_common.h **** 
 138:C:/Workspaces/DAVE-4.4.2-64Bit/WIRELESS_CHARGER_RECVEIVER_delivered/Libraries/XMCLib/inc\xmc_common.h **** #define XMC_UNUSED_ARG(x) (void)x
 139:C:/Workspaces/DAVE-4.4.2-64Bit/WIRELESS_CHARGER_RECVEIVER_delivered/Libraries/XMCLib/inc\xmc_common.h **** 
 140:C:/Workspaces/DAVE-4.4.2-64Bit/WIRELESS_CHARGER_RECVEIVER_delivered/Libraries/XMCLib/inc\xmc_common.h **** #define XMC_STRUCT_INIT(m) memset(&m, 0, sizeof(m))
 141:C:/Workspaces/DAVE-4.4.2-64Bit/WIRELESS_CHARGER_RECVEIVER_delivered/Libraries/XMCLib/inc\xmc_common.h **** 
 142:C:/Workspaces/DAVE-4.4.2-64Bit/WIRELESS_CHARGER_RECVEIVER_delivered/Libraries/XMCLib/inc\xmc_common.h **** #define XMC_PRIOARRAY_DEF(name, size) \
 143:C:/Workspaces/DAVE-4.4.2-64Bit/WIRELESS_CHARGER_RECVEIVER_delivered/Libraries/XMCLib/inc\xmc_common.h **** XMC_PRIOARRAY_ITEM_t prioarray_m_##name[size + 2]; \
 144:C:/Workspaces/DAVE-4.4.2-64Bit/WIRELESS_CHARGER_RECVEIVER_delivered/Libraries/XMCLib/inc\xmc_common.h **** XMC_PRIOARRAY_t prioarray_def_##name = {(size), (prioarray_m_##name)};
 145:C:/Workspaces/DAVE-4.4.2-64Bit/WIRELESS_CHARGER_RECVEIVER_delivered/Libraries/XMCLib/inc\xmc_common.h **** 
 146:C:/Workspaces/DAVE-4.4.2-64Bit/WIRELESS_CHARGER_RECVEIVER_delivered/Libraries/XMCLib/inc\xmc_common.h **** #define XMC_PRIOARRAY(name) \
 147:C:/Workspaces/DAVE-4.4.2-64Bit/WIRELESS_CHARGER_RECVEIVER_delivered/Libraries/XMCLib/inc\xmc_common.h **** &prioarray_def_##name
 148:C:/Workspaces/DAVE-4.4.2-64Bit/WIRELESS_CHARGER_RECVEIVER_delivered/Libraries/XMCLib/inc\xmc_common.h **** 
 149:C:/Workspaces/DAVE-4.4.2-64Bit/WIRELESS_CHARGER_RECVEIVER_delivered/Libraries/XMCLib/inc\xmc_common.h **** /**************************************************************************************************
 150:C:/Workspaces/DAVE-4.4.2-64Bit/WIRELESS_CHARGER_RECVEIVER_delivered/Libraries/XMCLib/inc\xmc_common.h ****  * DATA STRUCTURES
 151:C:/Workspaces/DAVE-4.4.2-64Bit/WIRELESS_CHARGER_RECVEIVER_delivered/Libraries/XMCLib/inc\xmc_common.h ****  **************************************************************************************************
 152:C:/Workspaces/DAVE-4.4.2-64Bit/WIRELESS_CHARGER_RECVEIVER_delivered/Libraries/XMCLib/inc\xmc_common.h **** /*
 153:C:/Workspaces/DAVE-4.4.2-64Bit/WIRELESS_CHARGER_RECVEIVER_delivered/Libraries/XMCLib/inc\xmc_common.h ****  *
 154:C:/Workspaces/DAVE-4.4.2-64Bit/WIRELESS_CHARGER_RECVEIVER_delivered/Libraries/XMCLib/inc\xmc_common.h ****  */
 155:C:/Workspaces/DAVE-4.4.2-64Bit/WIRELESS_CHARGER_RECVEIVER_delivered/Libraries/XMCLib/inc\xmc_common.h **** typedef struct XMC_DRIVER_VERSION 
 156:C:/Workspaces/DAVE-4.4.2-64Bit/WIRELESS_CHARGER_RECVEIVER_delivered/Libraries/XMCLib/inc\xmc_common.h **** {
 157:C:/Workspaces/DAVE-4.4.2-64Bit/WIRELESS_CHARGER_RECVEIVER_delivered/Libraries/XMCLib/inc\xmc_common.h ****   uint8_t major;
 158:C:/Workspaces/DAVE-4.4.2-64Bit/WIRELESS_CHARGER_RECVEIVER_delivered/Libraries/XMCLib/inc\xmc_common.h ****   uint8_t minor;
 159:C:/Workspaces/DAVE-4.4.2-64Bit/WIRELESS_CHARGER_RECVEIVER_delivered/Libraries/XMCLib/inc\xmc_common.h ****   uint8_t patch;
 160:C:/Workspaces/DAVE-4.4.2-64Bit/WIRELESS_CHARGER_RECVEIVER_delivered/Libraries/XMCLib/inc\xmc_common.h **** } XMC_DRIVER_VERSION_t;
 161:C:/Workspaces/DAVE-4.4.2-64Bit/WIRELESS_CHARGER_RECVEIVER_delivered/Libraries/XMCLib/inc\xmc_common.h **** 
 162:C:/Workspaces/DAVE-4.4.2-64Bit/WIRELESS_CHARGER_RECVEIVER_delivered/Libraries/XMCLib/inc\xmc_common.h **** /*
 163:C:/Workspaces/DAVE-4.4.2-64Bit/WIRELESS_CHARGER_RECVEIVER_delivered/Libraries/XMCLib/inc\xmc_common.h ****  *
 164:C:/Workspaces/DAVE-4.4.2-64Bit/WIRELESS_CHARGER_RECVEIVER_delivered/Libraries/XMCLib/inc\xmc_common.h ****  */
 165:C:/Workspaces/DAVE-4.4.2-64Bit/WIRELESS_CHARGER_RECVEIVER_delivered/Libraries/XMCLib/inc\xmc_common.h **** typedef void *XMC_LIST_t;
 166:C:/Workspaces/DAVE-4.4.2-64Bit/WIRELESS_CHARGER_RECVEIVER_delivered/Libraries/XMCLib/inc\xmc_common.h **** 
 167:C:/Workspaces/DAVE-4.4.2-64Bit/WIRELESS_CHARGER_RECVEIVER_delivered/Libraries/XMCLib/inc\xmc_common.h **** /*
 168:C:/Workspaces/DAVE-4.4.2-64Bit/WIRELESS_CHARGER_RECVEIVER_delivered/Libraries/XMCLib/inc\xmc_common.h ****  *
 169:C:/Workspaces/DAVE-4.4.2-64Bit/WIRELESS_CHARGER_RECVEIVER_delivered/Libraries/XMCLib/inc\xmc_common.h ****  */
 170:C:/Workspaces/DAVE-4.4.2-64Bit/WIRELESS_CHARGER_RECVEIVER_delivered/Libraries/XMCLib/inc\xmc_common.h **** typedef struct XMC_PRIOARRAY_ITEM
 171:C:/Workspaces/DAVE-4.4.2-64Bit/WIRELESS_CHARGER_RECVEIVER_delivered/Libraries/XMCLib/inc\xmc_common.h **** {
 172:C:/Workspaces/DAVE-4.4.2-64Bit/WIRELESS_CHARGER_RECVEIVER_delivered/Libraries/XMCLib/inc\xmc_common.h ****   int32_t priority;
 173:C:/Workspaces/DAVE-4.4.2-64Bit/WIRELESS_CHARGER_RECVEIVER_delivered/Libraries/XMCLib/inc\xmc_common.h ****   int32_t previous;
 174:C:/Workspaces/DAVE-4.4.2-64Bit/WIRELESS_CHARGER_RECVEIVER_delivered/Libraries/XMCLib/inc\xmc_common.h ****   int32_t next;
 175:C:/Workspaces/DAVE-4.4.2-64Bit/WIRELESS_CHARGER_RECVEIVER_delivered/Libraries/XMCLib/inc\xmc_common.h **** } XMC_PRIOARRAY_ITEM_t;
 176:C:/Workspaces/DAVE-4.4.2-64Bit/WIRELESS_CHARGER_RECVEIVER_delivered/Libraries/XMCLib/inc\xmc_common.h **** 
 177:C:/Workspaces/DAVE-4.4.2-64Bit/WIRELESS_CHARGER_RECVEIVER_delivered/Libraries/XMCLib/inc\xmc_common.h **** /*
 178:C:/Workspaces/DAVE-4.4.2-64Bit/WIRELESS_CHARGER_RECVEIVER_delivered/Libraries/XMCLib/inc\xmc_common.h ****  *
 179:C:/Workspaces/DAVE-4.4.2-64Bit/WIRELESS_CHARGER_RECVEIVER_delivered/Libraries/XMCLib/inc\xmc_common.h ****  */
 180:C:/Workspaces/DAVE-4.4.2-64Bit/WIRELESS_CHARGER_RECVEIVER_delivered/Libraries/XMCLib/inc\xmc_common.h **** typedef struct XMC_PRIOARRAY
 181:C:/Workspaces/DAVE-4.4.2-64Bit/WIRELESS_CHARGER_RECVEIVER_delivered/Libraries/XMCLib/inc\xmc_common.h **** {
 182:C:/Workspaces/DAVE-4.4.2-64Bit/WIRELESS_CHARGER_RECVEIVER_delivered/Libraries/XMCLib/inc\xmc_common.h ****   int32_t size;
 183:C:/Workspaces/DAVE-4.4.2-64Bit/WIRELESS_CHARGER_RECVEIVER_delivered/Libraries/XMCLib/inc\xmc_common.h ****   XMC_PRIOARRAY_ITEM_t *items;
 184:C:/Workspaces/DAVE-4.4.2-64Bit/WIRELESS_CHARGER_RECVEIVER_delivered/Libraries/XMCLib/inc\xmc_common.h **** } XMC_PRIOARRAY_t;
 185:C:/Workspaces/DAVE-4.4.2-64Bit/WIRELESS_CHARGER_RECVEIVER_delivered/Libraries/XMCLib/inc\xmc_common.h **** 
 186:C:/Workspaces/DAVE-4.4.2-64Bit/WIRELESS_CHARGER_RECVEIVER_delivered/Libraries/XMCLib/inc\xmc_common.h **** /**************************************************************************************************
 187:C:/Workspaces/DAVE-4.4.2-64Bit/WIRELESS_CHARGER_RECVEIVER_delivered/Libraries/XMCLib/inc\xmc_common.h ****  * API PROTOTYPES
 188:C:/Workspaces/DAVE-4.4.2-64Bit/WIRELESS_CHARGER_RECVEIVER_delivered/Libraries/XMCLib/inc\xmc_common.h ****  **************************************************************************************************
 189:C:/Workspaces/DAVE-4.4.2-64Bit/WIRELESS_CHARGER_RECVEIVER_delivered/Libraries/XMCLib/inc\xmc_common.h **** 
 190:C:/Workspaces/DAVE-4.4.2-64Bit/WIRELESS_CHARGER_RECVEIVER_delivered/Libraries/XMCLib/inc\xmc_common.h **** #ifdef __cplusplus
 191:C:/Workspaces/DAVE-4.4.2-64Bit/WIRELESS_CHARGER_RECVEIVER_delivered/Libraries/XMCLib/inc\xmc_common.h **** extern "C" {
 192:C:/Workspaces/DAVE-4.4.2-64Bit/WIRELESS_CHARGER_RECVEIVER_delivered/Libraries/XMCLib/inc\xmc_common.h **** #endif
 193:C:/Workspaces/DAVE-4.4.2-64Bit/WIRELESS_CHARGER_RECVEIVER_delivered/Libraries/XMCLib/inc\xmc_common.h **** 
 194:C:/Workspaces/DAVE-4.4.2-64Bit/WIRELESS_CHARGER_RECVEIVER_delivered/Libraries/XMCLib/inc\xmc_common.h **** /*
 195:C:/Workspaces/DAVE-4.4.2-64Bit/WIRELESS_CHARGER_RECVEIVER_delivered/Libraries/XMCLib/inc\xmc_common.h ****  *
 196:C:/Workspaces/DAVE-4.4.2-64Bit/WIRELESS_CHARGER_RECVEIVER_delivered/Libraries/XMCLib/inc\xmc_common.h ****  */
 197:C:/Workspaces/DAVE-4.4.2-64Bit/WIRELESS_CHARGER_RECVEIVER_delivered/Libraries/XMCLib/inc\xmc_common.h **** void XMC_AssertHandler(const char *const msg, const char *const file, uint32_t line);
 198:C:/Workspaces/DAVE-4.4.2-64Bit/WIRELESS_CHARGER_RECVEIVER_delivered/Libraries/XMCLib/inc\xmc_common.h **** 
 199:C:/Workspaces/DAVE-4.4.2-64Bit/WIRELESS_CHARGER_RECVEIVER_delivered/Libraries/XMCLib/inc\xmc_common.h **** /*
 200:C:/Workspaces/DAVE-4.4.2-64Bit/WIRELESS_CHARGER_RECVEIVER_delivered/Libraries/XMCLib/inc\xmc_common.h ****  *
 201:C:/Workspaces/DAVE-4.4.2-64Bit/WIRELESS_CHARGER_RECVEIVER_delivered/Libraries/XMCLib/inc\xmc_common.h ****  */
 202:C:/Workspaces/DAVE-4.4.2-64Bit/WIRELESS_CHARGER_RECVEIVER_delivered/Libraries/XMCLib/inc\xmc_common.h **** void XMC_LIST_Init(XMC_LIST_t *list);
 203:C:/Workspaces/DAVE-4.4.2-64Bit/WIRELESS_CHARGER_RECVEIVER_delivered/Libraries/XMCLib/inc\xmc_common.h **** 
 204:C:/Workspaces/DAVE-4.4.2-64Bit/WIRELESS_CHARGER_RECVEIVER_delivered/Libraries/XMCLib/inc\xmc_common.h **** /*
 205:C:/Workspaces/DAVE-4.4.2-64Bit/WIRELESS_CHARGER_RECVEIVER_delivered/Libraries/XMCLib/inc\xmc_common.h ****  *
 206:C:/Workspaces/DAVE-4.4.2-64Bit/WIRELESS_CHARGER_RECVEIVER_delivered/Libraries/XMCLib/inc\xmc_common.h ****  */
 207:C:/Workspaces/DAVE-4.4.2-64Bit/WIRELESS_CHARGER_RECVEIVER_delivered/Libraries/XMCLib/inc\xmc_common.h **** void XMC_LIST_Add(XMC_LIST_t *list, void *const item);
 208:C:/Workspaces/DAVE-4.4.2-64Bit/WIRELESS_CHARGER_RECVEIVER_delivered/Libraries/XMCLib/inc\xmc_common.h **** 
 209:C:/Workspaces/DAVE-4.4.2-64Bit/WIRELESS_CHARGER_RECVEIVER_delivered/Libraries/XMCLib/inc\xmc_common.h **** /*
 210:C:/Workspaces/DAVE-4.4.2-64Bit/WIRELESS_CHARGER_RECVEIVER_delivered/Libraries/XMCLib/inc\xmc_common.h ****  *
 211:C:/Workspaces/DAVE-4.4.2-64Bit/WIRELESS_CHARGER_RECVEIVER_delivered/Libraries/XMCLib/inc\xmc_common.h ****  */
 212:C:/Workspaces/DAVE-4.4.2-64Bit/WIRELESS_CHARGER_RECVEIVER_delivered/Libraries/XMCLib/inc\xmc_common.h **** void XMC_LIST_Remove(XMC_LIST_t *list, void *const item);
 213:C:/Workspaces/DAVE-4.4.2-64Bit/WIRELESS_CHARGER_RECVEIVER_delivered/Libraries/XMCLib/inc\xmc_common.h **** 
 214:C:/Workspaces/DAVE-4.4.2-64Bit/WIRELESS_CHARGER_RECVEIVER_delivered/Libraries/XMCLib/inc\xmc_common.h **** /*
 215:C:/Workspaces/DAVE-4.4.2-64Bit/WIRELESS_CHARGER_RECVEIVER_delivered/Libraries/XMCLib/inc\xmc_common.h ****  *
 216:C:/Workspaces/DAVE-4.4.2-64Bit/WIRELESS_CHARGER_RECVEIVER_delivered/Libraries/XMCLib/inc\xmc_common.h ****  */
 217:C:/Workspaces/DAVE-4.4.2-64Bit/WIRELESS_CHARGER_RECVEIVER_delivered/Libraries/XMCLib/inc\xmc_common.h **** uint32_t XMC_LIST_GetLength(XMC_LIST_t *list);
 218:C:/Workspaces/DAVE-4.4.2-64Bit/WIRELESS_CHARGER_RECVEIVER_delivered/Libraries/XMCLib/inc\xmc_common.h **** 
 219:C:/Workspaces/DAVE-4.4.2-64Bit/WIRELESS_CHARGER_RECVEIVER_delivered/Libraries/XMCLib/inc\xmc_common.h **** /*
 220:C:/Workspaces/DAVE-4.4.2-64Bit/WIRELESS_CHARGER_RECVEIVER_delivered/Libraries/XMCLib/inc\xmc_common.h ****  *
 221:C:/Workspaces/DAVE-4.4.2-64Bit/WIRELESS_CHARGER_RECVEIVER_delivered/Libraries/XMCLib/inc\xmc_common.h ****  */
 222:C:/Workspaces/DAVE-4.4.2-64Bit/WIRELESS_CHARGER_RECVEIVER_delivered/Libraries/XMCLib/inc\xmc_common.h **** void *XMC_LIST_GetHead(XMC_LIST_t *list);
 223:C:/Workspaces/DAVE-4.4.2-64Bit/WIRELESS_CHARGER_RECVEIVER_delivered/Libraries/XMCLib/inc\xmc_common.h **** 
 224:C:/Workspaces/DAVE-4.4.2-64Bit/WIRELESS_CHARGER_RECVEIVER_delivered/Libraries/XMCLib/inc\xmc_common.h **** /*
 225:C:/Workspaces/DAVE-4.4.2-64Bit/WIRELESS_CHARGER_RECVEIVER_delivered/Libraries/XMCLib/inc\xmc_common.h ****  *
 226:C:/Workspaces/DAVE-4.4.2-64Bit/WIRELESS_CHARGER_RECVEIVER_delivered/Libraries/XMCLib/inc\xmc_common.h ****  */
 227:C:/Workspaces/DAVE-4.4.2-64Bit/WIRELESS_CHARGER_RECVEIVER_delivered/Libraries/XMCLib/inc\xmc_common.h **** void *XMC_LIST_GetTail(XMC_LIST_t *list);
 228:C:/Workspaces/DAVE-4.4.2-64Bit/WIRELESS_CHARGER_RECVEIVER_delivered/Libraries/XMCLib/inc\xmc_common.h **** 
 229:C:/Workspaces/DAVE-4.4.2-64Bit/WIRELESS_CHARGER_RECVEIVER_delivered/Libraries/XMCLib/inc\xmc_common.h **** /*
 230:C:/Workspaces/DAVE-4.4.2-64Bit/WIRELESS_CHARGER_RECVEIVER_delivered/Libraries/XMCLib/inc\xmc_common.h ****  *
 231:C:/Workspaces/DAVE-4.4.2-64Bit/WIRELESS_CHARGER_RECVEIVER_delivered/Libraries/XMCLib/inc\xmc_common.h ****  */
 232:C:/Workspaces/DAVE-4.4.2-64Bit/WIRELESS_CHARGER_RECVEIVER_delivered/Libraries/XMCLib/inc\xmc_common.h **** void XMC_LIST_Insert(XMC_LIST_t *list, void *prev_item, void *new_item);
 233:C:/Workspaces/DAVE-4.4.2-64Bit/WIRELESS_CHARGER_RECVEIVER_delivered/Libraries/XMCLib/inc\xmc_common.h **** 
 234:C:/Workspaces/DAVE-4.4.2-64Bit/WIRELESS_CHARGER_RECVEIVER_delivered/Libraries/XMCLib/inc\xmc_common.h **** /*
 235:C:/Workspaces/DAVE-4.4.2-64Bit/WIRELESS_CHARGER_RECVEIVER_delivered/Libraries/XMCLib/inc\xmc_common.h ****  *
 236:C:/Workspaces/DAVE-4.4.2-64Bit/WIRELESS_CHARGER_RECVEIVER_delivered/Libraries/XMCLib/inc\xmc_common.h ****  */
 237:C:/Workspaces/DAVE-4.4.2-64Bit/WIRELESS_CHARGER_RECVEIVER_delivered/Libraries/XMCLib/inc\xmc_common.h **** void XMC_PRIOARRAY_Init(XMC_PRIOARRAY_t *prioarray);
 238:C:/Workspaces/DAVE-4.4.2-64Bit/WIRELESS_CHARGER_RECVEIVER_delivered/Libraries/XMCLib/inc\xmc_common.h **** 
 239:C:/Workspaces/DAVE-4.4.2-64Bit/WIRELESS_CHARGER_RECVEIVER_delivered/Libraries/XMCLib/inc\xmc_common.h **** /*
 240:C:/Workspaces/DAVE-4.4.2-64Bit/WIRELESS_CHARGER_RECVEIVER_delivered/Libraries/XMCLib/inc\xmc_common.h ****  *
 241:C:/Workspaces/DAVE-4.4.2-64Bit/WIRELESS_CHARGER_RECVEIVER_delivered/Libraries/XMCLib/inc\xmc_common.h ****  */
 242:C:/Workspaces/DAVE-4.4.2-64Bit/WIRELESS_CHARGER_RECVEIVER_delivered/Libraries/XMCLib/inc\xmc_common.h **** void XMC_PRIOARRAY_Add(XMC_PRIOARRAY_t *prioarray, int32_t item, int32_t priority);
 243:C:/Workspaces/DAVE-4.4.2-64Bit/WIRELESS_CHARGER_RECVEIVER_delivered/Libraries/XMCLib/inc\xmc_common.h **** 
 244:C:/Workspaces/DAVE-4.4.2-64Bit/WIRELESS_CHARGER_RECVEIVER_delivered/Libraries/XMCLib/inc\xmc_common.h **** /*
 245:C:/Workspaces/DAVE-4.4.2-64Bit/WIRELESS_CHARGER_RECVEIVER_delivered/Libraries/XMCLib/inc\xmc_common.h ****  *
 246:C:/Workspaces/DAVE-4.4.2-64Bit/WIRELESS_CHARGER_RECVEIVER_delivered/Libraries/XMCLib/inc\xmc_common.h ****  */
 247:C:/Workspaces/DAVE-4.4.2-64Bit/WIRELESS_CHARGER_RECVEIVER_delivered/Libraries/XMCLib/inc\xmc_common.h **** void XMC_PRIOARRAY_Remove(XMC_PRIOARRAY_t *prioarray, int32_t item);
 248:C:/Workspaces/DAVE-4.4.2-64Bit/WIRELESS_CHARGER_RECVEIVER_delivered/Libraries/XMCLib/inc\xmc_common.h **** 
 249:C:/Workspaces/DAVE-4.4.2-64Bit/WIRELESS_CHARGER_RECVEIVER_delivered/Libraries/XMCLib/inc\xmc_common.h **** /*
 250:C:/Workspaces/DAVE-4.4.2-64Bit/WIRELESS_CHARGER_RECVEIVER_delivered/Libraries/XMCLib/inc\xmc_common.h ****  *
 251:C:/Workspaces/DAVE-4.4.2-64Bit/WIRELESS_CHARGER_RECVEIVER_delivered/Libraries/XMCLib/inc\xmc_common.h ****  */
 252:C:/Workspaces/DAVE-4.4.2-64Bit/WIRELESS_CHARGER_RECVEIVER_delivered/Libraries/XMCLib/inc\xmc_common.h **** __STATIC_INLINE int32_t XMC_PRIOARRAY_GetHead(XMC_PRIOARRAY_t *prioarray)
 253:C:/Workspaces/DAVE-4.4.2-64Bit/WIRELESS_CHARGER_RECVEIVER_delivered/Libraries/XMCLib/inc\xmc_common.h **** {
 254:C:/Workspaces/DAVE-4.4.2-64Bit/WIRELESS_CHARGER_RECVEIVER_delivered/Libraries/XMCLib/inc\xmc_common.h ****   XMC_ASSERT("XMC_PRIOARRAY_Init: NULL pointer", prioarray != NULL);
 255:C:/Workspaces/DAVE-4.4.2-64Bit/WIRELESS_CHARGER_RECVEIVER_delivered/Libraries/XMCLib/inc\xmc_common.h ****   return prioarray->items[prioarray->size].next;
 318              	 .loc 2 255 0
 319 0002 18C8     	 ldmia r0!,{r3,r4}
 320              	.LVL30:
 321 0004 5800     	 lsl r0,r3,#1
 322              	.LVL31:
 323 0006 C318     	 add r3,r0,r3
 324 0008 9B00     	 lsl r3,r3,#2
 325 000a E318     	 add r3,r4,r3
 326              	.L46:
 327 000c 9868     	 ldr r0,[r3,#8]
 328              	.LVL32:
 329              	.LBE13:
 330              	.LBE12:
 331              	.LBB14:
 332              	.LBB15:
 256:C:/Workspaces/DAVE-4.4.2-64Bit/WIRELESS_CHARGER_RECVEIVER_delivered/Libraries/XMCLib/inc\xmc_common.h **** }
 257:C:/Workspaces/DAVE-4.4.2-64Bit/WIRELESS_CHARGER_RECVEIVER_delivered/Libraries/XMCLib/inc\xmc_common.h **** 
 258:C:/Workspaces/DAVE-4.4.2-64Bit/WIRELESS_CHARGER_RECVEIVER_delivered/Libraries/XMCLib/inc\xmc_common.h **** /*
 259:C:/Workspaces/DAVE-4.4.2-64Bit/WIRELESS_CHARGER_RECVEIVER_delivered/Libraries/XMCLib/inc\xmc_common.h ****  *
 260:C:/Workspaces/DAVE-4.4.2-64Bit/WIRELESS_CHARGER_RECVEIVER_delivered/Libraries/XMCLib/inc\xmc_common.h ****  */
 261:C:/Workspaces/DAVE-4.4.2-64Bit/WIRELESS_CHARGER_RECVEIVER_delivered/Libraries/XMCLib/inc\xmc_common.h **** __STATIC_INLINE int32_t XMC_PRIOARRAY_GetTail(XMC_PRIOARRAY_t *prioarray)
 262:C:/Workspaces/DAVE-4.4.2-64Bit/WIRELESS_CHARGER_RECVEIVER_delivered/Libraries/XMCLib/inc\xmc_common.h **** {
 263:C:/Workspaces/DAVE-4.4.2-64Bit/WIRELESS_CHARGER_RECVEIVER_delivered/Libraries/XMCLib/inc\xmc_common.h ****   XMC_ASSERT("XMC_PRIOARRAY_Init: NULL pointer", prioarray != NULL);
 264:C:/Workspaces/DAVE-4.4.2-64Bit/WIRELESS_CHARGER_RECVEIVER_delivered/Libraries/XMCLib/inc\xmc_common.h ****   return prioarray->items[prioarray->size + 1].previous;
 265:C:/Workspaces/DAVE-4.4.2-64Bit/WIRELESS_CHARGER_RECVEIVER_delivered/Libraries/XMCLib/inc\xmc_common.h **** }
 266:C:/Workspaces/DAVE-4.4.2-64Bit/WIRELESS_CHARGER_RECVEIVER_delivered/Libraries/XMCLib/inc\xmc_common.h **** 
 267:C:/Workspaces/DAVE-4.4.2-64Bit/WIRELESS_CHARGER_RECVEIVER_delivered/Libraries/XMCLib/inc\xmc_common.h **** /*
 268:C:/Workspaces/DAVE-4.4.2-64Bit/WIRELESS_CHARGER_RECVEIVER_delivered/Libraries/XMCLib/inc\xmc_common.h ****  *
 269:C:/Workspaces/DAVE-4.4.2-64Bit/WIRELESS_CHARGER_RECVEIVER_delivered/Libraries/XMCLib/inc\xmc_common.h ****  */
 270:C:/Workspaces/DAVE-4.4.2-64Bit/WIRELESS_CHARGER_RECVEIVER_delivered/Libraries/XMCLib/inc\xmc_common.h **** __STATIC_INLINE int32_t XMC_PRIOARRAY_GetItemPriority(XMC_PRIOARRAY_t *prioarray, int32_t item)
 271:C:/Workspaces/DAVE-4.4.2-64Bit/WIRELESS_CHARGER_RECVEIVER_delivered/Libraries/XMCLib/inc\xmc_common.h **** {
 272:C:/Workspaces/DAVE-4.4.2-64Bit/WIRELESS_CHARGER_RECVEIVER_delivered/Libraries/XMCLib/inc\xmc_common.h ****   XMC_ASSERT("XMC_PRIOARRAY_GetItemPriority: item out of range", (item >= 0) && (item < prioarray->
 273:C:/Workspaces/DAVE-4.4.2-64Bit/WIRELESS_CHARGER_RECVEIVER_delivered/Libraries/XMCLib/inc\xmc_common.h ****   return prioarray->items[item].priority;
 333              	 .loc 2 273 0
 334 000e 4300     	 lsl r3,r0,#1
 335 0010 1B18     	 add r3,r3,r0
 336 0012 9B00     	 lsl r3,r3,#2
 337 0014 E318     	 add r3,r4,r3
 338              	.LBE15:
 339              	.LBE14:
 184:../Libraries/XMCLib/src/xmc_common.c ****   int32_t next;
 185:../Libraries/XMCLib/src/xmc_common.c ****   int32_t previous;
 186:../Libraries/XMCLib/src/xmc_common.c **** 
 187:../Libraries/XMCLib/src/xmc_common.c ****   XMC_ASSERT("XMC_PRIOARRAY_Add: item out of range", (item >= 0) && (item < prioarray->size));
 188:../Libraries/XMCLib/src/xmc_common.c ****   
 189:../Libraries/XMCLib/src/xmc_common.c ****   next = XMC_PRIOARRAY_GetHead(prioarray);
 190:../Libraries/XMCLib/src/xmc_common.c ****   while (XMC_PRIOARRAY_GetItemPriority(prioarray, next) > priority)
 340              	 .loc 1 190 0
 341 0016 1D68     	 ldr r5,[r3]
 342 0018 AA42     	 cmp r2,r5
 343 001a F7DB     	 blt .L46
 191:../Libraries/XMCLib/src/xmc_common.c ****   {
 192:../Libraries/XMCLib/src/xmc_common.c ****     next = XMC_PRIOARRAY_GetItemNext(prioarray, next);
 193:../Libraries/XMCLib/src/xmc_common.c ****   }
 194:../Libraries/XMCLib/src/xmc_common.c **** 
 195:../Libraries/XMCLib/src/xmc_common.c ****   previous = prioarray->items[next].previous;
 196:../Libraries/XMCLib/src/xmc_common.c **** 
 197:../Libraries/XMCLib/src/xmc_common.c ****   prioarray->items[item].next = next;
 344              	 .loc 1 197 0
 345 001c 4E00     	 lsl r6,r1,#1
 346 001e 7618     	 add r6,r6,r1
 195:../Libraries/XMCLib/src/xmc_common.c **** 
 347              	 .loc 1 195 0
 348 0020 5D68     	 ldr r5,[r3,#4]
 349              	.LVL33:
 350              	 .loc 1 197 0
 351 0022 B600     	 lsl r6,r6,#2
 352 0024 A619     	 add r6,r4,r6
 353 0026 B060     	 str r0,[r6,#8]
 198:../Libraries/XMCLib/src/xmc_common.c ****   prioarray->items[item].previous = previous;
 199:../Libraries/XMCLib/src/xmc_common.c ****   prioarray->items[item].priority = priority;
 354              	 .loc 1 199 0
 355 0028 24C6     	 stmia r6!,{r2,r5}
 200:../Libraries/XMCLib/src/xmc_common.c **** 
 201:../Libraries/XMCLib/src/xmc_common.c ****   prioarray->items[previous].next = item;
 356              	 .loc 1 201 0
 357 002a 6A00     	 lsl r2,r5,#1
 358              	.LVL34:
 359 002c 5519     	 add r5,r2,r5
 360              	.LVL35:
 361 002e AD00     	 lsl r5,r5,#2
 362 0030 6419     	 add r4,r4,r5
 363 0032 A160     	 str r1,[r4,#8]
 202:../Libraries/XMCLib/src/xmc_common.c ****   prioarray->items[next].previous = item;
 203:../Libraries/XMCLib/src/xmc_common.c **** }
 364              	 .loc 1 203 0
 365              	 
 202:../Libraries/XMCLib/src/xmc_common.c ****   prioarray->items[next].previous = item;
 366              	 .loc 1 202 0
 367 0034 5960     	 str r1,[r3,#4]
 368              	.LVL36:
 369              	.LVL37:
 370              	 .loc 1 203 0
 371 0036 70BD     	 pop {r4,r5,r6,pc}
 372              	 .cfi_endproc
 373              	.LFE46:
 375              	 .section .text.XMC_PRIOARRAY_Remove,"ax",%progbits
 376              	 .align 2
 377              	 .global XMC_PRIOARRAY_Remove
 378              	 .code 16
 379              	 .thumb_func
 381              	XMC_PRIOARRAY_Remove:
 382              	.LFB47:
 204:../Libraries/XMCLib/src/xmc_common.c **** 
 205:../Libraries/XMCLib/src/xmc_common.c **** void XMC_PRIOARRAY_Remove(XMC_PRIOARRAY_t *prioarray, int32_t item)
 206:../Libraries/XMCLib/src/xmc_common.c **** {
 383              	 .loc 1 206 0
 384              	 .cfi_startproc
 385              	.LVL38:
 207:../Libraries/XMCLib/src/xmc_common.c ****   int32_t next;
 208:../Libraries/XMCLib/src/xmc_common.c ****   int32_t previous;
 209:../Libraries/XMCLib/src/xmc_common.c **** 
 210:../Libraries/XMCLib/src/xmc_common.c ****   XMC_ASSERT("XMC_PRIOARRAY_Add: item out of range", (item >= 0) && (item < prioarray->size));
 211:../Libraries/XMCLib/src/xmc_common.c ****   
 212:../Libraries/XMCLib/src/xmc_common.c ****   next = prioarray->items[item].next;
 386              	 .loc 1 212 0
 387 0000 4B00     	 lsl r3,r1,#1
 388 0002 4068     	 ldr r0,[r0,#4]
 389              	.LVL39:
 390 0004 5918     	 add r1,r3,r1
 391              	.LVL40:
 392 0006 8900     	 lsl r1,r1,#2
 393 0008 4118     	 add r1,r0,r1
 394 000a 8B68     	 ldr r3,[r1,#8]
 395              	.LVL41:
 213:../Libraries/XMCLib/src/xmc_common.c ****   previous = prioarray->items[item].previous;
 396              	 .loc 1 213 0
 397 000c 4968     	 ldr r1,[r1,#4]
 398              	.LVL42:
 214:../Libraries/XMCLib/src/xmc_common.c **** 
 215:../Libraries/XMCLib/src/xmc_common.c ****   prioarray->items[previous].next = next;
 216:../Libraries/XMCLib/src/xmc_common.c ****   prioarray->items[next].previous = previous;
 217:../Libraries/XMCLib/src/xmc_common.c **** }
 399              	 .loc 1 217 0
 400              	 
 215:../Libraries/XMCLib/src/xmc_common.c ****   prioarray->items[next].previous = previous;
 401              	 .loc 1 215 0
 402 000e 4A00     	 lsl r2,r1,#1
 403 0010 5218     	 add r2,r2,r1
 404 0012 9200     	 lsl r2,r2,#2
 405 0014 8218     	 add r2,r0,r2
 406 0016 9360     	 str r3,[r2,#8]
 216:../Libraries/XMCLib/src/xmc_common.c **** }
 407              	 .loc 1 216 0
 408 0018 5A00     	 lsl r2,r3,#1
 409 001a D318     	 add r3,r2,r3
 410              	.LVL43:
 411 001c 9B00     	 lsl r3,r3,#2
 412 001e C318     	 add r3,r0,r3
 413 0020 5960     	 str r1,[r3,#4]
 414              	 .loc 1 217 0
 415 0022 7047     	 bx lr
 416              	 .cfi_endproc
 417              	.LFE47:
 419              	 .text
 420              	.Letext0:
 421              	 .file 3 "c:\\users\\jutta.schuerba\\desktop\\dave-ide-4.4.2-64bit\\eclipse\\arm-gcc-49\\arm-none-eabi\\include\\machine\\_default_types.h"
 422              	 .file 4 "c:\\users\\jutta.schuerba\\desktop\\dave-ide-4.4.2-64bit\\eclipse\\arm-gcc-49\\arm-none-eabi\\include\\stdint.h"
DEFINED SYMBOLS
                            *ABS*:00000000 xmc_common.c
    {standard input}:18     .text.XMC_LIST_Init:00000000 $t
    {standard input}:23     .text.XMC_LIST_Init:00000000 XMC_LIST_Init
    {standard input}:41     .text.XMC_LIST_GetHead:00000000 $t
    {standard input}:46     .text.XMC_LIST_GetHead:00000000 XMC_LIST_GetHead
    {standard input}:61     .text.XMC_LIST_GetTail:00000000 $t
    {standard input}:66     .text.XMC_LIST_GetTail:00000000 XMC_LIST_GetTail
    {standard input}:95     .text.XMC_LIST_Add:00000000 $t
    {standard input}:100    .text.XMC_LIST_Add:00000000 XMC_LIST_Add
    {standard input}:143    .text.XMC_LIST_Remove:00000000 $t
    {standard input}:148    .text.XMC_LIST_Remove:00000000 XMC_LIST_Remove
    {standard input}:206    .text.XMC_LIST_Insert:00000000 $t
    {standard input}:211    .text.XMC_LIST_Insert:00000000 XMC_LIST_Insert
    {standard input}:239    .text.XMC_PRIOARRAY_Init:00000000 $t
    {standard input}:244    .text.XMC_PRIOARRAY_Init:00000000 XMC_PRIOARRAY_Init
    {standard input}:293    .text.XMC_PRIOARRAY_Init:0000002c $d
    {standard input}:298    .text.XMC_PRIOARRAY_Add:00000000 $t
    {standard input}:303    .text.XMC_PRIOARRAY_Add:00000000 XMC_PRIOARRAY_Add
    {standard input}:376    .text.XMC_PRIOARRAY_Remove:00000000 $t
    {standard input}:381    .text.XMC_PRIOARRAY_Remove:00000000 XMC_PRIOARRAY_Remove
                     .debug_frame:00000010 $d

NO UNDEFINED SYMBOLS
