   1              	 .cpu cortex-m0
   2              	 .fpu softvfp
   3              	 .eabi_attribute 20,1
   4              	 .eabi_attribute 21,1
   5              	 .eabi_attribute 23,3
   6              	 .eabi_attribute 24,1
   7              	 .eabi_attribute 25,1
   8              	 .eabi_attribute 26,1
   9              	 .eabi_attribute 30,6
  10              	 .eabi_attribute 34,0
  11              	 .eabi_attribute 18,4
  12              	 .code 16
  13              	 .file "interrupt_conf.c"
  14              	 .text
  15              	.Ltext0:
  16              	 .cfi_sections .debug_frame
  17              	 .global TASK_20MS
  18              	 .section .rodata.TASK_20MS,"a",%progbits
  19              	 .align 2
  22              	TASK_20MS:
  23 0000 12       	 .byte 18
  24 0001 03       	 .byte 3
  25 0002 01       	 .byte 1
  26              	 .global ACOMP_1MS
  27 0003 00       	 .section .rodata.ACOMP_1MS,"a",%progbits
  28              	 .align 2
  31              	ACOMP_1MS:
  32 0000 14       	 .byte 20
  33 0001 03       	 .byte 3
  34 0002 01       	 .byte 1
  35 0003 00       	 .text
  36              	.Letext0:
  37              	 .file 1 "c:\\users\\jutta.schuerba\\desktop\\dave-ide-4.4.2-64bit\\eclipse\\arm-gcc-49\\arm-none-eabi\\include\\machine\\_default_types.h"
  38              	 .file 2 "c:\\users\\jutta.schuerba\\desktop\\dave-ide-4.4.2-64bit\\eclipse\\arm-gcc-49\\arm-none-eabi\\include\\stdint.h"
  39              	 .file 3 "C:/Workspaces/DAVE-4.4.2-64Bit/WIRELESS_CHARGER_TRANSMTTER_delivered/Libraries/CMSIS/Infineon/XMC1300_series/Include/XMC1300.h"
  40              	 .file 4 "../Dave/Generated/INTERRUPT/interrupt.h"
  41              	 .file 5 "../Dave/Generated/INTERRUPT/interrupt_conf.c"
DEFINED SYMBOLS
                            *ABS*:00000000 interrupt_conf.c
    {standard input}:22     .rodata.TASK_20MS:00000000 TASK_20MS
    {standard input}:19     .rodata.TASK_20MS:00000000 $d
    {standard input}:31     .rodata.ACOMP_1MS:00000000 ACOMP_1MS
    {standard input}:28     .rodata.ACOMP_1MS:00000000 $d

NO UNDEFINED SYMBOLS
