   1              	 .cpu cortex-m0
   2              	 .fpu softvfp
   3              	 .eabi_attribute 20,1
   4              	 .eabi_attribute 21,1
   5              	 .eabi_attribute 23,3
   6              	 .eabi_attribute 24,1
   7              	 .eabi_attribute 25,1
   8              	 .eabi_attribute 26,1
   9              	 .eabi_attribute 30,6
  10              	 .eabi_attribute 34,0
  11              	 .eabi_attribute 18,4
  12              	 .code 16
  13              	 .file "lib_math.c"
  14              	 .text
  15              	.Ltext0:
  16              	 .cfi_sections .debug_frame
  17              	 .comm Math_RandSeedCur,4,4
  18              	 .section .text.Math_Init,"ax",%progbits
  19              	 .align 2
  20              	 .global Math_Init
  21              	 .code 16
  22              	 .thumb_func
  24              	Math_Init:
  25              	.LFB0:
  26              	 .file 1 "../Dave/Generated/UCPROBE/lib_math.c"
   1:../Dave/Generated/UCPROBE/lib_math.c **** /*
   2:../Dave/Generated/UCPROBE/lib_math.c **** ***************************************************************************************************
   3:../Dave/Generated/UCPROBE/lib_math.c **** *                                                uC/LIB
   4:../Dave/Generated/UCPROBE/lib_math.c **** *                                        CUSTOM LIBRARY MODULES
   5:../Dave/Generated/UCPROBE/lib_math.c **** *
   6:../Dave/Generated/UCPROBE/lib_math.c **** *                         (c) Copyright 2004-2014; Micrium, Inc.; Weston, FL
   7:../Dave/Generated/UCPROBE/lib_math.c **** *
   8:../Dave/Generated/UCPROBE/lib_math.c **** *                  All rights reserved.  Protected by international copyright laws.
   9:../Dave/Generated/UCPROBE/lib_math.c **** *
  10:../Dave/Generated/UCPROBE/lib_math.c **** *                  uC/LIB is provided in source form to registered licensees ONLY.  It is
  11:../Dave/Generated/UCPROBE/lib_math.c **** *                  illegal to distribute this source code to any third party unless you receive
  12:../Dave/Generated/UCPROBE/lib_math.c **** *                  written permission by an authorized Micrium representative.  Knowledge of
  13:../Dave/Generated/UCPROBE/lib_math.c **** *                  the source code may NOT be used to develop a similar product.
  14:../Dave/Generated/UCPROBE/lib_math.c **** *
  15:../Dave/Generated/UCPROBE/lib_math.c **** *                  Please help us continue to provide the Embedded community with the finest
  16:../Dave/Generated/UCPROBE/lib_math.c **** *                  software available.  Your honesty is greatly appreciated.
  17:../Dave/Generated/UCPROBE/lib_math.c **** *
  18:../Dave/Generated/UCPROBE/lib_math.c **** *                  You can find our product's user manual, API reference, release notes and
  19:../Dave/Generated/UCPROBE/lib_math.c **** *                  more information at: https://doc.micrium.com
  20:../Dave/Generated/UCPROBE/lib_math.c **** *
  21:../Dave/Generated/UCPROBE/lib_math.c **** *                  You can contact us at: http://www.micrium.com
  22:../Dave/Generated/UCPROBE/lib_math.c **** ***************************************************************************************************
  23:../Dave/Generated/UCPROBE/lib_math.c **** */
  24:../Dave/Generated/UCPROBE/lib_math.c **** 
  25:../Dave/Generated/UCPROBE/lib_math.c **** /*
  26:../Dave/Generated/UCPROBE/lib_math.c **** ***************************************************************************************************
  27:../Dave/Generated/UCPROBE/lib_math.c **** *
  28:../Dave/Generated/UCPROBE/lib_math.c **** *                                        MATHEMATIC OPERATIONS
  29:../Dave/Generated/UCPROBE/lib_math.c **** *
  30:../Dave/Generated/UCPROBE/lib_math.c **** * Filename      : lib_math.c
  31:../Dave/Generated/UCPROBE/lib_math.c **** * Version       : V1.38.01
  32:../Dave/Generated/UCPROBE/lib_math.c **** * Programmer(s) : SR
  33:../Dave/Generated/UCPROBE/lib_math.c **** *                 ITJ
  34:../Dave/Generated/UCPROBE/lib_math.c **** ***************************************************************************************************
  35:../Dave/Generated/UCPROBE/lib_math.c **** * Note(s)       : (1) NO compiler-supplied standard library functions are used in library or produc
  36:../Dave/Generated/UCPROBE/lib_math.c **** *
  37:../Dave/Generated/UCPROBE/lib_math.c **** *                     (a) ALL standard library functions are implemented in the custom library modu
  38:../Dave/Generated/UCPROBE/lib_math.c **** *
  39:../Dave/Generated/UCPROBE/lib_math.c **** *                         (1) \<Custom Library Directory>\lib_*.*
  40:../Dave/Generated/UCPROBE/lib_math.c **** *
  41:../Dave/Generated/UCPROBE/lib_math.c **** *                         (2) \<Custom Library Directory>\Ports\<cpu>\<compiler>\lib*_a.*
  42:../Dave/Generated/UCPROBE/lib_math.c **** *
  43:../Dave/Generated/UCPROBE/lib_math.c **** *                               where
  44:../Dave/Generated/UCPROBE/lib_math.c **** *                                       <Custom Library Directory>      directory path for custom l
  45:../Dave/Generated/UCPROBE/lib_math.c **** *                                       <cpu>                           directory name for specific
  46:../Dave/Generated/UCPROBE/lib_math.c **** *                                       <compiler>                      directory name for specific
  47:../Dave/Generated/UCPROBE/lib_math.c **** *
  48:../Dave/Generated/UCPROBE/lib_math.c **** *                     (b) Product-specific library functions are implemented in individual products
  49:../Dave/Generated/UCPROBE/lib_math.c **** *
  50:../Dave/Generated/UCPROBE/lib_math.c **** ***************************************************************************************************
  51:../Dave/Generated/UCPROBE/lib_math.c **** * Notice(s)     : (1) The Institute of Electrical and Electronics Engineers and The Open Group, hav
  52:../Dave/Generated/UCPROBE/lib_math.c **** *                     us permission to reprint portions of their documentation.  Portions of this t
  53:../Dave/Generated/UCPROBE/lib_math.c **** *                     reprinted and reproduced in electronic form from the IEEE Std 1003.1, 2004 Ed
  54:../Dave/Generated/UCPROBE/lib_math.c **** *                     Standard for Information Technology -- Portable Operating System Interface (P
  55:../Dave/Generated/UCPROBE/lib_math.c **** *                     The Open Group Base Specifications Issue 6, Copyright (C) 2001-2004 by the In
  56:../Dave/Generated/UCPROBE/lib_math.c **** *                     of Electrical and Electronics Engineers, Inc and The Open Group.  In the even
  57:../Dave/Generated/UCPROBE/lib_math.c **** *                     discrepancy between these versions and the original IEEE and The Open Group S
  58:../Dave/Generated/UCPROBE/lib_math.c **** *                     the original IEEE and The Open Group Standard is the referee document.  The o
  59:../Dave/Generated/UCPROBE/lib_math.c **** *                     Standard can be obtained online at http://www.opengroup.org/unix/online.html.
  60:../Dave/Generated/UCPROBE/lib_math.c **** ***************************************************************************************************
  61:../Dave/Generated/UCPROBE/lib_math.c **** */
  62:../Dave/Generated/UCPROBE/lib_math.c **** 
  63:../Dave/Generated/UCPROBE/lib_math.c **** 
  64:../Dave/Generated/UCPROBE/lib_math.c **** /*
  65:../Dave/Generated/UCPROBE/lib_math.c **** ***************************************************************************************************
  66:../Dave/Generated/UCPROBE/lib_math.c **** *                                            INCLUDE FILES
  67:../Dave/Generated/UCPROBE/lib_math.c **** ***************************************************************************************************
  68:../Dave/Generated/UCPROBE/lib_math.c **** */
  69:../Dave/Generated/UCPROBE/lib_math.c **** 
  70:../Dave/Generated/UCPROBE/lib_math.c **** #define    MICRIUM_SOURCE
  71:../Dave/Generated/UCPROBE/lib_math.c **** #define    LIB_MATH_MODULE
  72:../Dave/Generated/UCPROBE/lib_math.c **** #include  "lib_math.h"
  73:../Dave/Generated/UCPROBE/lib_math.c **** 
  74:../Dave/Generated/UCPROBE/lib_math.c **** 
  75:../Dave/Generated/UCPROBE/lib_math.c **** /*
  76:../Dave/Generated/UCPROBE/lib_math.c **** ***************************************************************************************************
  77:../Dave/Generated/UCPROBE/lib_math.c **** *                                            LOCAL DEFINES
  78:../Dave/Generated/UCPROBE/lib_math.c **** ***************************************************************************************************
  79:../Dave/Generated/UCPROBE/lib_math.c **** */
  80:../Dave/Generated/UCPROBE/lib_math.c **** 
  81:../Dave/Generated/UCPROBE/lib_math.c **** 
  82:../Dave/Generated/UCPROBE/lib_math.c **** /*
  83:../Dave/Generated/UCPROBE/lib_math.c **** ***************************************************************************************************
  84:../Dave/Generated/UCPROBE/lib_math.c **** *                                           LOCAL CONSTANTS
  85:../Dave/Generated/UCPROBE/lib_math.c **** ***************************************************************************************************
  86:../Dave/Generated/UCPROBE/lib_math.c **** */
  87:../Dave/Generated/UCPROBE/lib_math.c **** 
  88:../Dave/Generated/UCPROBE/lib_math.c **** 
  89:../Dave/Generated/UCPROBE/lib_math.c **** /*
  90:../Dave/Generated/UCPROBE/lib_math.c **** ***************************************************************************************************
  91:../Dave/Generated/UCPROBE/lib_math.c **** *                                          LOCAL DATA TYPES
  92:../Dave/Generated/UCPROBE/lib_math.c **** ***************************************************************************************************
  93:../Dave/Generated/UCPROBE/lib_math.c **** */
  94:../Dave/Generated/UCPROBE/lib_math.c **** 
  95:../Dave/Generated/UCPROBE/lib_math.c **** 
  96:../Dave/Generated/UCPROBE/lib_math.c **** /*
  97:../Dave/Generated/UCPROBE/lib_math.c **** ***************************************************************************************************
  98:../Dave/Generated/UCPROBE/lib_math.c **** *                                            LOCAL TABLES
  99:../Dave/Generated/UCPROBE/lib_math.c **** ***************************************************************************************************
 100:../Dave/Generated/UCPROBE/lib_math.c **** */
 101:../Dave/Generated/UCPROBE/lib_math.c **** 
 102:../Dave/Generated/UCPROBE/lib_math.c **** 
 103:../Dave/Generated/UCPROBE/lib_math.c **** /*
 104:../Dave/Generated/UCPROBE/lib_math.c **** ***************************************************************************************************
 105:../Dave/Generated/UCPROBE/lib_math.c **** *                                       LOCAL GLOBAL VARIABLES
 106:../Dave/Generated/UCPROBE/lib_math.c **** ***************************************************************************************************
 107:../Dave/Generated/UCPROBE/lib_math.c **** */
 108:../Dave/Generated/UCPROBE/lib_math.c **** 
 109:../Dave/Generated/UCPROBE/lib_math.c **** RAND_NBR  Math_RandSeedCur;                                     /* Cur rand nbr seed.              
 110:../Dave/Generated/UCPROBE/lib_math.c **** 
 111:../Dave/Generated/UCPROBE/lib_math.c **** 
 112:../Dave/Generated/UCPROBE/lib_math.c **** /*
 113:../Dave/Generated/UCPROBE/lib_math.c **** ***************************************************************************************************
 114:../Dave/Generated/UCPROBE/lib_math.c **** *                                      LOCAL FUNCTION PROTOTYPES
 115:../Dave/Generated/UCPROBE/lib_math.c **** ***************************************************************************************************
 116:../Dave/Generated/UCPROBE/lib_math.c **** */
 117:../Dave/Generated/UCPROBE/lib_math.c **** 
 118:../Dave/Generated/UCPROBE/lib_math.c **** 
 119:../Dave/Generated/UCPROBE/lib_math.c **** /*
 120:../Dave/Generated/UCPROBE/lib_math.c **** ***************************************************************************************************
 121:../Dave/Generated/UCPROBE/lib_math.c **** *                                     LOCAL CONFIGURATION ERRORS
 122:../Dave/Generated/UCPROBE/lib_math.c **** ***************************************************************************************************
 123:../Dave/Generated/UCPROBE/lib_math.c **** */
 124:../Dave/Generated/UCPROBE/lib_math.c **** 
 125:../Dave/Generated/UCPROBE/lib_math.c **** 
 126:../Dave/Generated/UCPROBE/lib_math.c **** /*
 127:../Dave/Generated/UCPROBE/lib_math.c **** ***************************************************************************************************
 128:../Dave/Generated/UCPROBE/lib_math.c **** *                                             Math_Init()
 129:../Dave/Generated/UCPROBE/lib_math.c **** *
 130:../Dave/Generated/UCPROBE/lib_math.c **** * Description : (1) Initialize Mathematic Module :
 131:../Dave/Generated/UCPROBE/lib_math.c **** *
 132:../Dave/Generated/UCPROBE/lib_math.c **** *                   (a) Initialize random number seed value
 133:../Dave/Generated/UCPROBE/lib_math.c **** *
 134:../Dave/Generated/UCPROBE/lib_math.c **** *
 135:../Dave/Generated/UCPROBE/lib_math.c **** * Argument(s) : none.
 136:../Dave/Generated/UCPROBE/lib_math.c **** *
 137:../Dave/Generated/UCPROBE/lib_math.c **** * Return(s)   : none.
 138:../Dave/Generated/UCPROBE/lib_math.c **** *
 139:../Dave/Generated/UCPROBE/lib_math.c **** * Caller(s)   : Application.
 140:../Dave/Generated/UCPROBE/lib_math.c **** *
 141:../Dave/Generated/UCPROBE/lib_math.c **** * Note(s)     : (2) IEEE Std 1003.1, 2004 Edition, Section 'rand() : DESCRIPTION' states that "if r
 142:../Dave/Generated/UCPROBE/lib_math.c **** *                   is called before any calls to srand() are made, the same sequence shall be gene
 143:../Dave/Generated/UCPROBE/lib_math.c **** *                   as when srand() is first called with a seed value of 1".
 144:../Dave/Generated/UCPROBE/lib_math.c **** ***************************************************************************************************
 145:../Dave/Generated/UCPROBE/lib_math.c **** */
 146:../Dave/Generated/UCPROBE/lib_math.c **** 
 147:../Dave/Generated/UCPROBE/lib_math.c **** void  Math_Init (void)
 148:../Dave/Generated/UCPROBE/lib_math.c **** {
  27              	 .loc 1 148 0
  28              	 .cfi_startproc
  29 0000 80B5     	 push {r7,lr}
  30              	.LCFI0:
  31              	 .cfi_def_cfa_offset 8
  32              	 .cfi_offset 7,-8
  33              	 .cfi_offset 14,-4
  34 0002 00AF     	 add r7,sp,#0
  35              	.LCFI1:
  36              	 .cfi_def_cfa_register 7
 149:../Dave/Generated/UCPROBE/lib_math.c ****     Math_RandSetSeed((RAND_NBR)RAND_SEED_INIT_VAL);             /* See Note #2.                    
  37              	 .loc 1 149 0
  38 0004 0120     	 mov r0,#1
  39 0006 FFF7FEFF 	 bl Math_RandSetSeed
 150:../Dave/Generated/UCPROBE/lib_math.c **** }
  40              	 .loc 1 150 0
  41 000a BD46     	 mov sp,r7
  42              	 
  43 000c 80BD     	 pop {r7,pc}
  44              	 .cfi_endproc
  45              	.LFE0:
  47 000e C046     	 .section .text.Math_RandSetSeed,"ax",%progbits
  48              	 .align 2
  49              	 .global Math_RandSetSeed
  50              	 .code 16
  51              	 .thumb_func
  53              	Math_RandSetSeed:
  54              	.LFB1:
 151:../Dave/Generated/UCPROBE/lib_math.c **** 
 152:../Dave/Generated/UCPROBE/lib_math.c **** 
 153:../Dave/Generated/UCPROBE/lib_math.c **** /*
 154:../Dave/Generated/UCPROBE/lib_math.c **** ***************************************************************************************************
 155:../Dave/Generated/UCPROBE/lib_math.c **** *                                         Math_RandSetSeed()
 156:../Dave/Generated/UCPROBE/lib_math.c **** *
 157:../Dave/Generated/UCPROBE/lib_math.c **** * Description : Set the current pseudo-random number generator seed.
 158:../Dave/Generated/UCPROBE/lib_math.c **** *
 159:../Dave/Generated/UCPROBE/lib_math.c **** * Argument(s) : seed        Initial (or current) value to set for the pseudo-random number sequence
 160:../Dave/Generated/UCPROBE/lib_math.c **** *
 161:../Dave/Generated/UCPROBE/lib_math.c **** * Return(s)   : none.
 162:../Dave/Generated/UCPROBE/lib_math.c **** *
 163:../Dave/Generated/UCPROBE/lib_math.c **** * Caller(s)   : Application.
 164:../Dave/Generated/UCPROBE/lib_math.c **** *
 165:../Dave/Generated/UCPROBE/lib_math.c **** * Note(s)     : (1) IEEE Std 1003.1, 2004 Edition, Section 'rand() : DESCRIPTION' states that "sran
 166:../Dave/Generated/UCPROBE/lib_math.c **** *                   ... uses the argument as a seed for a new sequence of pseudo-random numbers to 
 167:../Dave/Generated/UCPROBE/lib_math.c **** *                   returned by subsequent calls to rand()".
 168:../Dave/Generated/UCPROBE/lib_math.c **** *
 169:../Dave/Generated/UCPROBE/lib_math.c **** *               (2) 'Math_RandSeedCur' MUST always be accessed exclusively in critical sections.
 170:../Dave/Generated/UCPROBE/lib_math.c **** *
 171:../Dave/Generated/UCPROBE/lib_math.c **** *                   See also 'Math_Rand()  Note #1b'.
 172:../Dave/Generated/UCPROBE/lib_math.c **** ***************************************************************************************************
 173:../Dave/Generated/UCPROBE/lib_math.c **** */
 174:../Dave/Generated/UCPROBE/lib_math.c **** 
 175:../Dave/Generated/UCPROBE/lib_math.c **** void  Math_RandSetSeed (RAND_NBR  seed)
 176:../Dave/Generated/UCPROBE/lib_math.c **** {
  55              	 .loc 1 176 0
  56              	 .cfi_startproc
  57 0000 80B5     	 push {r7,lr}
  58              	.LCFI2:
  59              	 .cfi_def_cfa_offset 8
  60              	 .cfi_offset 7,-8
  61              	 .cfi_offset 14,-4
  62 0002 84B0     	 sub sp,sp,#16
  63              	.LCFI3:
  64              	 .cfi_def_cfa_offset 24
  65 0004 00AF     	 add r7,sp,#0
  66              	.LCFI4:
  67              	 .cfi_def_cfa_register 7
  68 0006 7860     	 str r0,[r7,#4]
 177:../Dave/Generated/UCPROBE/lib_math.c ****     CPU_SR_ALLOC();
  69              	 .loc 1 177 0
  70 0008 0023     	 mov r3,#0
  71 000a FB60     	 str r3,[r7,#12]
 178:../Dave/Generated/UCPROBE/lib_math.c **** 
 179:../Dave/Generated/UCPROBE/lib_math.c **** 
 180:../Dave/Generated/UCPROBE/lib_math.c ****     CPU_CRITICAL_ENTER();
  72              	 .loc 1 180 0
  73 000c FFF7FEFF 	 bl CPU_SR_Save
  74 0010 031C     	 mov r3,r0
  75 0012 FB60     	 str r3,[r7,#12]
 181:../Dave/Generated/UCPROBE/lib_math.c ****     Math_RandSeedCur = seed;
  76              	 .loc 1 181 0
  77 0014 044B     	 ldr r3,.L3
  78 0016 7A68     	 ldr r2,[r7,#4]
  79 0018 1A60     	 str r2,[r3]
 182:../Dave/Generated/UCPROBE/lib_math.c ****     CPU_CRITICAL_EXIT();
  80              	 .loc 1 182 0
  81 001a FB68     	 ldr r3,[r7,#12]
  82 001c 181C     	 mov r0,r3
  83 001e FFF7FEFF 	 bl CPU_SR_Restore
 183:../Dave/Generated/UCPROBE/lib_math.c **** }
  84              	 .loc 1 183 0
  85 0022 BD46     	 mov sp,r7
  86 0024 04B0     	 add sp,sp,#16
  87              	 
  88 0026 80BD     	 pop {r7,pc}
  89              	.L4:
  90              	 .align 2
  91              	.L3:
  92 0028 00000000 	 .word Math_RandSeedCur
  93              	 .cfi_endproc
  94              	.LFE1:
  96              	 .section .text.Math_Rand,"ax",%progbits
  97              	 .align 2
  98              	 .global Math_Rand
  99              	 .code 16
 100              	 .thumb_func
 102              	Math_Rand:
 103              	.LFB2:
 184:../Dave/Generated/UCPROBE/lib_math.c **** 
 185:../Dave/Generated/UCPROBE/lib_math.c **** 
 186:../Dave/Generated/UCPROBE/lib_math.c **** /*
 187:../Dave/Generated/UCPROBE/lib_math.c **** ***************************************************************************************************
 188:../Dave/Generated/UCPROBE/lib_math.c **** *                                             Math_Rand()
 189:../Dave/Generated/UCPROBE/lib_math.c **** *
 190:../Dave/Generated/UCPROBE/lib_math.c **** * Description : Calculate the next pseudo-random number.
 191:../Dave/Generated/UCPROBE/lib_math.c **** *
 192:../Dave/Generated/UCPROBE/lib_math.c **** * Argument(s) : none.
 193:../Dave/Generated/UCPROBE/lib_math.c **** *
 194:../Dave/Generated/UCPROBE/lib_math.c **** * Return(s)   : Next pseudo-random number in the sequence after 'Math_RandSeedCur'.
 195:../Dave/Generated/UCPROBE/lib_math.c **** *
 196:../Dave/Generated/UCPROBE/lib_math.c **** * Caller(s)   : Application.
 197:../Dave/Generated/UCPROBE/lib_math.c **** *
 198:../Dave/Generated/UCPROBE/lib_math.c **** * Note(s)     : (1) (a) The pseudo-random number generator is implemented as a Linear Congruential
 199:../Dave/Generated/UCPROBE/lib_math.c **** *                       Generator (LCG).
 200:../Dave/Generated/UCPROBE/lib_math.c **** *
 201:../Dave/Generated/UCPROBE/lib_math.c **** *                   (b) The pseudo-random number generated is in the range [0, RAND_LCG_PARAM_M].
 202:../Dave/Generated/UCPROBE/lib_math.c **** *
 203:../Dave/Generated/UCPROBE/lib_math.c **** *                   See also 'Math_RandSeed()  Note #1'.
 204:../Dave/Generated/UCPROBE/lib_math.c **** *
 205:../Dave/Generated/UCPROBE/lib_math.c **** *               (2) (a) IEEE Std 1003.1, 2004 Edition, Section 'rand() : DESCRIPTION' states that "
 206:../Dave/Generated/UCPROBE/lib_math.c **** *                       ... need not be reentrant ... [and] is not required to be thread-safe".
 207:../Dave/Generated/UCPROBE/lib_math.c **** *
 208:../Dave/Generated/UCPROBE/lib_math.c **** *                   (b) However, in order to implement Math_Rand() as re-entrant; 'Math_RandSeedCur
 209:../Dave/Generated/UCPROBE/lib_math.c **** *                       always be accessed & updated exclusively in critical sections.
 210:../Dave/Generated/UCPROBE/lib_math.c **** *
 211:../Dave/Generated/UCPROBE/lib_math.c **** *                   See also 'Math_RandSeed()  Note #2'.
 212:../Dave/Generated/UCPROBE/lib_math.c **** ***************************************************************************************************
 213:../Dave/Generated/UCPROBE/lib_math.c **** */
 214:../Dave/Generated/UCPROBE/lib_math.c **** 
 215:../Dave/Generated/UCPROBE/lib_math.c **** RAND_NBR  Math_Rand (void)
 216:../Dave/Generated/UCPROBE/lib_math.c **** {
 104              	 .loc 1 216 0
 105              	 .cfi_startproc
 106 0000 80B5     	 push {r7,lr}
 107              	.LCFI5:
 108              	 .cfi_def_cfa_offset 8
 109              	 .cfi_offset 7,-8
 110              	 .cfi_offset 14,-4
 111 0002 84B0     	 sub sp,sp,#16
 112              	.LCFI6:
 113              	 .cfi_def_cfa_offset 24
 114 0004 00AF     	 add r7,sp,#0
 115              	.LCFI7:
 116              	 .cfi_def_cfa_register 7
 217:../Dave/Generated/UCPROBE/lib_math.c ****     RAND_NBR  seed;
 218:../Dave/Generated/UCPROBE/lib_math.c ****     RAND_NBR  rand_nbr;
 219:../Dave/Generated/UCPROBE/lib_math.c ****     CPU_SR_ALLOC();
 117              	 .loc 1 219 0
 118 0006 0023     	 mov r3,#0
 119 0008 FB60     	 str r3,[r7,#12]
 220:../Dave/Generated/UCPROBE/lib_math.c **** 
 221:../Dave/Generated/UCPROBE/lib_math.c **** 
 222:../Dave/Generated/UCPROBE/lib_math.c ****     CPU_CRITICAL_ENTER();
 120              	 .loc 1 222 0
 121 000a FFF7FEFF 	 bl CPU_SR_Save
 122 000e 031C     	 mov r3,r0
 123 0010 FB60     	 str r3,[r7,#12]
 223:../Dave/Generated/UCPROBE/lib_math.c ****     seed             = Math_RandSeedCur;
 124              	 .loc 1 223 0
 125 0012 0A4B     	 ldr r3,.L7
 126 0014 1B68     	 ldr r3,[r3]
 127 0016 BB60     	 str r3,[r7,#8]
 224:../Dave/Generated/UCPROBE/lib_math.c ****     rand_nbr         = Math_RandSeed(seed);
 128              	 .loc 1 224 0
 129 0018 BB68     	 ldr r3,[r7,#8]
 130 001a 181C     	 mov r0,r3
 131 001c FFF7FEFF 	 bl Math_RandSeed
 132 0020 031C     	 mov r3,r0
 133 0022 7B60     	 str r3,[r7,#4]
 225:../Dave/Generated/UCPROBE/lib_math.c ****     Math_RandSeedCur = rand_nbr;
 134              	 .loc 1 225 0
 135 0024 054B     	 ldr r3,.L7
 136 0026 7A68     	 ldr r2,[r7,#4]
 137 0028 1A60     	 str r2,[r3]
 226:../Dave/Generated/UCPROBE/lib_math.c ****     CPU_CRITICAL_EXIT();
 138              	 .loc 1 226 0
 139 002a FB68     	 ldr r3,[r7,#12]
 140 002c 181C     	 mov r0,r3
 141 002e FFF7FEFF 	 bl CPU_SR_Restore
 227:../Dave/Generated/UCPROBE/lib_math.c **** 
 228:../Dave/Generated/UCPROBE/lib_math.c ****     return (rand_nbr);
 142              	 .loc 1 228 0
 143 0032 7B68     	 ldr r3,[r7,#4]
 229:../Dave/Generated/UCPROBE/lib_math.c **** }
 144              	 .loc 1 229 0
 145 0034 181C     	 mov r0,r3
 146 0036 BD46     	 mov sp,r7
 147 0038 04B0     	 add sp,sp,#16
 148              	 
 149 003a 80BD     	 pop {r7,pc}
 150              	.L8:
 151              	 .align 2
 152              	.L7:
 153 003c 00000000 	 .word Math_RandSeedCur
 154              	 .cfi_endproc
 155              	.LFE2:
 157              	 .section .text.Math_RandSeed,"ax",%progbits
 158              	 .align 2
 159              	 .global Math_RandSeed
 160              	 .code 16
 161              	 .thumb_func
 163              	Math_RandSeed:
 164              	.LFB3:
 230:../Dave/Generated/UCPROBE/lib_math.c **** 
 231:../Dave/Generated/UCPROBE/lib_math.c **** 
 232:../Dave/Generated/UCPROBE/lib_math.c **** /*
 233:../Dave/Generated/UCPROBE/lib_math.c **** ***************************************************************************************************
 234:../Dave/Generated/UCPROBE/lib_math.c **** *                                           Math_RandSeed()
 235:../Dave/Generated/UCPROBE/lib_math.c **** *
 236:../Dave/Generated/UCPROBE/lib_math.c **** * Description : Calculate the next pseudo-random number.
 237:../Dave/Generated/UCPROBE/lib_math.c **** *
 238:../Dave/Generated/UCPROBE/lib_math.c **** * Argument(s) : seed        Initial (or current) value for the pseudo-random number sequence.
 239:../Dave/Generated/UCPROBE/lib_math.c **** *
 240:../Dave/Generated/UCPROBE/lib_math.c **** * Return(s)   : Next pseudo-random number in the sequence after 'seed'.
 241:../Dave/Generated/UCPROBE/lib_math.c **** *
 242:../Dave/Generated/UCPROBE/lib_math.c **** * Caller(s)   : Math_Rand(),
 243:../Dave/Generated/UCPROBE/lib_math.c **** *               Application.
 244:../Dave/Generated/UCPROBE/lib_math.c **** *
 245:../Dave/Generated/UCPROBE/lib_math.c **** * Note(s)     : (1) (a) BSD/ANSI-C implements rand() as a Linear Congruential Generator (LCG) :
 246:../Dave/Generated/UCPROBE/lib_math.c **** *
 247:../Dave/Generated/UCPROBE/lib_math.c **** *                       (A) random_number       =  [(a * random_number ) + b]  modulo m
 248:../Dave/Generated/UCPROBE/lib_math.c **** *                                        n + 1                        n
 249:../Dave/Generated/UCPROBE/lib_math.c **** *
 250:../Dave/Generated/UCPROBE/lib_math.c **** *                               where
 251:../Dave/Generated/UCPROBE/lib_math.c **** *                                       (1) (a) random_number           Next     random number to g
 252:../Dave/Generated/UCPROBE/lib_math.c **** *                                                            n+1
 253:../Dave/Generated/UCPROBE/lib_math.c **** *                                           (b) random_number           Previous random number    g
 254:../Dave/Generated/UCPROBE/lib_math.c **** *                                                            n
 255:../Dave/Generated/UCPROBE/lib_math.c **** *
 256:../Dave/Generated/UCPROBE/lib_math.c **** *                                       (2) a = RAND_LCG_PARAM_A        LCG multiplier
 257:../Dave/Generated/UCPROBE/lib_math.c **** *                                       (3) b = RAND_LCG_PARAM_B        LCG incrementor
 258:../Dave/Generated/UCPROBE/lib_math.c **** *                                       (4) m = RAND_LCG_PARAM_M + 1    LCG modulus
 259:../Dave/Generated/UCPROBE/lib_math.c **** *
 260:../Dave/Generated/UCPROBE/lib_math.c **** *                   (b) The pseudo-random number generated is in the range [0, RAND_LCG_PARAM_M].
 261:../Dave/Generated/UCPROBE/lib_math.c **** *
 262:../Dave/Generated/UCPROBE/lib_math.c ****                     See also 'lib_math.h  RANDOM NUMBER DEFINES  Note #1b'.
 263:../Dave/Generated/UCPROBE/lib_math.c **** *
 264:../Dave/Generated/UCPROBE/lib_math.c **** *               (2) (a) IEEE Std 1003.1, 2004 Edition, Section 'rand() : DESCRIPTION' states that "
 265:../Dave/Generated/UCPROBE/lib_math.c **** *                       ... need not be reentrant ... [and] is not required to be thread-safe".
 266:../Dave/Generated/UCPROBE/lib_math.c **** *
 267:../Dave/Generated/UCPROBE/lib_math.c **** *                   (b) However, Math_RandSeed() is re-entrant since it calculates the next random 
 268:../Dave/Generated/UCPROBE/lib_math.c **** *                       using ONLY local variables.
 269:../Dave/Generated/UCPROBE/lib_math.c **** ***************************************************************************************************
 270:../Dave/Generated/UCPROBE/lib_math.c **** */
 271:../Dave/Generated/UCPROBE/lib_math.c **** 
 272:../Dave/Generated/UCPROBE/lib_math.c **** RAND_NBR  Math_RandSeed (RAND_NBR  seed)
 273:../Dave/Generated/UCPROBE/lib_math.c **** {
 165              	 .loc 1 273 0
 166              	 .cfi_startproc
 167 0000 80B5     	 push {r7,lr}
 168              	.LCFI8:
 169              	 .cfi_def_cfa_offset 8
 170              	 .cfi_offset 7,-8
 171              	 .cfi_offset 14,-4
 172 0002 84B0     	 sub sp,sp,#16
 173              	.LCFI9:
 174              	 .cfi_def_cfa_offset 24
 175 0004 00AF     	 add r7,sp,#0
 176              	.LCFI10:
 177              	 .cfi_def_cfa_register 7
 178 0006 7860     	 str r0,[r7,#4]
 274:../Dave/Generated/UCPROBE/lib_math.c ****     RAND_NBR  rand_nbr;
 275:../Dave/Generated/UCPROBE/lib_math.c **** 
 276:../Dave/Generated/UCPROBE/lib_math.c **** 
 277:../Dave/Generated/UCPROBE/lib_math.c ****     rand_nbr = (((RAND_NBR)RAND_LCG_PARAM_A * seed) + (RAND_NBR)RAND_LCG_PARAM_B)  %  ((RAND_NBR)RA
 179              	 .loc 1 277 0
 180 0008 7B68     	 ldr r3,[r7,#4]
 181 000a 064A     	 ldr r2,.L11
 182 000c 5343     	 mul r3,r2
 183 000e 064A     	 ldr r2,.L11+4
 184 0010 9446     	 mov ip,r2
 185 0012 6344     	 add r3,r3,ip
 186 0014 5B00     	 lsl r3,r3,#1
 187 0016 5B08     	 lsr r3,r3,#1
 188 0018 FB60     	 str r3,[r7,#12]
 278:../Dave/Generated/UCPROBE/lib_math.c **** 
 279:../Dave/Generated/UCPROBE/lib_math.c ****     return (rand_nbr);
 189              	 .loc 1 279 0
 190 001a FB68     	 ldr r3,[r7,#12]
 280:../Dave/Generated/UCPROBE/lib_math.c **** }
 191              	 .loc 1 280 0
 192 001c 181C     	 mov r0,r3
 193 001e BD46     	 mov sp,r7
 194 0020 04B0     	 add sp,sp,#16
 195              	 
 196 0022 80BD     	 pop {r7,pc}
 197              	.L12:
 198              	 .align 2
 199              	.L11:
 200 0024 6D4EC641 	 .word 1103515245
 201 0028 39300000 	 .word 12345
 202              	 .cfi_endproc
 203              	.LFE3:
 205              	 .text
 206              	.Letext0:
 207              	 .file 2 "../Dave/Generated/UCPROBE/cpu.h"
 208              	 .file 3 "../Dave/Generated/UCPROBE/lib_math.h"
DEFINED SYMBOLS
                            *ABS*:00000000 lib_math.c
                            *COM*:00000004 Math_RandSeedCur
    {standard input}:19     .text.Math_Init:00000000 $t
    {standard input}:24     .text.Math_Init:00000000 Math_Init
    {standard input}:53     .text.Math_RandSetSeed:00000000 Math_RandSetSeed
    {standard input}:48     .text.Math_RandSetSeed:00000000 $t
    {standard input}:92     .text.Math_RandSetSeed:00000028 $d
    {standard input}:97     .text.Math_Rand:00000000 $t
    {standard input}:102    .text.Math_Rand:00000000 Math_Rand
    {standard input}:163    .text.Math_RandSeed:00000000 Math_RandSeed
    {standard input}:153    .text.Math_Rand:0000003c $d
    {standard input}:158    .text.Math_RandSeed:00000000 $t
    {standard input}:200    .text.Math_RandSeed:00000024 $d
                     .debug_frame:00000010 $d

UNDEFINED SYMBOLS
CPU_SR_Save
CPU_SR_Restore
